<?xml version="1.0" encoding="UTF-8"?>
<robot generator="Robot 6.1 (Python 3.11.4 on win32)" generated="20230811 16:26:38.976" rpa="false" schemaversion="4">
<suite id="s1" name="Test Coins" source="C:\Users\Matias Sanchez\PycharmProjects\project_mobile\features\test_coins.robot">
<test id="s1-t1" name="Go to the 'Pokedex' app and test the radio buttons" line="14">
<kw name="Open_App" library="env" type="SETUP">
<kw name="Open Application" library="AppiumLibrary">
<arg>http://127.0.0.1:4723/wd/hub</arg>
<arg>automationName=UiAutomator2</arg>
<arg>platformName=Android</arg>
<arg>deviceName=sdk_gphone_x86_64</arg>
<arg>app=${EXECDIR}/app/pokedex.apk</arg>
<arg>udid=emulator-5554</arg>
<doc>Opens a new application to given Appium server.
Capabilities of appium server, Android and iOS,
Please check https://github.com/appium/appium/blob/master/docs/en/writing-running-appium/server-args.md
| *Option*            | *Man.* | *Description*     |
| remote_url          | Yes    | Appium server url |
| alias               | no     | alias             |
| strict_ssl          | No     | allows you to send commands to an invalid certificate host like a self-signed one. |</doc>
<status status="PASS" starttime="20230811 16:26:39.356" endtime="20230811 16:26:58.669"/>
</kw>
<kw name="Set Appium Timeout" library="AppiumLibrary">
<var>${orig timeout}</var>
<arg>15 seconds</arg>
<doc>Sets the timeout in seconds used by various keywords.</doc>
<msg timestamp="20230811 16:26:58.671" level="INFO">${orig timeout} = 5 seconds</msg>
<status status="PASS" starttime="20230811 16:26:58.669" endtime="20230811 16:26:58.672"/>
</kw>
<status status="PASS" starttime="20230811 16:26:39.356" endtime="20230811 16:26:58.672"/>
</kw>
<kw name="Given that I access the pokedex app again" library="coins">
<kw name="Wait Until Element Is Visible" library="AppiumLibrary">
<arg>${title_page}</arg>
<doc>Waits until element specified with `locator` is visible.</doc>
<msg timestamp="20230811 16:27:04.121" level="INFO">xpath criteria: //android.widget.TextView[@text='Guess the pokemon']</msg>
<status status="PASS" starttime="20230811 16:26:58.674" endtime="20230811 16:27:04.122"/>
</kw>
<status status="PASS" starttime="20230811 16:26:58.672" endtime="20230811 16:27:04.122"/>
</kw>
<kw name="When step in pokemon challenge" library="coins">
<kw name="Log" library="BuiltIn">
<arg>Passing pikachu</arg>
<doc>Logs the given message with the given level.</doc>
<msg timestamp="20230811 16:27:04.124" level="INFO">Passing pikachu</msg>
<status status="PASS" starttime="20230811 16:27:04.124" endtime="20230811 16:27:04.125"/>
</kw>
<kw name="Click Element" library="AppiumLibrary">
<arg>${pikachu_letter_p}</arg>
<doc>Click element identified by `locator`.</doc>
<msg timestamp="20230811 16:27:04.131" level="INFO">Clicking element '//android.widget.Button[@text='P']'.</msg>
<msg timestamp="20230811 16:27:05.359" level="INFO">xpath criteria: //android.widget.Button[@text='P']</msg>
<status status="PASS" starttime="20230811 16:27:04.125" endtime="20230811 16:27:05.361"/>
</kw>
<kw name="Click Element" library="AppiumLibrary">
<arg>${pikachu_letter_i}</arg>
<doc>Click element identified by `locator`.</doc>
<msg timestamp="20230811 16:27:05.368" level="INFO">Clicking element '//android.widget.Button[@text='I']'.</msg>
<msg timestamp="20230811 16:27:05.546" level="INFO">xpath criteria: //android.widget.Button[@text='I']</msg>
<status status="PASS" starttime="20230811 16:27:05.361" endtime="20230811 16:27:05.546"/>
</kw>
<kw name="Click Element" library="AppiumLibrary">
<arg>${pikachu_letter_k}</arg>
<doc>Click element identified by `locator`.</doc>
<msg timestamp="20230811 16:27:05.550" level="INFO">Clicking element '//android.widget.Button[@text='K']'.</msg>
<msg timestamp="20230811 16:27:06.340" level="INFO">xpath criteria: //android.widget.Button[@text='K']</msg>
<status status="PASS" starttime="20230811 16:27:05.546" endtime="20230811 16:27:06.340"/>
</kw>
<kw name="Click Element" library="AppiumLibrary">
<arg>${pikachu_letter_a}</arg>
<doc>Click element identified by `locator`.</doc>
<msg timestamp="20230811 16:27:06.348" level="INFO">Clicking element '//android.widget.Button[@text='A']'.</msg>
<msg timestamp="20230811 16:27:07.303" level="INFO">xpath criteria: //android.widget.Button[@text='A']</msg>
<status status="PASS" starttime="20230811 16:27:06.340" endtime="20230811 16:27:07.303"/>
</kw>
<kw name="Click Element" library="AppiumLibrary">
<arg>${pikachu_letter_c}</arg>
<doc>Click element identified by `locator`.</doc>
<msg timestamp="20230811 16:27:07.307" level="INFO">Clicking element '//android.widget.Button[@text='C']'.</msg>
<msg timestamp="20230811 16:27:08.137" level="INFO">xpath criteria: //android.widget.Button[@text='C']</msg>
<status status="PASS" starttime="20230811 16:27:07.303" endtime="20230811 16:27:08.137"/>
</kw>
<kw name="Click Element" library="AppiumLibrary">
<arg>${pikachu_letter_h}</arg>
<doc>Click element identified by `locator`.</doc>
<msg timestamp="20230811 16:27:08.141" level="INFO">Clicking element '//android.widget.Button[@text='H']'.</msg>
<msg timestamp="20230811 16:27:09.045" level="INFO">xpath criteria: //android.widget.Button[@text='H']</msg>
<status status="PASS" starttime="20230811 16:27:08.138" endtime="20230811 16:27:09.045"/>
</kw>
<kw name="Click Element" library="AppiumLibrary">
<arg>${pikachu_letter_u}</arg>
<doc>Click element identified by `locator`.</doc>
<msg timestamp="20230811 16:27:09.052" level="INFO">Clicking element '//android.widget.Button[@text='U']'.</msg>
<kw name="Capture Page Screenshot" library="AppiumLibrary">
<doc>Takes a screenshot of the current page and embeds it into the log.</doc>
<msg timestamp="20230811 16:27:11.547" level="INFO" html="true">&lt;/td&gt;&lt;/tr&gt;&lt;tr&gt;&lt;td colspan="3"&gt;&lt;img src="data:image/png;base64, iVBORw0KGgoAAAANSUhEUgAABaAAAAwwCAYAAAAgXrdYAAAAAXNSR0IArs4c6QAAAARzQklUCAgI
CHwIZIgAACAASURBVHic7N15mBz3fd/5T11dfU333IPBRYAAeAgQSVHUQVmHdZuSKUaK40SWbPna
aL3O7vqJJSubVXYdR1pbqyS2Vo+TbLyR4liy91HW1mFdtshI1mlJJCjBBHGRuK+5Z3r6qu469o/q
GQKc7jmAqbnwfj3PPDOs6vrVtwYASXzm29+fISkSAAAAAAAAAACrzFzvAgAAAAAAAAAAWxMBNAAA
AAAAAAAgEQTQAAAAAAAAAIBEEEADAAAAAAAAABJBAA0AAAAAAAAASAQBNAAAAAAAAAAgEQTQAAAA
AAAAAIBEEEADAAAAAAAAABJBAA0AAAAAAAAASAQBNAAAAAAAAAAgEQTQAAAAAAAAAIBEEEADAAAA
AAAAABJBAA0AAAAAAAAASAQBNAAAAAAAAAAgEQTQAAAAAAAAAIBEEEADAAAAAAAAABJBAA0AAAAA
AAAASAQBNAAAAAAAAAAgEQTQAAAAAAAAAIBEEEADAAAAAAAAABJBAA0AAAAAAAAASAQBNAAAAAAA
AAAgEQTQAAAAAAAAAIBEEEADAAAAAAAAABJBAA0AAAAAAAAASAQBNAAAAAAAAAAgEQTQAAAAAAAA
AIBEEEADAAAAAAAAABJBAA0AAAAAAAAASAQBNAAAAAAAAAAgEQTQAAAAAAAAAIBEEEADAAAAAAAA
ABJBAA0AAAAAAAAASAQBNAAAAAAAAAAgEQTQAAAAAAAAAIBEEEADAAAAAAAAABJBAA0AAAAAAAAA
SAQBNAAAAAAAAAAgEQTQAAAAAAAAAIBEEEADAAAAAAAAABJBAA0AAAAAAAAASAQBNAAAAAAAAAAg
EQTQAAAAAAAAAIBEEEADAAAAAAAAABJBAA0AAAAAAAAASAQBNAAAAAAAAAAgEQTQAAAAAAAAAIBE
EEADAAAAAAAAABJBAA0AAAAAAAAASAQBNAAAAAAAAAAgEQTQAAAAAAAAAIBEEEADAAAAAAAAABJB
AA0AAAAAAAAASAQBNAAAAAAAAAAgEQTQAAAAAAAAAIBEEEADAAAAAAAAABJBAA0AAAAAAAAASAQB
NAAAAAAAAAAgEQTQAAAAAAAAAIBEEEADAAAAAAAAABJBAA0AAAAAAAAASAQBNAAAAAAAAAAgEQTQ
AAAAAAAAAIBEEEADAAAAAAAAABJBAA0AAAAAAAAASAQBNAAAAAAAAAAgEQTQAAAAAAAAAIBEEEAD
AAAAAAAAABJBAA0AAAAAAAAASAQBNAAAAAAAAAAgEQTQAAAAAAAAAIBEEEADAAAAAAAAABJBAA0A
AAAAAAAASAQBNAAAAAAAAAAgEQTQAAAAAAAAAIBEEEADAAAAAAAAABJBAA0AAAAAAAAASAQBNAAA
AAAAAAAgEQTQAAAAAAAAAIBEEEADAAAAAAAAABJBAA0AAAAAAAAASAQBNAAAAAAAAAAgEQTQAAAA
AAAAAIBEEEADAAAAAAAAABJBAA0AAAAAAAAASAQBNAAAAAAAAAAgEQTQAAAAAAAAAIBEEEADAAAA
AAAAABJBAA0AAAAAAAAASAQBNAAAAAAAAAAgEQTQAAAAAAAAAIBEEEADAAAAAAAAABJBAA0AAAAA
AAAASAQBNAAAAAAAAAAgEQTQAAAAAAAAAIBEEEADAAAAAAAAABJBAA0AAAAAAAAASAQBNAAAAAAA
AAAgEQTQAAAAAAAAAIBEEEADAAAAAAAAABJBAA0AAAAAAAAASAQBNAAAAAAAAAAgEQTQAAAAAAAA
AIBEEEADAAAAAAAAABJBAA0AAAAAAAAASAQBNAAAAAAAAAAgEQTQAAAAAAAAAIBEEEADAAAAAAAA
ABJBAA0AAAAAAAAASAQBNAAAAAAAAAAgEQTQAAAAAAAAAIBEEEADAAAAAAAAABJBAA0AAAAAAAAA
SAQBNAAAAAAAAAAgEQTQAAAAAAAAAIBEEEADAAAAAAAAABJBAA0AAAAAAAAASAQBNAAAAAAAAAAg
EQTQAAAAAAAAAIBEEEADAAAAAAAAABJBAA0AAAAAAAAASAQBNAAAAAAAAAAgEQTQAAAAAAAAAIBE
EEADAAAAAAAAABJBAA0AAAAAAAAASAQBNAAAAAAAAAAgEQTQAAAAAAAAAIBEEEADAAAAAAAAABJB
AA0AAAAAAAAASAQBNAAAAAAAAAAgEQTQAAAAAAAAAIBEEEADAAAAAAAAABJBAA0AAAAAAAAASAQB
NAAAAAAAAAAgEQTQAAAAAAAAAIBE2P0f+tB61wAAAAAAW9b73/7N9S4BANbcRz/76iVf86lPP7gG
lQBI0rvf9b0lX0MHNAAAAAAAAAAgEQTQAAAAAAAAAIBEEEADAAAAAAAAABJBAA0AAAAAAAAASAQB
NAAAAAAAAAAgEQTQAAAAAAAAAIBEEEADAAAAAAAAABJBAA0AAAAAAAAASAQBNAAAAAAAAAAgEQTQ
AAAAAAAAAIBEEEADAAAAAAAAABJBAA0AAAAAAAAASAQBNAAAAAAAAAAgEQTQAAAAAAAAAIBEEEAD
AAAAAAAAABJBAA0AAAAAAAAASAQBNAAAAAAAAAAgEQTQAAAAAAAAAIBEEEADAAAAAAAAABJBAA0A
AAAAAAAASAQBNAAAAAAAAAAgEQTQAAAAAAAAAIBEEEADAAAAAAAAABJBAA0AAAAAAAAASAQBNAAA
AAAAAAAgEQTQAAAAAAAAAIBEEEADAAAAAAAAABJBAA0AAAAAAAAASAQBNAAAAAAAAAAgEQTQAAAA
AAAAAIBEEEADAAAAAAAAABJBAA0AAAAAAAAASAQBNAAAAAAAAAAgEQTQAAAAAAAAAIBEEEADAAAA
AAAAABJBAA0AAAAAAAAASAQBNAAAAAAAAAAgEQTQAAAAAAAAAIBEEEADAAAAAAAAABJBAA0AAAAA
AAAASAQBNAAAAAAAAAAgEQTQAAAAAAAAAIBEEEADAAAAAAAAABJBAA0AAAAAAAAASAQBNAAAAAAA
AAAgEQTQAAAAAAAAAIBE2OtdAAAAAAAAAADIiGTMfZihZAYyzFCGFchyPVkpT3amLsutyUo1ZaY8
mU4z/rCbMm1fpu1LViDTCuL1zDBezwrie0SSDCkKDSm0FIamotCUAktRYCkMLUW+pcB3FDZSCpop
RY2UgoajoOkqqKfjj0ZKYdNRFJlSZEihoSi0FIWmoshY12/jRkMADQAAAAAAAGBdGUYUB8huXU6u
IidXkZ2d+6jKyVRlpeuyUp6stCfLrbfC54ZM25dh+7KcOIQ2zCAOnM1QkiHDDGSa4fy9IkmKDEWR
EYfPvh0Hz6GpKDAVBraiZkpB01bYTMVBdCOlsJmSX08rqGfke66Cala+l1ZQy8ivZdQsd6lZzSn0
XIWBtV7fyg1n0wbQZjq93iVsKmG9vt4lAAAAAAAAADEjkmmGMpymLKchK12Xk63Iyc/K7ZmSW5hR
qntKbnFGdq4sy/VkWMFzHc1mIMOMJEWSEUlmKEN67rPROidJz2tINiRF893WYdwx3QqkFRmKZMSX
hqYkQ1Fgxp3O0nMBtW+rWcvKL+fVKHepUSrIm+qVN9OtZjmvoJ5R2HTiDuqmrdB3btnO6E0bQLv7
9q13CZtK7ejR9S4BAAAAAAAAtzjDiANj02nKyZXldk/L7RtXpm9cbnFKTr4sO1OTla7Fn1OezFQj
Dp+lVrC8CnVc90V0/bElzHVOp/y4Q9r3XIWeq2YtG3dDV3NqzHbJm+pVfapX3lSvGuUuhY2UosCa
D7pvFZs2gE4ND693CZsKATQAAAAAAADWk2GGMp2G7ExNbveU0gNjyg6MKDM4ouzAqNzitEy33ups
3rjmZ0q3ZlM7+dn5c1FoKvRcNSp51ccHVJvoV210SPWJfnnT3WpW8wqqGQW+c8uE0Js2gAYAAAAA
AACweZhWoFRxRl27z6r3zuPK77ggJz8rw2k+N15jvYu8SYYRyUzXlU41lCpOq3DbGfleWvXJXs1e
uE2zZ29X+cJuhTPdt8xIDgJoAAAAAAAAAIlK900ov/2iCntOK7fjotK943IKpXjTwFUaq7EhGFEc
oluBLCuQnKaMVEOW05CTrSnbP6auXec0e2G3ypd2qVkqbPluaAJoAAAAAAAAAIlJ90yqa+d5Ffef
VGHPaaV7JmXYvgzL3/Qdz8thmKGsdF1uqtHaZHFSTn5Wdqau2fO3qT7Vo7DhKgrN9S41EQTQAAAA
AAAAABLTtfe0CredUddtZ5TuG5fleutd0poyjGi+I9q0fJlOQ6bryclVZNpNGWdvV228X4GXXu9S
E0EADQAAAABIXNEZkmEs7OyKolAzzZF1qAhrLWsVlbKyC477oaeyP7kOFa2tuwqv0X09Py3DkC7X
jutvRv7TepeEFcrtyarngW7l9maV3ubKylgy05bCeiC/7Ksx7at0tKTxb0+qMdFY09q67shr4Cf7
lNuXU6rbkWEbCqqBapfrmjlS0sijYwq9cE1rulb3/pPKDl1Vunfylgufn88wI1mphtI9k7LdusLQ
lF9Pq1nJxV3QW3AUBwE0AAAAACBxv3D7x5WxiguOV/wp/eHJf7QOFWGt/eTQr+pQ95sWHD9d/qH+
v/MfXIeK1s5PDPy8Hux/p0zDkiQ1w1s7gNtMcrfntPudO9T78h7lb89pOfMioiDS7PGyLv3FZV34
r5cV+cnNN972U4Pa84u7VTjUJcPsXFxzuqkrXxnVmf94VvWRtf/917X7rJxs3O2LFiOSla6ruPe0
vOke1caG5FdyCpqp9a5s1W3aADqoVNa7BAAAAAAAgI5SZkYPbf+nurPw6vUuBTdg97t26q4PHJBh
r6wj1bAMFQ52qXDwTu355dt04iOnNPLo2KrW5g6k9ILfvkuDr+1f1uudbke737lD2948oBMffUaX
P391VetZSqprVobTlGEFa3rfDcuIZESGZAWyM1W5xWmlCjPypnoIoDcS7+zZ9S4BAAAAAACgrd7U
Tj2883/RUHr/epeCG+QOuCsOn58vsyOte3//kM7/2SUd/z9Orkpd+X053fd/vVC5vQtH2iwl1ZvS
oQ/frczOjJ79wzOrUs9ymJYvmaGk5LrBNyNDksxQVqohy63LTG3NDvFNG0D7o6PrXQIAAAAAAMAC
e/MP6KHtv6m83bvepWADMCxDt717pwxDOvbhmwuhMzvSuv/f3aPMrsyN12Ma2v/rexX5kU7/32vU
4GkHMs1gWSNMbhnG9WG8sYUD+k0bQEcBLfsAAAAAAGBjeXHv2/WaoV+SbbjrXQo2mN3v2qna5brO
fvL8DV1v2Ibu/TeHbip8vtb+f7JX1fM1Xf1K8hvBmpYvKSJ/XsJW/f4s3IIYAAAAAAAAK2Iatt48
/D/r9dveS/i8xfmzvqoXapo9UVblbFXN6eWPTdj7q7cpPXRjvz8O/MY+Fe8pLPqayI9UOVvV7Imy
GpOL12VYhu76wP4brmdFjGjrpqtY0qbtgAYAAAAAANgI8na/Ht75Ae3K3rPepSABQTXQ9I9mNPHd
SU18f0qlo7MLXlM8VND2R7Zp21uGlOpxOq6V6nF0+3+/R0//yxMrqqFwd5due9fOzjXWQ138zCWd
/eR51Ue8+eODrx/Q/l/fq6678m2vcwdd3fGb+3Tkt55eUT0rFQWWDCNSZIbk0O0YkSIZW3QABwE0
AAAAAADADdueuVs/veMD6k4Nr3cpWGW1CzU98/HTuvCZy2pMNBZ97cxTJc08VdLZ/3xehz50t3pf
1tPxtf2v7FtxLQd+43aZbvtBBv6sryMfeFpj3xhfcG70sTGNf3tC9/7bQxp8bX/b67c9NKTz/+8l
TR+eWXFdy+XXsrKchkynKVmM1X2+KLAUBaYUbs1hFVvzqQAAAAAAABJ2sPh6/YPbPkz4vEVd/PPL
evbfn10yfL5W7VJdh3/tiKYOT3d8TWZHWt33FZe9ZvGegvpe0WFDyyje2LBd+Dwn9EId+c2jKh1b
2LktxaM49vzi7mXXcyPqE/1qVnIKQ1OK6IGWFH8fWh9hYClqphT6W7NXmAAaAAAAAABghV4z+Ct6
y473yTVz610KNpigHujY75xUUA87vqZ4qGvZ6932C7tkWO1D25FHx3T5C1eXV9O/OqnIbz/kYeDV
fcrtzS67ppUaP3KfZi/ull/NKdqqcyZuQBQZCjxXfiWvZrlLgZde75ISQQANAAAAAACwTK6Z0zt2
/bZe1v+zMhaNVUjZbmWzJ8uaerxzF3SqL7Wsday0pYFXtR/ZEQWRnv3DM8uuafpHMxr9evtOaTNl
asfbk+vkn3l2v2bP7FPl4i41SkWFvq0ovIU7oSOjFT6nVbk6rNrokBrl/HwHtGEFsrNVucUpWZma
DLPzDzM2AwJoAAAAAACAZeh39+jn9v4b7e96cNHXTXjndWT6q2tUFTaqmSOdZyo7xc4bFV5r+OEh
2V3txzJMPTGt2ZPlFdV06bNXOp4beE37GdGroTY2qOln92vi2EHNnt+jxkxRgZeJR09cM4riVhC1
Rm74tazqE/2aPnmXZs/vUbOcVxSaMsxQdqaq3LYrKt5+WrnBq7KzFVlOQ4axOX+wtTUHiwAAAAAA
AKyyd+z67SXnPZ8pP64vXvqIXtL399eoKmxUjclmx3Nhh1EYz9dx9rOkq18dXXFNY98YV/V8Tdnd
mQXn8vtzyu3JqnK2uuJ1lxJ4adUn+hUGtgLPVX2qV7ltV5TpH5VTKMm0fBm3Rv6syLfVKBVUHRnW
7MXdmjl1p6pjAwoarmREMl1P2W1XVNz7rLKDo/Jmu1S+uEvVq9tVn+xVUF/4a7fREUADAAAAAAAs
w6Xa0UUC6EiHJ7+gR6/+uzWtCRuXle48eMCf9Ze1Rve9hbbHw0aoK3+59Ozndib/dqptAC1DGnht
vyqfPH9D6y4lbKbUmOzTTD0jb7Jf3mSvunbnlRkckZOtyHIbMlOeTCuQYQWJ1LCmrunoDgNLke/I
b817rl4dVunsXpXO3yZvsk9+PSNFhizbV6qrpMJtZ1XYc0aZwRHlQ1NucVpOpibDDFQb2aagubwR
LhsFATQAAAAAAMAy/HDiL3R34bUyDeu6483Q0zdG/qOenPriOlWGjSjTLuRtqZ5fuss4uyuj9FD7
Tekqp6vyKzcW0k7/eEY7f3Z723OFg8vfHHGlotBUEJoKSwUFnqtmLaPq2JDSvRPK9o8pPTCmdM+k
nNxsPPfYiCQzbI2diJ7rkN6oYyhagXO8yWI84zkKTUWhJb+cU32qV7WxQdXHhlQdHVRtfDCeh92I
w2TT9ZQqTquw+6yKtz+j7PBlObly3BVt+7JcT6btK2imVBvZtn7PeQMIoAEAAAAAaLktd5+2Z+5W
MTUk18zLNGz5kaeqP6UJ74LOlB/XTHNkvctMxEZ/9m2ZO3So+Ebl7T5VgkkdnX5Ml2vH1rSG0fqz
Old5UnvzD8wfK/sT+vKlf62zlcNrWgs2vr4H24/PiIJI04c7z4ee0/OSbqnDWIrSsdkbrmviu5OK
gkiGtXDx/L7cDa+7XFFkKKinVatvU318QJVMVdX+MWWHriozMKpUcVqpwozstCfTrct2PVkpT4bT
lGGGnb4lG0IUmgp8R6HnKmikFNSy8utpeVO9qo4NqnJ5h2pjg2qWigqaz80Bt9y63O5J5XdcVPeB
k8oOX1YqPxtvPmhEShWnZdq+wqYjb7ZAAA0AAAAAwGbS5+7WS/reoX35lytn9yz62kihrtRO6EdT
X9JT019bcu1Hdn5QdxReuXCdKNSfnXu/LlWP3nDd/93+T7YdBzFSO6X/cuZ/XNYaST77arq/9216
7dA/lmU8F9jc0/2Qvjn6Cf1w4s/XtJYnJj8/H0CP1J/RFy5+WFONy2taAza+/f9kr7K72ndAl09V
VL1QW3KNxcLg8jOVG66tPuLJG/OU3rawuzqzo33HdVKiwJJfyatcz6hyZbtMpynb9ZQqzig7eFWZ
wRFlBkaV6RtXqjAjI9WQNuh4jiiSAt9RY6Yob7JP1bFBVa9sV3V0SI1St/xaRlHTVhjY8caL13C7
p9W97xl133lc3ftOymyF7XMMSabTUKZ/TL13Pa2xww9oMyGABgAAAADckmwjpdcM/bLu7XmrbGN5
8zQNmdqeuVvbM3fr3u6H9NdXPq4x70zH1z859QXdWXilnt/GaBiW7u992w0H0AeLr1dPqv1b6I/O
PLbk9Wvx7KtlOHPHgvBZkizD1qsHf1lXaid0sfpU4nXMOV3+ga7WT6nUGNGXL/9rNcKlg0TcWm57
zy7d/t49Hc9f+tyVZa2T3t45DK5dqq+4rmt54422AbSdt5XZmVHt4tr9vo4iQ5FvS76toOEqqGXV
rGXVmO1S5cp22dmq7Gw1nhOdqcnOVOVkqjJdT3a6JivtyXLrMp2mTKcpy2lc3y19kyM7oshQ1Jrh
HDRSChophQ1XvpdSUM+06s3Ir2blV3NqVnLya62vy3k1KzmFDVdhaM6P6TCMSKZbV6pQUm74krp2
n1N+5wVlBkZlut5z/8WYq92IZJihrHRdqe6pm3qe9UAADQAAAAC45XSnhvW2Hf9c2zJ33PAaO7IH
9Q/3fERfvPQRnS0/0fY15ytHdKl6TDuyL1hwbn/+QRWcQZWaoyu+9z09P9X2eMWf0o+nvrzotWv1
7Kvlhd0/tSB8nmMZtg51v3FNA2hJ+uLF39Nk4+Ka3hMb3+Dr+rX73bvU9/LO7yYoPTWr83+6vN87
6QG347nq2aVnSC/GG2t0PJffn1vTAPo6kaEwNBXV0wqbjhqlYjwH2gxlOU1Zbl12tiInW5WVjsNo
O12Xla7LTDVkpRrxZ6ch0/bjLmIzlIy5WdKSYUbxP1/zg8FIkaLQmq8hCg1FkSmjFT6Hvq2g6bSC
Z1dBPa3AS8uvp+VXcmpWc/KrOfnVrMKmozCwpMiMg+vQVBQZceicashK1+XkynKLU8r0j6tr91ll
hq7KLc7IStc6jxgxQ5lOU07m5n7t1wMBNAAAAADgltKT2q6f2f3hjh3EK5G1inp4xz/Tn5//3zrO
I/7x9JfbBtCO6er+3kf0jZE/WtE9hzN3aGf2hW3PHZv5uvyoc7C01s++GvJ2+zm6c7rs/sTu3Qnh
M4bfOqTioYKsvKXszoxyt+fkDiz+boL6iKenPnhMkb+8jly72D62i4JI5dM3PoJDkrwxr+M5t295
74pYbUary3cuNI5CU6FvS60ANzBDGVZORqkoy27GAbPty7B8mXYgwwxkWqFkBa1jvkwrfo1pBTKs
QIYUf27dw5AUSYqCeLPAOHy2FPqWFFoKA0vh3NiM0Ipf59sKfbv1Oluh7yhsOopawXMUmnHHshHF
93fie1uphpyuGaV7JuN514MjSvdNyC1Oy8rU4s7ta8ZuLPj+SDItX6bb+dduoyKABgAAAADcMkzD
1lt3/NaSAWw9KKsaTKsZ1pUysyo4Ax27cDNWQQ9t/6f6kzP/U9txDE9Nf00P9v9c23u+oPhafXv0
jxcNjZ/v/t5Hruvcm+NHnp6Y/HzH69bj2VdDNZi+qfNAEobeOKihNw0s+/WVM1Ud+a2jmj1ZXvY1
dr59bBd64bJD7E6CSuc5yk5P+z/vSTNTDdmtERum05Rfy8ivZRR6rkLfiTuJQ1NqOgrUfr72vFaY
bVpBK4D2ZZiBZEiGFcZfz4W9kRGH3HMfkakoaIXfgf1cqLxMhhHJtJvxiJBcRbYbdzw7XbNye6aU
6ZlQemBU6b4JObnyfGf2kqNCjEiyQll2c9m1bBSbNoA2Uuvz05jNKmos/39mAAAAAGCret3Qe7U9
c3fbc0Hk69Tsd/XjqS/rXOXJ685lrIIOdr9BD/S+XQVncMG1fe5uPTjwc/qbkf/Udu2npr+mVw2+
Z8HxvN2ne3oe0uFFguNrZa2i9nc92Pbc6dkfaqZ5teO16/XsN+vpmf+mQ8U3yTSsBeciRTo6898S
uS+wGqIg0pUvj+j4755Sc3plwaHltg89w0bnLtnlWmwNK738sHU12emqMkNXlRscUaqrpPp0j7yp
XnkzRQW1rIKm0+pQbgXRoRXPZ46M+Hjrs6T4nwNLQWjKaDoKrg13jWjBj/Ci1jXXHzTaHjeMaL7D
OQ6yWyM9rFCGEcpKNWSla0oVSsr0jcvtmVRmYFRu95ScrllZqUbcoW0FK5tPPReqpwig10xqeOFO
v+jMO3duvUsAAAAAgHU1nLlL9/W8te25ij+lr175fT07+/2252tBSY9P/IWenn5Mj+z6F9rVZgTG
fd1v0Q/G/6tqQWnBucOTn9dL+t6htNW14Nw93W9edgD9ot63yTVzbc5EenLqLztet57PfrPOV47o
O2N/op8Y+PnrQuhIkb439qeJz6AGbkaz5Msb9WQ6HSf7dmRY7a9ZjQA6qHdew3TWJ4A27FBOrqzs
8GUVbjsjv55WUM/I91pzliu5eMO/1mZ/QT2tZjWroJFW4KUUNlPzM5cXNRdWX3fzNkHwXFB9zTnD
DGU4TdkpT2a6LqfVsW1lanKyFdm5ipxcOZ5TnanFmyama7IztfmNEhcbs7Ho90eSaQYKN2GauwlL
jqV27FjvEjYVAmgAAAAAt7qX9v1M2y7aZljXFy/9ns5VfrTkGtVgRp+78Dt6994/UE/q+r+XulZe
9/W8Vd8b/7MF13lhRcdL32wbAg+m92lf18s6BsDXekHxdW2PX6mdWLT+9Xz21fC98T/T5dpxHep+
o/J2ryr+lI7OPKYz5ccTuR+wWlI9jvb+ym3a/vA2Hf+9U7r61eVvOtopgI6Cmxu/IUlRc5FZw/bK
w/LVYlih7ExN6YHR+dnPUWDHm/1Vs/Mb/jUreQW1jJq1rIJaRoGXjjcJbDqKWvOZ405pI94MMDQk
Pa9b+tr7XtPVLCOSotZmhWYg0wzjr1tzpS2nKTPlxeNCstXWpogV2dlqPGojV5adqcXzqY0onjU9
t/5NfG8iKQ7X/YX/Lt/oNm0AbWaWmPUCAAAAAEBLb2qn9ne9vO25J6e+uKwAdk4tKOnbY3+i7Nye
hwAAIABJREFUh3f8swXn9nW9rGMI+/jEX+iF3W9qO0/5RT0PLxlAv6D4uo7zm/9u+q87XrcRnn01
nKs8uWA8CLBZuIOuXvi7L5Bhm7ryxc6jcq7VKWjuFEyvhJnq3CV8s/Olb1QUxLOXpSgeT9HqFI6c
pqyUJyc/KwWWosBSOBcw+5aiyIyPR6bCpiPfSyn00vIbqfkZzqFvx8F00Brb8bwuaWMufLb9uMvZ
iOJNDJ1GPJva9WSmvNb4jLi2+RnTc1/bvmQG85scPr97+ua+OXHNgeeqWS6szppraNMG0DLW76cx
AAAAAIDN5Y7CK9sGv15Y0ffG/nTF6x2b+bpeNfAedaeuHw+5LX1AGavQdhTFZOOiTpcf14E2M5z3
5F6kfnePxr2zHe95T/dDbY/PNsd0ZPqvOl63EZ4d2Gq8cU+1S3UZlpTqSy1rbIXpmnrBv7hDpadn
VTldWfL1YYcgeLHweLnMReY8r8aIjxsRRaYi3443/5Pmw1tDkqxAlhVITuf5x3PBcug7iprxOlEr
mFZoPreZYGS25jtfM1pDRjzHea7b2Qjng2TTacpympIVyLSacSS5WsHyCkRNR/XJfpXO7Vnze9+s
zRtAAwAAAACwTNszd7U9frb8hLxw6SConcu14wtCWNOwtSd3v46VvtH2msOTn9OBrpdLz3sjtmnY
enHv39NfXfmDttdtSx/Qrtyhtueenvm6wsjvWOdGeXZgKzn2oZM69qGTkuJgufu+orb91KCG3jCg
VF+q43V2l607379fh3/tx0veI/QCSQt/eLQqAfQiayw2HzpJkW8pbDpScGMjJgxJMkNZTkOR3ZQV
GXH4HK8ej/RYYgiGoei5cPmaGdDx3OZo7fthWxshhl5atYk+lc7t0fSJ9pvJbmTrM1UcAAAAAIA1
NJQ+0Pb4xerRG15zpnml7fGBdOfutHOVH+ly7Xjbc3cWXqW0lW977v7eR2S0+St8M6zriSU2MNwo
zw5sVaEXavL7U3r6X57Qd/7eD3TlyyOLvr7/lb0qHFq4Ienz+eWg7XHTNW96TrOd7dyT2phq3NTa
NyoMbAVNV8HcZoKtec3L1hqjMTcaI57X3Gh9NGW5nmy3vuiH5cZjNqxUfI3pNGXOjeUwW+H0WnQ/
t+ZUh4EVh89jgyqdvV2zZ/apfHln8vdfZXRAAwAAAAC2vJzd0/b4nYVXaW/+gVVds+hsW/S6H099
RdszCzvY0lZe9/c+ou+Offq64xmroAOFV7Rd65ny36rsj99Qnevx7MBW15ho6Mj7jqo51dTud7UP
Cg3L0I5HhlV6anbRtZql9uMmDMtQfn9Os8fLN1ynO9C5S7sxvj4BdOTb8qsZNSt5+bWsrHQtnrd8
iwp9W341p9r4gGbP3q7S2b2qXN6hxkxxvUtbMQJoAAAAAMCWVnAGZRrt39K9M9t+rMXNyNiLhwN/
N/1XerD/nQtGWEjSweIbFgTQL+p9WK6Za7NSpMOTX1j0Xhvt2YFbxbEPn1TXXXn1vLi77fnel7X/
Ic61vBGv47ncnuxNBtBux3Ozp25sNM/NigPXvLypXtXGB5QdGJGRqa3uZn4bWWvchiJDYWCrOdul
6tVhTR59oWbO3i5vplthPb3eVd6QTRtAR431+WkMAAAAAGBzydt9a3o/12w/RuNaT818Ta8c+IUF
x3tS23Ww+AYdnXl0/tjB4uvbrnGxelSXlhijsRGfHbhVnPrYab30v9zf9lx2d0amayr0Os9brl2u
dzyX2ZG5qdpSHTqg/Vlf9Sud77vaDDOMw+XQVBQZ8mtpzV7YJcutq+/g3ykzdFVOtnJLdEKHgSW/
lpU31avqyDZVr25TbWxQ1fFBNWa6FTZS8ViSTWjTBtDexYvrXQIAAAAAYBNwzLXtGLOMpf+qfXjy
83qg9x1tZz7f2/PQfAB9d+En1ZPa0XaNI9NfXfI+G/HZgVvF1OPTqp6vKbt7YVhspkwVDnZp+vBM
x+vLz3TuRM4faPeuiOVJD6c7juCoXUo2fDaMKJ7NnKnKyZdlpRoKfVv1yT4FtYzCZkr1yT7NnI5k
Og01q1llB0eV6pqRma7Hs5i3Qjd0ZCgMTUWNlHzPVVDPqlnOq1EqqDo6pMqVHapP9KtRKijw0s/N
xN6kNu1/GRoE0AAAAACAZWiEtY7nnpj8nMJodTvrKv7Ukq+pB2WdKH1T9/a8ZcG5ndmD2pk9pIvV
p3RPz0Ntr59pXtVT019b8j4b8dmBW0nlTLVtAC1JqZ7Oc5ilOMBWJKlN7th1542/26D/J3plmO3D
zMVC75tlmKFM11Oqq6Tc0FXld56XnSurWSpq8vhBVUeHFDZSChuuamODChop1ccHlN91Xl27zsvt
G5ft1mXMbwoYSIY27oiOVmA8N1YjanV5R6ElBab8WkaNckH1iT7VxwZVmxiQN9OtxkxRfi2j0Esr
9O1NHTzP2bQBNCM4AAAAAADLMd24rE4pzvnKj3Vq9rtrXpMkPT75WR3qflObrmFD9/c+omZY167s
C9tee3T6sWXdY6M+O3CraE6330hQkqyMuei1tUt11S7Xldmx8J0Muduzcgq2miV/xTUV7yl0PDdz
tLTi9ZbLyZWVGRhVfvc55XdcUHZwRFamFgeuDVdRaKg2PqignlbguaqPDSr0XDVmC6qPDyg9MCK3
e1qp4rRShZKcbFVmypPMsF1GvyFEkRQGjkIvpWYtK7+ak1+JPxqlorxSQY1St+pTPWqWivKrOQVN
Z73LXnWbNoAGAAAAAGA5akFJtaCkjLVwg7wd2YPrFsJOeOd1pvxD7e96cMG5/V0vkyG13UCwEVZ1
ePLzy7rHRn124FZhpjuHzEF16XcgTP94pm0AbTqmhh/epvOfXvmEgL6Xt98AMQojjT42vuL1lsPO
VpUZuqri7c+qe98pZYauykw1ZJiBLKep7n2npCD+9119sl9BPa0oMtQsd8lvuKpP9Ct1aafSvZNK
948q0z8mt3tadrYi0/VkOc24w9qKu6Nl+zKMSIYZyDC0uh3S12wWeF1Xc2jGozICU2FoxV/7joJG
Kh6vMVuIO5yne+TNFNWY6ZZfzSjwU4p8O/4IF/+hxGZFAA0AAAAA2PImvYvakV0Ywu7Lv1TfGPmj
dagodnjyC9rf9XI9v0PZNlzdWXh122tOzX5X1aDz3Njn26jPDtwKOs1alhbfZHDOxHcnNfyWobbn
tj00uOIAeugNA8rsbD8SpHyqotrFzmN7bkbXrnMq7Dmtwr5nlNt2WVa2Ov9vPSNbUX7HBRlmKCtd
0+z5PSpf2hmPoAgshfW0gnpafi2rRqmo6uiQ7FxFdromJ1eWk5+Vk6vIyVVkZ6qyshXZrifLrcty
PZlWIM1tdjgfRK+kZ7p1zdxIjcicD5sDL6Ww6cr3XIWeK79VZ1DLtDqes/LraQW1jAIvHX/tpVtd
3vHzKTLiurbAqI1OCKABAAAAAFve5dpx7cgeXHC8z92tfV0v07Oz31+HqqSzlcO6Ujup4cydy3p9
pFBPLLP7ec5GfXZgq7Nzlgp3dbU9F9SCZc1bvvKlEd35vv1yuheOZei+t6jCwS6Vjs4uu6btbx/u
eG7068l0P0tS94ETyu+4oNy2K7Jz1z+3aftKFWdk2IEs15Odrcp0mvKmetWY7YrD21YncdBIyZvp
ji80IlluXal8OR7JkY/Hctj5spxMVVamJitdl+U0ZFqBjFYQbRiRZITx/GgjXNAhHUWSorizWdd+
HZqKQjMOxX1bYdNR2EzF4biXfi50ruTkV3NqVnJqVvIKPFdRsPDdLHPPYFiBDCN67h5bMIgmgAYA
AAAAbHknSt/SS/reoXZdb68aeM+6hrBHpr+y7AD6fOWIrtZOrmj9jfzswEbVfV9R0z9a/jsN2tnz
i7tlZdsHj+VTFUX+0mMhQi/U2DcntP1t2xacMyxD+399rw7/D0eWVU/vS3s08Oq+jve5/Nkry1rn
RnTfcVxOriwz1XlPNztTUW7neWUGRlXYc1ozzx7QzJl9qlzcqahciLuFrxUZCr206g1X3kz3NcFy
JMOM4nDZCmTavkynKTtdk5lqyHSaMu1mHDxbfhxOm+H8smFgSYE9P14jbNoKmqn5cRqB5yr0HUWB
GY/hiEwpkiLFAfJciLycQNkwIlmuJ8MMFAVWvC4zoAEAAAAA2Hwu147pSu2UhjN3LDg3mN6nN2z7
dT169Q9v6h5FZ5tePfRLOj7zDZ2a/d6yr/vx1Ff08v53qui0f5v9tY5MfWXFdW3kZwc2qj2/uFuZ
XWmd+v1nNf7tyRVfXzxU0O6f39Xx/MT3lr/muT+5oOG3DsmwFgaZA6/p186f3a6Ln7m86Bp2l627
/9c72q4hxd3P1QvJjN+QpHTvpAzLl2l13pTRMCNZhi/Tqihr+zJtX9nBEdXv6FV9qlfeZK+86R41
ZopqlAvzAfHcLOb2i0bxLGgrkGH7Ms2g1XEcSobRmhEdPa8Dei44NqUoUhRa853PCmyFgTV/3+Uy
zFCm05CdqcvOluV0zSpVKCnVVVKqMCNvsk/li7tUGxtUgwAaAAAAAIDN6fDk5/XWHe9ve+7+3ocV
KdBjV//DitfN2T16ce/b9aLen5Zr5nSq9J0Vr3F0+lG9YuBdi75msnFRx0rfWPHa0sZ+9uXanbtH
B4tvVN7uVcWf0tGZx3Su8mRi9wMKd3fp/n9/rya+N6mLn7mskUfHlnVd78t69MLfvVtOoX3sFtQD
Xfzz5Xcbl47OauxvJjT4uv6FJw3prt86IL/k6+pXR9teb3fZuu/3Dyl/INf2fNgIdfYT55ddz42w
3LqkKO46XoJhRDJTntIDo3KL08oOX1Zjplv1yV55U60weqr3uW7kZir+8FsdxL4dbwA4F063PozA
UijFofR1N2zTiX5NuBxd+89znc3Pu940Qxm2H4fcc13VTjP+2mnGo0UyNdm5slK5spxCSW73tFJd
M3LyZZXO7VGj3CVvuv0GkZsdATQAAAAAYN0Yhqk+d/eqrzvTuCo/uv6t3kdnHtWLen9a2zN3t6tE
L+59u7ZnDuoHE5/RidK3lrzH7ty9emH3m3Wg60GlzOxN1fvE5Of04t5H5Fr5jq85Ov3oDa+/kZ99
OV7e/w/1yoH3yDSeewv+we7X6ztjn9J3xz6d+P1x6zIsQ/2v7FP/K/tUOV3V5ONTmvrBtMa+NSF/
1r/utf2v7NX2tw1r6I0DMt0OHbmSrvzlyIo3+zv1sWfV94oeWemFIz2srKV7/s+D6ntFr8798QWV
n41nLJuuqeG3DGnvr96m3N7Of06vfGlEM0+VVlTPSl074mLxF8ZhsGFEsoxIsn1Z6bqcbFWp7ikF
9UvxRn/VnPxKXs3ZLjUqeTVmC/IruXijv1qmNSbDvn5ERmTEk4jmZjtfG0O3CZXnv1QUv9SI2nwd
ybQCmamGrHRNdroeb4TYmmXtZCvxhonZipxMPALESjVkpjxZqYaslCfTacrJVmVaftyNvQURQAMA
AAAA1k3WKupX9v3Rqq/7qTO/ocu1YwuOP3b1P+gf3fYROWa67XXDmTv0yM4ParpxRSP1Uxr3zqse
zKoZesrYXcpa3ep1d2lb+oBy9up1qtWCkk7Mfkv3dD/U9nw9KOvJqb+8qXts1Gdfys7soQXhsyQZ
MvUTA+/WperTdEJjTeRuzyp3e1a7fnaHFEl+2Vez5MuwJKfgdJz3fK361bpOfezZFd+7fKqic398
Qbe/d0/b84ZtaOfPbNfOv79d3pin0AuV6kstWVP9al0n/+3K61kTc2G0FciyarLStVagLIWBo6Ca
UbOSV7OSV2O2S34tq6Ceke+5CutpBY14bnPo23F3dGjFmwG2RmpEoSHJaIXTZjzTWZJhha0RHZIU
j+8wzTDewNAK4q5mO5ifH23avkzXk+3WZWVq8ee0JztTlZ2txEF0uibT9ToH8Vtw48FrEUADAAAA
AG4ZV2rH9c3R/6zXb3uv2m3KN6c7Nazu1LCWtzXg6nh84nM6WHyjLGPhX9VPlL6lelC+qfU38rMv
5mDxDQvC5zmGTB0svp4AGmvPiEdb2F3Lj9aCeqij//sJNSY7z0FezKmPnVbPA93qeXH3onW5g+6y
1guboY59+JQaE503Blw11wasN9nlaxiSaTdl5gPZ2arSfeNSK0COotYGgIGpsOHKr8fd0EEjNR9I
B41U3B09t2GgpMi3FQZ2a5xGIMOemxMdxZsWWkH8OeXJdj0ZKU+W48tyGvPBsmEGkhF3exuKJDOU
zKg1Zzpc1viRrYoAGgAAAABwS3li8rPqcvr00r5/kMj6NxqtjHtndbb8hPZ1vey642EU6PDk52++
MG3cZ19Mzl4kbJPWtBsbuFFBPdTTv3NC49+auKl1jrzvqB74xIsWHamxLJF06g9Oa/Sx5c21vllR
aEqrEcLOdUVLkhVvKLjwZkYcKgeWUq150HH3s9maDW1KgXXNbGfjuW7oeAEZZiS1RmzIDFsBczgf
TptWED9PqwbjmtqW7Xldz62hHlsSATQAAAAA4JbzjZH/R42wplf0v6tjd+1K1YKSnpj8nE7NfveG
1zg89YUFAfS5ypMa887cbHnzNuqzd1L2J2/qPHBjVi8KrF+t66l/fkwTfzt182uNeDr8az/Wiz5+
T8dNBZcSBZFOfey0zn4y2Y0HrxV4brxBn702c44NxaM7IiuQIsnSc5sISm1+dReZAT233nPHo/mD
q9XUHIWm5NuKgq0Z1W7NpwIAAAAAYAnfHfu0RurP6LVD/1i9qZ03vE4tmNHJ0nf0nbFPq+yP31RN
Z8qP60rtpIYzd8wf+9HUl25qzXY24rN38tT01/TC7je3HU0SRoGOznwtkfvi1nb8d0+pdqmu4Ye3
ye1P3dAaYTPU6GPjOvHRZ1S/Ul+12qrna/rBew7r7g/eoeGHhlaUgtZHPJ34vVO6+lejq1bPsu47
MSA7PysnPxtvLphkCH3dBoKan+V83UuSu/uKRIrD56CeUaOaVeDd2O+1jY4AGgAAAABwy3p29vs6
U35CL+p5WC8ovk7bMgdkLCOaqAezGqk/oxOlb+nozKNqht6q1fR301+dD6DHvbOJdBVLG/PZ27lc
O6Zvjn5Crx785etC6DAK9O2xP9b5ypFE749bU33E04mPPqNnPn5Gw28b0uBP9qvngW7Z+aWjNG/U
0+QPpnXmE+c0e/zmZrd30pxu6sj7jurKF0e055d2q+f+ogyr859fb9TTlS+N6PQfnVNz+sZmUN+M
qZN3Kr/zQjwz2fY3TAC83kLfljfZp9rYgJqzBYXNrRlAG/0f+tBWHS8CAAAAAOvu/W//5nqXgBUo
Ott0e/4B9bq7lLN7ZRsphVGgRliRF1ZUao7pYvWortSOJ1rHIzs/KMdM63jpm3pq+q8TvdecjfLs
nWzP3K1D3W9U3u5VxZ/W0ZlHdbH61LrUgqV99LOvXvI1n/r0g2tQyeoxbEM9L+5W971FZbanZRds
Wa4pv+KrOePLG29o4nuTmjlSWvPasrsyGnhNn/IH8nK6HZm2Ib8aqH65rukfzWj068m8Q2G5ivtP
qrjntLoPnFR222XZmVo8W3kNxnFsOJGhKDIUeGl5Uz2aObNP0yfu1uz529Qody0cB7LBvftd31vy
NXRAAwAAAADQMtO8qienvrjeZejzFz+05vfcKM/eyeXaMV2uHVvvMnALi/xIk9+f0uT3b36W82qr
Xqjp3KcurncZHVWvDs9/HYWGMkMjslOejFQj3uBv7uRWDqRbwXMY2Aq9lGoTAypf3KWZU3eqcnVY
fj2z6cLn5SKABgAAAAAAAJCYZrlLlUuWAs9V4KXVVe5Sun9cbveU7GxFsoItP5YjCk0FnqtGuUv1
8QGVL+xW6fwelS/ukl/NxRsRblGbN4A2t+4vSiLCcL0rAAAAAAAAwC3Kr2dUvbJD3mSfSuf2qvvA
CXXvP6ns8GVZbl2GFcgwQsnQ5h/N0epkjlpfR6Gp0HNVn+pT+eIuTZ+8S7MXd6lZKij0HUVbtPN5
zqYNoJ2+vvUuYVNpjo2tdwkAAAAAAAC4VUWGwsBSVM+oNj6gKLBUGxuU2zuhTN+4Mv1jSvVMyu2a
lZWurXe1NyWKpNB35Neyasx0qz7er9rYoGoT/fKmeuVN96hZ7rolwmdpEwfQqT171ruETYUAGgAA
AAAAAOsqMhQFloJ6WrXRIXkzRdlXh5XunVB2YFRu37jc4rSc/Kws15OZashqfRi2L9Py4+7ojdAh
HRmKJEWBpci348DZcxV6rnzPVVDNqTFbkDfdrdrokGqTfWqU/n/27jtOy+rOG/93+gADzNB7ERCx
IKiA2AuW2GPUmGjik037adxsnt1stj7Ppu1mN7vZ5Ek2bVM2GtfEbOxGU1QSY0NFbERBRJTeYZg+
c9/z+wMxqDPMdc/c1zTe79fLlzj3uc45Dt/7hvlc5zqnMjL1A6I1UxTZbGG/3fP57fpsAF00ZEhP
TwEAAAAAyFFrtjAy2cLIthRHpmFANNdWRP3W0VFU2hDFg+qitGJPlFbujLLKnVE6pDpKB++O0oqa
KCxrjMLiljcOLmyNKMzuDaMLYu9/F7S+LaDe+1pEvHWP6X2v779Vxlt+UfBmwBzZwmiNgr0v7guN
3zhQsDVbFC0N5dFSNzCaawZH4+7KaNg5LJp2D42m6qHRUlsRmabSyDSUR6apLLLNJf16r+f29NkA
uqDg4LhDAAAAAAD9UWtrwRurh4ujpXZQFBS0RkFxSxSVNURJxZ4oqaiJ0kG1UTygLooG1UZxWUMU
lTVGcXnDG6ujG6OwtDGKSpujsLh57yrp4pYoKMpEYWEmCooyew84LPhjWP32RLG1NaK1tTBas4XR
mi3aGzhnCiObKY7WlqJozRRHprlkb3j85irn8jcOVCyLlvoBe0Po+kHRVFMRzXuGRHNtRWTqBkam
uaRHvq+9TZ8NoAEAAACA/mNfIN2aHRjZxvJo3F31ZpBcUNgahcXNUVjaGMUD66NoXxhd2hiF5Q1R
VNwchSXNUVDcHIXFmSgsykRBcUsUFGYiCrNRWJT54wrp/caL1sK9/84UvrE1RtHef7cUR2tLcWRa
SiLbWBrZlpL9QueBkWksj5bGsmhtKn3jmr3Xt2aK9/77IFzp3B4BNAAAAADQO+zbJzpTFNFcEpme
ng9dJooHAAAAACAVAmgAAAAAAFIhgAYAAAAAIBV9dg/o5s2be3oKAAAAAAAcQJ8NoBtWrerpKQAA
AAAAcAB9NoDO1tf39BQAAAAAADgAe0ADAAAAAJAKATQAAAAAAKkQQAMAAAAAkAoBNAAAAAAAqRBA
AwAAAACQCgE0AAAAAACpEEADAAAAAJAKATQAAAAAAKkQQAMAAAAAkAoBNAAAAAAAqRBAAwAAAACQ
CgE0AAAAAACpEEADAAAAAJAKATQAAAAA3a61pycAdEnS97AAGgAAIEXZjIgFOLhkMwnbtSZsCPRK
Sd/DAmgAAIAUZVsE0MDBJduSTdQuI4CGPi3pe1gADQAAkKJMswAaOLi0NCcLoFuiJeWZAGlK+h4W
QAMAAKSopckKP+DgkvTGW3O2OeWZAGlK+h4WQAMAAKSopanVQVvAwaM1orkx2Y23pmhMeTJAmpK+
hwXQAAAAKWpuyERzvVXQwMGhqSETLQ3JtuBoyjZFQ7Y+5RkBaWjI1kdTtilRWwE0AABAyprqBNDA
waGpNrfPu4bWhpRmAqQpl/euABoAACBljXWZaEq4IhCgr2puyERjjk981GXqozFrKw7oSxqzjVGX
Sf70ggAaAAAgZa2Z1miscdgW0L811mSiNZPbrvetkY26bG1KMwLSUJetjdZIfmNdAA0AAJCi1iiI
iL3BTEN1Sw/PBiAd9dUt0VCz9zNu3+deR1rfaFaXrYuaTE1aUwPyqCZTE3XZuoj443u4IwJoAACA
FDW1FL356/o9zTnvjwrQ2zXVZaKx5o832Pb/3DuQhpI/rqCszdY4kBB6uYZsfdRm/3izaP/38IEI
oAEAAFJU11z+5q8zza1RV91iP2ig32huyETd7uZoafrj59r+n3sHsnvQH0PrltaWqMnU2A8aeqnG
bGPUZGqipfWP79v938MHIoAGAABI0c6GwW/575bGTNTttBIa6Pua6vZ+nrU0vvWm2ts/99qzueqt
4VVja2PsyVRbCQ29TEO2PvZkqqOx9a03iN7+Hm6PABoAACBFW2or3/G1lsZM1O5qsic00GfVV7dE
7c6maG585xMdbX3uteW1ke9c7dzY2hi7M7vtCQ29RE2mJnZndr8jfI5o+z3cluJ8TwoAAIA/2lA9
vM2vZ5pbo2ZHUzQ3ZaKsoiRKy60PAnq/5obM3kNVazMRra1ttmnvc+/tVo5raPPrLa0tsTuzK5pb
m2Jg4aAoKyzr9HyBzmnMNkZdtvbNAwfb0t57+O0E0AAAACna3VgRW2qrYtSgnW2+3liTiab6bJQN
LIrSgUVRMqAoEh4qD9Btmuozew8brMtEa6bt4DkiYkttVexurEjU59bKllgzujGmbG47YK7L1kV9
tiEGFg2I8oLyKC8c0Km5A8k1ZOujobUh6jL10Rrtn1mxZnRjbK1M9iSXABoAACBlK7aNbzeAjoho
zbRGw56WaNjTEiXlRVFcWhDFpUVRVFIQhcUFUVgkkga6SWtrZLMFkW3JRktzNjJN2WhuykZLwsNT
V2wbn9NwT8yoaTeAjohojWzUZmqjNmqjtLA0SqMsSgpLojiKo6igKAoL3LSDzmiNiGxrJjKtmWiJ
lmjONkdTNEZTtinR9U/MSL5NjgAaAAAgZat2TIgjR62JqgEd/7DW3JCJ5oaICPtDA92voKDdnTU6
tLO+IlbtmJDTNUtn1MUpywfHmJ2lHbZtyjZFUzTFARZlAt1gU1VTLJ3R/tYcb2eTMQAAgG6wbNOM
np4CQIc6Gz5HdP5z7jdz93R+UKDb5fqeFUADAAB0g9d2jY4V2yb29DQAUrFi28R4bdfBNiKXAAAg
AElEQVToTl37wuS6WDIz+eP8QM9ZMrMmXpicfPVzhAAaAACg2zy69ojYUlvV09MAyKsttVXx6Noj
utTHbSfsjDWjG/M0IyANa0Y3xm0ntH+mRXsE0AAAAN1o8atzYmd9RU9PAyAvdtZXxOJX5+Slr/8+
fXtsqkp2ABrQvTZVNcV/n769U9cKoAEAALpRXXNZ/PqVeVZCA33eltqq+PUr86KuuSwv/VUPyMQP
ztlmJTT0MmtGN8YPztkW1QMynbq+aOAZZ3w2z3MCAADgAJqzxfHy9gkxsKQxRgys7unpAORsxbaJ
8eCrc6M5W5zXfhtLWuOpGbUxpL4oJmwvzWvfQO6WzKyJH5+xPRpLOn9CqQAaAACgh6ytHhU7GwZH
ZXlNDCjx2DnQ++2sr4jH1h0RL2yZmuo4L05siE3DWmL0ruKoaChKdSzgnTZVNcXtJ+yK3x21p8t9
FYz44hc7H18DAACQF9OHrYuZI9bHqEG5H+4DkLYttVWxYtv4WLVjQrePfezLA2P+yxUxZXN+tvoA
2rdmdGM8MaMmls6oy1ufAmgAAIBeZGhZTYwbsj1GDdoVVeV7YmBJQ5QWZ6Ig/OgGpK81CqKppSjq
mstjZ8Pg2FJbGRuqh8fuxp4/PHXkruI4dEN5TN5aFqN3FsfQ2uIoby6MAh+PkLPWgoiGkmzsHtQS
m6ta4rWRjbFyXENsrWzJ+1gCaAAAAAAAUlHY0xMAAAAAAKB/EkADAAAAAJAKATQAAAAAAKkQQAMA
AAAAkAoBNAAAAAAAqRBAAwAAAACQCgE0AAAAAACpEEADAAAAAJAKATQAAAAAAKkQQAMAAAAAkAoB
NAAAAAAAqRBAAwAAAACQCgE0AAAAAACpEEADAAAAAJAKATQAAAAAAKkQQAMAAAAAkAoBNAAAAAAA
qRBAAwAAAACQCgE0AAAAAACpEEADAAAAAJAKATQAAAAAAKkQQAMAAAAAkAoBNAAAAAAAqRBAAwAA
AACQCgE0AAAAAACpEEADAAAAAJAKATQAAAAAAKkQQAMAAAAAkAoBNAAAAAAAqRBAAwAAAACQCgE0
AAAAAACpEEADAAAAAJCK4p6eAAC0ZezgwTF/woSYXFkZYwYPjhGDBsWA4uIoLSqK0uLiaGppibrm
5qhvaYn65uaobWqKddXV8fK2bbFsw4bY1dDQ0/8L0CeMHTw4yoo7/ivhttraqGlq6oYZQe5GV1TE
gJKSDtvtqKuL6sbGbpgRAAD7CKAB6BWmDx8e5x16aJwweXIcNnJkjBsyJAo62Ve2tTW21tbG2t27
4+n162Pxq6/G71avjuZsNq9zhv7ghssui7njxnXY7tP33Rc3PP10N8wIcvftiy+Ok6dM6bDdP/32
t/HVRx7phhkBALCPABqAHlNZXh5XzZkTF82aFXPHjet04Px2hQUFMbqiIkZXVMRx48fHx+bPj10N
DbFsw4b49csvx38/+2zUNzfnaTQAAACgPQJoALrdyEGD4vqFC+PK2bNj2IAB3TJmZXl5nH7IIXH6
IYfEp08+Oe556aX40dNPxwubN3fL+AAAAHAwEkAD0K2uW7Ag/uzEE7steG7L8IED45pjjomr586N
i268MZ5Yt67H5gIAAAD9mQAagG4xa+TI+Pfzz4/jxo/v6am8qaigIMoTHL4GAAAAdE5hT08AgP7v
0iOOiDs+8IFeFT5DX3bOjBmx5Npr4+Pz5/f0VAAAAA7Isi8AUvXJhQvjb047LYoL3fOEfJg3fnz8
x0UXRWV5eVT14FY2AAAASQigAUjNX51ySvzFySdHQU9PBPqJ6cOHx/cvvTQqy8t7eioAAACJWI4G
QCo+Nn++8BnyaOSgQfGjyy6LcUOG9PRUAAAAErMCGoC8O/fQQ+MfzjgjL+HzuurqWLF1a7y0dWus
r66OjXv2RG1TU9Q1N0dZUVEMLC2NkYMGxYiBA2NSZWVMrqyMqcOGxfghQ4Tf9BsDSkrihssui5kj
RvT0VAAAAHIigAYgr4YPHBhfOuecKC0q6nQfW2pq4q6XXorbly+PJ9at61Qfkyor44xDDomTpkyJ
eePHWzVKn/afl1wS8yZM6OlpAAAA5EwADUBe/ePZZ8eEToa9O+rq4jtPPBHfWrIkGltaujSP13ft
ih89/XT86OmnIyJi0fTpcfGsWXH29OkxbODALvUN3enfzzsvzj300J6eBgAAQKcIoAHIm3njx8fF
s2Z16tqHX3stPnn33bF29+48z2qv+1etivtXrYoBJSXxvtmz48rZs2PuuHGpjAX58tennhofmDu3
p6cBAADQaQJoAPLmL04+OYoLcz/f9s4XX4yP3HZbCjN6p/rm5vjh0qXxw6VL48xp01ILvKGrPnzc
cfG/Tzyxp6cBAADQJQJoAPJi+vDhcerUqTlf99T69XHtHXekMKOOPfDKKz0ybk87dMSIOHL06Jg4
dGhUlJZGUWFhNLS0xI66unhlx454fO3aqG9uTn0eFaWlcfykSTG5sjKGlJXF4LKyaM5koqapKXbW
18fyLVti2YYNfX7Mzrho1qz4/KJFUVjQN47SnFRZGQsnToyJlZUxsKQkqhsaYmtdXSxZuzZWbd/e
bfPoLbXdnUoKC+PUQw6JKZWVMXzgwCgtLo49jY2xZufOWLJ2bWzcs6fb5zRt2LA4asyYmDBkSAwu
K4uSoqLY09gYu9+oi8dffz221tZ2+7x6u75WvyWFhbFw0qSYOXJkjBg4MEqKiqK2qSl21NfH85s2
xVPr13d5jPkTJsTsMWNi2MCBUVZcHNUNDbG9ri6e3bQpnt+0KQ//F7npq7U9bdiwmDdhQkwcOjQG
vPEZvaW2Nn6/Zo0b8QB0CwE0AHnxgblzc179vKOuLv7snnuiOZtNaVb5c+8118TIQYM6bPexO+7I
KcB8/NproyhByPi+W27pUpB34axZcdFhh8WCiRNj7ODBB2zb0NISz2/eHL95+eW4cdmy2F5X1+lx
32768OFx9Zw5cea0aXHIsGEdHlZZ39wcK7Zti0dffz3uXbEilqxd2yfG7IqTJk+Or55/fqKDPP/X
McfEe444IlG/mdbWOP7b3+7q9N5UUlgY/+vYY+O9Rx0VR44Z02Ydt0bEqzt2xC9WrIhvPv54Xmtp
n95S2501YciQuP3qqztsV9/cHKd873tv/ve7Dz883j9nThwzblwMKStr85qWbDb+sGVL3PPSS/GD
p56K6sbGvM17f2XFxfG+2bPjjGnT4phx42J0RcUB27dks7Fm5854YfPmuPPFF+Oel15KZV758Fen
nBKXHXlkoratEfGFxYvj7hdfTNx/T9XvNy+6KOYnONj0W0uWxH8tXfqWr108a1ZcOXt2LJg4MQa3
U3sRETvq6+PR116L/1q6NB5asybx3BZOmhQfPu64OGny5Bh+gDMb1lVXxyOvvRbffPzxeHHLlsT9
56I31HZn//4xpKwsPjJvXlwya1YcNmpUtPU3jWxra7y8fXvctnx5/OcTT0RNU1OX5wsAbRFAA5AX
p3Vi9fO/PfxwrNy2LYXZ5N/EoUNjTAfhQEREeXFuf7ROrapKtMq1LMd+97n8yCPjkyecEIeNHJn4
mvLi4pg3fnzMGz8+PnH88fHT556Lf/7d77r0g+nYwYPj708/PS494oicblQMKCmJOWPHxpyxY+O6
BQvimY0b46fPPRc/eOqpXjlmV80aNSq+e8kl7QaKbzd84MADBjT7y7a2dmVqb3Ha1KnxhbPO6rCu
CiLikGHD4k8XLowPzJ0bX37oofjek0/mZQ69pba7qrioKKZUVXXYru6Nla9nTpsWf3/66XHk6NEd
911YGLPHjInZY8bER447Lr726KN5+/5H7K2/PzvhhLjiqKMS1+G+eU0fPjymDx8elxx+eLy2a1fc
+eKL8f8eeSS1kLwzLpo1Kz514omJPz9+/sILicPnnq7fsYMHJ6q7yvLyN389b/z4+NvTT4+TJk9O
NMawAQPigsMOi/MPOyx+8/LL8Ve//GWsq65ut/3Uqqr4wllnxdkzZrQZlr7dhCFD4r1HHRXvPvzw
uG358vibX/0qb+/l3lTbnfn7x1Vz5sRnTj45xnVwKHRhQUHMHDEi/ubUU+PDxx4bX1i8OH763HOd
micAHIgAGoAuGzt4cBw6YkRO16zZuTOvQQhvNXbw4Pj3886LRdOnd6mfoeXl8fH58+O8mTPj0/fd
Fw92YtuSRdOnxzcuuCBGJFjB1ZF9wfAtzz13wKChJ8bsqglDhsSP3vOeGNXBCrue9vH58+PvTz89
55stleXl8U9nnx3HjR8fH+/Ctju9qba7U0FEfGHRovjwvHlR0om99kdVVMQ/nX12nDZ1anzirrti
V0NDl+bzJ8ceG3958sl5eY9NrqyMTy5cGO854oj46iOPxA1PP93lPrtq5ogR8a/nnps4fH5u06b4
83vv7bBdX63fz555Znxs/vxO1V5BRJw9Y0YcNWZMfOjWW2NpG1tzvOeII+JL55wTVQMG5Nx/aVFR
XDl7dsweMyauu+uuWL55c8597K8v13ZJYWH8+/nnx3tnz04U4u9vVEVFfP3CC+P4iRPjU7/4RSrz
A+DglfvfIADgbU4/5JCct9/48bJlKc2GuePGxS+uuabLAcf+Jg4dGj++/PL4+Pz5OV138axZ8YNL
L83LD/K9ecyuGlJWFv912WVxyLBhPT2VA/rUCSfE5xctyjl83t+lRxwRX7/ggk5d25tqu7sNKCmJ
/2/Bgk4FgPs7e8aMuO2qqzrcSqA9leXl8V/veU/8y7nn5v09Nn7IkPi3d70rbr/66g5XbqZpQElJ
fPvii2NYwpWv22pr49o77+xwf+a+WL/lxcXxs/e9Lz5x/PFdrr2xgwfHjy+/PGa+7Yb1p08+Ob55
8cWdCp/3d/ioUXHjZZfFhE7WTl+v7eLCwrj5yivjyk6Ez/sUxN7V018+99x8Tg0ABNAAdN304cNz
at+SzcbPly9PaTYHt2PHj4+fvPe9MXHo0Lz3XVpUFJ9ftCg+uXBhovaTKivjX849NwaWlOR9Lr1p
zK4qKSyM7196acwZO7anp3JAJ06eHH916ql5ORjxfUcfHR+ZNy+na3pTbfd1R40ZEzddcUVUlJbm
dN24IUPitquuigsOOyylme110uTJcc8HP/iOoLK7fPX88+OoMWMStW3OZuPT993X4XZSfbV+P3H8
8XH6IYfkrb+RgwbFty6++M0w+7NnnhmfOeWURGchJDGpsjK+d+mlOV/XH2r7s2ee2ant0NryoWOP
javmzMlLXwAQYQsOAPJgcmVlTu1XbN0aGw6wDySdM2HIkPjBpZcm3q9yd0NDPL95c2yuqYnW1tYY
M3hwzB4z5oD7DxcWFMTfnHZabNizJ37+wgsH7P//nnFGorms2r49Vm7bFnuammJoWVlUDRgQhwwb
lujQpd4wZledNGVKXgOetLz78MPz2t91CxbEj5cti8aWlg7b9rba7g/mjB0bXz3//Pjo7bcnal9Z
Xh7/fcUVifae3mft7t3x0tatsaO+PgaXlsaUqqqY1c5haG83cejQuOmKK+KCG2+MzTU1icfsqusW
LEh8sGdExNceeSR+sWLFAdv05frt7PkDBzJ7zJj40xNOiNKiovjE8cfnvf/jxo+Pj86bl3ibr/5S
27MT3jRJ6vrjj4//fuaZvPYJwMFLAA1Al+X62OwLKZ1Wf7D76gUXxPgEj/bWNzfHNx9/PL75+OPv
2NN4SFlZfOrEE+Pj8+dHaVFRm9cXFxbGP551Vjy1fn2s2bmzzTZDysrijASh6pcfeij+9fe/b/O1
Y8ePj0XTpsWFs2YlWi3WE2PmQ0GeVv71lNqmpigqLMx5W46JQ4fGB+bMie8nONyxN9V2b7Kjri7W
V1dHYyYTwwYMiEmVlTlth3Tx4YfH4tWr4+Znn+2w7dcuuCBxQLd29+74/IMPxh1/+MM7Xjt67Nj4
wqJFsXDSpA77mVJVFV89//x4/y23JBq3q06bOjX+5rTTEre/b+XK+PJDD3XYrj/Vb2tEPLdxYzy+
du3eMQoKYkplZZwyZUrMGjUqcT+fXLgwBraxAr81Ip7duDEee/31eH3XrigqLIwpVVVxxiGH5LRF
0bULFiQOoPtrbe+or49fv/xyvLB5c2Sy2Zg2fHi869BDE9VixN6n266cPduhhADkhQAagC4bkON2
Bzvq6ro85mfPPDOuXbCgy/1ERJx/ww3xVBuHIvUlV8+Zk+jR29qmpvjQrbfG4tWr23y9urExPv/g
g7F0/fr4ziWXtBsqDhs4MP7hjDPiQ7fe2ubr58yYEYMPsFovYu8Px+0FwRERS9evj6Xr18e/PPRQ
LJo+PT42b16cdsgh7a4w64kx8+HBV16Jqf/6r2/52g8uvTTOmDatw2u/+sgj8fVHH000Tqa1tVPz
a0u2tTXuXbEifvDUU/Hwa69FRMT8CRPi4/Pnx4WzZiX+fp04eXKHAXRvq+2e1hoRv3v11fivpUvj
3retvJ1SVRXXHHNMfOiYY2JQgu01CmLv/ru3/+EPB9y/+MrZs+P8mTMTzW/Ftm1x+c03x8Y9e9p8
/dmNG+OiH/84fnTZZYn6PGv69LjiqKPiZ88/n2j8zpo4dGh87YILEt9IWbFtW3zy7rs7bNef6nf5
5s3x+cWL2z3w8KPz5sXfnXZaotprq83qHTvisw88EPetXPmO10oKC+NvTz89PnH88YlXGS+aPj3u
X7XqgO36a23f89JL8Zlf/jK21ta+5ev/uHhxfPeSS+LsGTMS9XPSlCkCaADywh7QAHRZWTursdqT
jwC6sKAgb//07fWne/1pwr0/v/zQQ+0GHPv7xYoV8e8PP3zANuceemgcN358m69NSLDPaVlRUUyp
quqwXUTE/atWxRU/+Ul84Gc/i2c3buw1Y+ZLTVPTW/5JGhVnW1vfcW17/3R0QFpS1Y2Ncd2dd8aH
br31zfA5IuKJdeviw7fdFv8vYSAesfdQto70ttruSa/v2hVX/+xncfnNN78jfI6IWLNzZ3zugQfi
PTff/I7gqT0Thw6NDx977AHbfOrEExP1VdvUFB+97bZ2A7r9XXvnnbF29+5E/f7vhON3VklhYXzr
4osTrwzd1dAQn7jrrtjV0NBh2/5Svz959tk464c/bDd8joj43pNPxqfvu69TN7sefu21eNePftRm
+Byxd6/tzz3wQE4HGJ+Z4CZef6ztHy9bFh+69dY2PwNqmpri43fckXiF/NxefjYBAH2HABqALmvM
ZHJq35zNpjSTg9PlRx6Z6NHkV3fujG8tWZK43/947LF4bdeudl8vLiyMa445ps3XhpaXd9j/oNLS
+Nn73heLpk9PPKdfvfxyLPrhD9/xeHpPjXmwqW5sjI/cdlvceoBDRP9x8eLEgf2YwYPfPIysLb2x
tntKQ0tLnPmDH8SvX365w7ZL16+Pj91+e+LP2suOPLLd195/9NExLeHWBzc/+2y8uHVrorb1zc2J
t0iYPnx4XDxrVqK2nfHFs8+O4ydOTNQ209oaf/urXyWq8f5Sv99asiQ+ec89ierp5y+8EL9NEKTv
b8natfH+W26JHfX1Hbb93AMPJAr+IyJmdHBAcn+s7d+sWhV/fu+9B2xT09QUtyRcdT1m8OB8TAsA
BNAAdF1DgkPE9tfRNgnk5qKEP7weaOVaW5qz2Q4fX17Uzgqz6sbGRGNMraqKm9/73rjzAx/I6eCv
3jLmwaQlm41P33tvolWa/5PwELSigoIYf4CV672xtntKtrU1cfAWsXdF6c8ThkyHjx4ds0aObPO1
pL8HmdbW+NHTTyeeX0TELc89l/jPj0tTeq9eNWdOfKiDFeD7++4TTySu7/5Qv3f84Q/xD/ffn9M1
d734YuK266ur42N33JH4CY3qxsbEAXdH51P0t9p+bdeuuP6uuxK1/V3C7+HgsrID3iQEgKT8aQJA
l+3McUuNJFslkNz8CRMStVu2YUPOfS/tYG/sEYMGxSlTprzj6y9s3px4jIKIOGHSpPjOJZfEkmuv
jb859dSYkPBR+J4e82Byw9NPx+1tHLzVlo7Csf2Nrqho97XeWNt9yQ+WLk20nUtBtL9dwTEJtkmJ
iHhpy5ZYuW1b8snF3j3Zn9+0KVHbeQlrIRfHjh8fX1i0KPE2TL999dWcwtj+UL9/6MShwb9fsyZx
2y88+GBsqK7Oqf+kNTOkg5vd/a22/3Hx4kSryCMinly/PtFWKQXh72wA5IdDCAHosjUHeBS4LYeN
GJHSTA4+R48dG8MGDkzU9oLDDotTEhyGtb+KBIdJzZ84MR56W+Cw+JVXYtOePTk/vnvIsGHx5yed
FJ84/vh4aM2auOHpp+NXCbYc6KkxDyZJHz+PiHhlx47Y09iY6GmH9vaQ76213Zc8u3FjrNi6NQ5r
Z3Xz/o4YPfodX5s/YUKHq0j3eXn79pznFxGxeufORAHcyEGD4ojRo2N5DjeaDmTYgAHxHxdemPiJ
nFxWl0Yc3PW7dvfuaMpkojTB+RAv5RjsRkSifZgjIooOsHK3P9b2ppqanNo3NDcnOjByYII2ANAR
ATQAXbYqxx/OZo0aFROGDIl1Oa564p2ObCM0as+5hx6ayhymt7HPZnM2Gz9+5pn4y5NP7lSfZcXF
cdb06XHW9Onx5Lp18bkHH4wla9ce8JqeGJP21TU3d2m7nd5a233Nqu3bEwXQ49p4AiDJdfus3rEj
p3ntszaHG5hHjhqVtwD6GxdemPj3t7apKT5x112xOYeA72Cv38aWlkQBdGfsycN+/P25tpPKduKw
SADoLFtwANBli1evjpYcDhYsLSqKD/ayA776qnG94ICgEe2s8vvyQw/FY6+/3uX+502YED9///vj
kwsXdti2J8akbbl8JrSlN9d2X3Kgw+r2V9nGIZ65PE2Qy/7U+8vlcM+xeaqJvz3ttDh7xoxEbVsj
4rMPPJDzzSj1m57WPASn/bW2AaC3EkAD0GUb9+yJFTk8nh8RcdXRR3e4P+OBrNq+PX776qtt/pP0
8dz+oDc8Gnug38cP/s//xFMd7FWaRHlxcfyfM86IL51zTodte2JM8q+313ZfsSfh4Zxlxe98MHJg
SUnicXIJ2zp7XZLtAjoye8yYuD6HG0s3LVuW8wF0Eeq3t+uPtQ0AvZktOADIiwdXr25zD9H2jKqo
iC+cdVb82T33dGq8G5ctixuXLWv7tcsvP2hWExUVJD0+K8U5HGCfzV0NDXHVLbfEP597blw8a1YU
dnG+HznuuKhvbo7PP/hgrxqT/Ovttd1XJF2JnmmjXUEOvwedXZVanMP3OB+/H1OqqqIkh37a2pok
CfXbu/XH2gaA3kwADUBe3LhsWXx8/vyc9ny8cvbsWLZhQ6dWl7FXQ0tLonYt2Ww8v2lTKnNY2cEe
4Dvq6+Njt98ety1fHn9x0kkxZ+zYLo133fHHx9L16+MXK1b0qjHJr75Q231B0n242/p+1zc3Jx6n
sys4B+WwErUuh/m0564XX4z11dVxTsItOM6cNi3+4cwz43MPPJDTOOq3d+uPtQ0AvZkAGoC8WLNz
Z9y/alWcN3Nm4msKCwrii2edFS3ZbNz0zDMpzq7/2lpbm6hdUWFhXPGTn3R6L8t8+OXKlfHLlSvj
lClT4kPHHhuLpk+P8jYe++9IUUFB/MVJJyUKg3tiTPKjL9V2bzZswIBE7bbX1b3ja7kcutfZkG5o
wvlFRGzJYT4H8sm77457rrkmZiQ8pO/aBQvipS1b4pbnn088hvrt3fprbQNAb+VZHwDy5t8efjia
MpmcrikrLo5/fde74t/e9a4YkMNqIfZalXCFW0FEzB03Lt3JJPTQmjXxoVtvjYXf/nZ847HHYl11
dc59HDVmTCyYOLFXj0nX9MXa7o0OGzUqUbu29s5fuW1b4nEmDR2auO3+plZWJm67Iof5HMiO+vq4
7s47Y3fC0LeooCD+6Zxz4rjx4xOPoX57t/5a2wDQWwmgAcib5zdtilueey7n64oLC+OaY46J3/zJ
nyR+LLq7Jd0BMpeDjcYOHpzTPpRteXzt2sSPei+aNq1LY+Xbuurq+PyDD8bcb3wjrr/rrnh248ac
ru/M/09PjJmmXLa86Wv6cm33FsMGDIjDR45M1Hb5li3v+Nojr70W1QkPMTxk2LCc5rbPlKqqRO12
NzTEkrVrOzVGW57ZuDH+7te/jmzC/X2HlJXFty6+OEZXVCRqr357t/5c2wDQGwmgAcir/3v//bF6
x45OXTtzxIi46Yor4ncf/Whct2BB4kfH9zl5ypT42vnnx/EprFKtTXia/ZgcDj/88HHHRVePqapv
bo7nEu4fevaMGTkdvtWdbnn++Vj0wx/Gn959d+JHkXP5XveWMZNKWm/9+bDN/lLbPemaY45JtH1A
a0T8dvXqNl97esOGRGMdOXp0VOS4VcGkysqYlXCFdtJ55OKW55+P7z35ZOL2U6uq4psXXZSorfrt
/fpzbQNAb+NvOgDkVU1TU3z6vvsSB2htOXzUqPjcokWx/FOfioc//vH47iWXxF+efHJ8dN68uPzI
I+OcGTPi4lmz4kPHHhufX7QofvLe98YfPvWpuO2qq+KqOXOiKsfgOomkK6XmJjzsbmpVVVxzzDFd
mdKbfrlyZaJ2U6qq4lMnnpiXMff5y5NPjpMmT85bfz997rm48pZbEtVPvrZs6YkxO5J0a4CFkyb1
6+CqP9V2dxs7eHB8+LjjErV9aevWdrck+MVLLyXqY3BZWVx+1FGJ5xcR8f6jj47ihPV7T8J55Orv
f/ObeGjNmsTtT506Nb50zjmJ2qrf3q2/1zYA9Cb99ycWAHrM79esib/+1a+iJZvtUj/FhYUxc8SI
uPSII+Izp5wS/3T22fGtiy+Om664Ir5/6aXx5XPPjWsXLIhF06fHyEGD8jT7tiU9sOicGTOisrz8
gG2GDRgQ33v3uztsl9SPly1r8wCxtly/cGGce+ihXR7z2PHj495rronPnHJKu1XQk9kAACAASURB
VCssv3TOOfHBuXOjLMdD/57ftCle2Ly5w3Y76+t7xZhpSPr7OX7IkPi700/vsN3wgQPjr089tavT
6na9tbZ7QkFE4psNZcXF8fULL0y8XcTdL77Y7mv//cwzsXb37kT9XLtgQeKbNJXl5fGBOXMStV27
e3f85NlnE7XtjOvvuite37UrcfsPH3dcfHDu3A7bqd/e7WCobQDoLQTQAKTip889F5978MEuh9C9
xdL16xO1GzN4cPzHRRe1G4AeNWZM3H711XF0wpXSSexqaIgfPf10orYDS0rimxddFB9IEJ60Zezg
wfFv73pX3Hn11TFvwoQDtl04cWJ85bzzYtn118c3LrwwLjjssEQB2swRI2LGiBEdtmvrpkBPjJmG
JevWJW573fHHx39cdNE79hsdOWhQXHHUUfHDSy+NJ667Lv53nldYdofeWts9YUBJSSz+6Ec73Cf/
0BEj4mfve1+cNnVqon531NXFD5cubff15mw2vr1kSaK+plZVxdcvuCBR229ceGGMShiQ/+eTT0Zz
in+WbNyzJ66/++7ET+4URMTnFy3qcLsn9du7HQy1DQC9RW7LgwAgB99ZsiTqmpriS+ec0+cPS/v1
qlXxd6efnmjP5nNmzIjFH/lI/PTZZ+OJdeuivqUlpg8bFoumT4/zZ85MZRuHr/z+93HujBlxxOjR
HbYdUlYWXznvvDh/5sz4/lNPxf2rVnV4zWlTp8Ylhx8eF86aFUPKynKa28hBg+LK2bPjytmzY0d9
fTy3aVP8YcuWWL55c2zasye219dHVXl5TBg6NE6aMiXRKvKIOOC8e2LMfPrd6tVR3diY6HtdEBHv
PeqouOzII2NDdXU0tLRERWlpjKqoiKL9DrlMethab9Oba7u77dsn/9mNG2Pxq6/GU+vWxYY9e2JI
WVlMraqKU6dOjbOmT89p5esPli7tcJXu9558Ms6bOTPRlg6XHH54DC0vj7/99a9j1fbt73h9X1B6
dsIDZ59avz6+kzAk7IrHXn89Pv/gg/HP556b6HN+UGlpfOvii+OCG2+MDdXV7bZTv73bwVDbANAb
CKABSNWNy5bF+urq+Nr553fbAW65eGnr1ng9wSO4L27ZEr979dXEqwpnDB8e/+eMM7o6vcSas9n4
xN13x23vf38MGziww/YFEXHmtGlx5rRpsXb37li+eXOs3rkzdjc0RGNLS1QOGBDDBwyIsYMHx9xx
42J4gj6TGDZgQJw2dWri72N7Vm7bFs9s3Nhrx+yq5mw2HnjllXj34YcnvqaooCAmDh2a4qx6Rl+p
7e509NixeXmKYtmGDfHlhx5K1PZP77or7vrgBxPV2OmHHBIPfvjD8djrr8cLW7bEzrq6GDpgQMwc
MSJOnjIl8YFuW2tr41P33JOobT78cOnSOGrMmLg64fYJE4cOje9ecklcetNN7a5iVb+938FQ2wDQ
0wTQAKTugVdeifNvvDG+ct55XQ4B8+n+Vavi+rvvTrxH59cffTROnjLlLatKu2JnfX0MKi3N2+rw
5Zs3x/93553xnznuLz1x6NA+F1x+47HH+v2YX/n97+Ndhx4a5TnuZ90fHUy13V221NTE9Xffnbj9
uurq+NCtt8aPL788xia4mTigpCTOmDYtzpg2rVPz21pbGx+7/fZY0c7hiGn5zH33xWEjR8Zx48cn
an/8xInxL+eeG39+773ttlG/vdvBUtsA0JPsAQ1At3h91664/Oab48/vvTc27dnTo3NZX10df3bP
PfG+W25JHD5H7D1c8euPPpqXOexuaIiP33FHNLa05KW/fRavXh0f/J//SXywUletq67O6fCufPjl
ypXx0+ee6/djrti2Lb72yCPRNzfOyL+Doba7y7ba2vjwbbfFyhwDsGc3boz3/vSn8eLWrSnNbK8X
t26Nd990Uzz82mupjtOW5mw2rr3zzpz+nLp67tz4yLx5B2yjfnu3g6G2AaAnCaAB6FY/XrYsFn7n
O/GVhx+OrbW13Tr2qu3b4x/uvz8WfPvbcXMnT53/p9/+ttPX7rOhujqu/tnPYvHq1V3qpz2Pvf56
XHDjjXHvihWphZdNmUzc/Oyzceb3v5/6D+z7W7x6dXzk9tu7bbyeGnOfrzz8cHx3yRIh9Bv6c213
lxXbtsWVt9wSj69d26nrX9yyJS644Yb46XPPRSbP+4o3ZTLxX0uXxkU33tijq0PX7NwZn/rFLxLf
ICyIiH8444wOn/BRv73bwVDbANBTPNMJQLeraWqKf/7d7+L/PfpoXHX00XHJ4YfHsePHR3Fh/u+L
bqmpid+++mr8/IUX8hb4/tk998SKrVvjr089NacDBVsj4tcvvxyf+eUvD3hoVT5sqK6Oa37+8zh/
5sy4fuHCOHb8+EQHa3Wktqkpfvnyy/HNxx+P5zdtOmDbW5cvj8FlZTGpsjIv437niSfiK7//fbt7
rfbUmGn7P/ffHy9s3hz/94wzYlRFRaf7Wb1jRx5n1XN6Q233hKZMJp7duDHmTZjQqesbWlripmee
iS/99rdR3djYpblUNzbGn959d9y2fHn8+UknxYKJE7v0e9CUycTvXn01vvLww7F0/fouzS1fHnjl
lfjyQw8l3su/vLg4vn7hhXHBjTcecOXxwVq/fcXBUNsA0BME0AD0mPrm5vj+U0/F9596KiYOHRoX
HHZYnDh5chw+alSMGzKkU3stb6utjVU7dsTTGzbE/atWxe/XrElh5hHfWrIkfvXyy/HJE06ICw47
LIaUlbXbtiWbjSVr18Z3n3gi7lu5MpX5tOcXK1bEL1asiIWTJsWVs2fHwkmTYkpVVU4/UO+or49n
N26MxatXx8+efz7xtiXfeOyx+MZjj8VpU6fG2TNmxLHjx8ehI0YkPqQpYu9KxPtWrowbnn46XkkQ
oPbEmN3hluefj/tfeSX+5Nhj49Ijjojpw4d3eE1rRLyyfXs8tX593LZ8eWor7ntKT9Z2T2jJZuO8
G26I82fOjPcdfXScOHlyorpeu3t3/GbVqvjOkiXx6s6deZ3T4tWrY/Hq1bFg4sR4/9FHx0mTJye+
+ZNpbY0VW7fGI6+9Fj96+umctwPpDl9/7LE4csyYxIeBjh08OL57ySVxyU03dbh6+mCr376mv9c2
AHS3ghFf/KKnOgHodYYPHBgLJk6MSZWVMaaiIoYPHBgDSkqirKgoigoLo7GlJRpaWqK6sTE27tkT
a3ftiuc3b+6RH/TKiovjzGnTYt6ECTFy0KAYWlYW2dbW2F5XFy9t2xa/XLmyV+3FOaWqKo6fODGm
DRsWoyoqYkhZ2ZsHITZlMlHT1BRba2vjtV274tmNG+OZjRvzOv6csWNj7rhxMaWqKoaUlUVFaWkM
LCl5c+zdDQ2xYtu2WLJ2bd5+P3tizDTNHDEiTpk6NaYPHx5Dy8ujorQ0mjOZqG1ujs01NbFy69Z4
Yt26vAeOvV1P13ZnTKmqiievu67DdnXNzTH5y19+87+HlJXFSVOmxJyxY2PckCFRUVoaJW98Nm6t
q4vXdu6MR19/vdv/Hw8dMeLNMHXUoEFvHrTa2NISNU1NsWnPnnh5+/Z4fO3aXvW52Bv0xfo9mKht
AOg8ATQAAPSQzgbQAADQVziEEAAAAACAVAigAQAAAABIhQAaAAAAAIBUCKABAAAAAEiFABoAAAAA
gFQIoAEAAAAASIUAGgAAAACAVAigAQAAAABIhQAaAAAAAIBUCKABAAAAAEiFABoAAAAAgFQIoAEA
AAAASIUAGgAAAACAVBT39AQAAOBglclmY2ttbYft6pubu2E2AACQfwUjvvjF1p6eBAAAAAAA/Y8t
OAAAAAAASIUAGgAAAACAVAigAQAAAABIhQAaAAAAAIBUCKABAAAAAEiFABoAAAAAgFQIoAEAAAAA
SIUAGgAAAACAVAigAQAAAABIhQAaAAAAAIBUCKABAAAAAEiFABoAAAAAgFQIoAEAAAAASIUAGgAA
AACAVAigAQAAAABIhQAaAAAAAIBUCKABAAAAAEiFABoAAAAAgFQIoAEAAAAASIUAGgAAAACAVAig
AQAAAABIhQAaAAAAAIBUCKABAAAAAEiFABoAAAAAgFQIoAEAAAAASIUAGgAAAACAVAigAQAAAABI
hQAaAAAAAIBUCKABAAAAAEiFABoAAAAAgFQIoAEAAAAASIUAGgAAAACAVAigAQAAAABIhQAaAAAA
AIBUCKABAAAAAEiFABoAAAAAgFQIoAEAAAAASIUAGgAAAACAVAigAQAAAABIhQAaAAAAAIBUCKAB
AAAAAEiFABoAAAAAgFQIoAEAAAAASIUAGgAAAACAVAigAQAAAABIhQAaAAAAAIBUCKABAAAAAEiF
ABoAAAAAgFQIoAEAAAAASIUAGgAAAACAVAigAQAAAABIhQAaAAAAAIBUCKABAAAAAEiFABoAAAAA
gFQIoAEAAAAASIUAGgAAAACAVAigAQAAAABIhQAaAAAAAIBUCKABAAAAAEiFABoAAAAAgFQIoAEA
AAAASIUAGgAAAACAVAigAQAAAABIhQAaAAAAAIBUCKABAAAAAEiFABoAAAAAgFQIoAEAAAAASIUA
GgAAAACAVAigAQAAAABIhQAaAAAAAIBUCKABAAAAAEiFABoAAAAAgFQIoAEAAAAASIUAGgAAAACA
VAigAQAAAABIhQAaAAAAAIBUCKABAAAAAEiFABoAAAAAgFQIoAEAAAAASIUAGgAAAACAVAigAQAA
AABIhQAaAAAAAIBUCKABAAAAAEiFABoAAAAAgFQIoAEAAAAASIUAGgAAAACAVAigAQAAAABIhQAa
AAAAAIBUCKABAAAAAEiFABoAAAAAgFQIoAEAAAAASIUAGgAAAACAVAigAQAAAABIhQAaAAAAAIBU
CKABAAAAAEiFABoAAAAAgFQIoAEAAAAASIUAGgAAAACAVAigAQAAAABIhQAaAAAAAIBUCKABAAAA
AEiFABoAAAAAgFQIoAEAAAAASIUAGgAAAACAVAigAQAAAABIhQAaAAAAAIBUCKABAAAAAEiFABoA
AAAAgFQIoAEAAAAASIUAGgAAAACAVAigAQAAAABIhQAaAAAAAIBUCKABAAAAAEiFABoAAAAAgFQI
oAEAAAAASIUAGgAAAACAVAigAQAAAABIhQAaAAAAAIBUCKABAAAAAEiFABoAAAAAgFQIoAEAAAAA
SIUAGgAAAACAVAigAQAAAABIhQAaAAAAAIBUCKABAAAAAEiFABoAAAAAgFQIoAEAAAAASIUAGgAA
AACAVAigAQAAAABIhQAaAAAAAIBUCKABAAAAAEiFABoAAAAAgFQIoAEAAAAASIUAGgAAAACAVAig
AQAAAABIhQAaAAAAAIBUCKABAAAAAEiFABoAAAAAgFQIoAEAAAAASIUAGgAAAACAVAigAQAAAABI
hQAaAAAAAIBUCKABAAAAAEiFABoAAAAAgFQIoAEAAAAASIUAGgAAAACAVAigAQAAAABIhQAaAAAA
AIBUCKABAAAAAEiFABoAAAAAgFQIoAEAAAAASIUAGgAAAACAVAigAQAAAABIhQAaAAAAAIBUCKAB
AAAAAEiFABoAAAAAgFQIoAEAAAAASIUAGgAAAACAVAigAQAAAABIhQAaAAAAAIBUCKABAAAAAEiF
ABoAAAAAgFQIoAEAAAAASIUAGgAAAACAVAigAQAAAABIhQAaAAAAAIBUCKABAAAAAEiFABoAAAAA
gFQIoAEAAAAASIUAGgAAAACAVAigAQAAAABIhQAaAAAAAIBUCKABAAAAAEiFABoAAAAAgFQIoAEA
AAAASIUAGgAAAACAVAigAQAAAABIhQAaAAAAAPj/2buz5MbRdM3zD+d5HkQNHu5+MsMq7WygLdfQ
V2cRfXeWUUvou1pEXfUaynoJZdZtbScyJHECSRAgCAIg2Tf1fQnKPeK4Rzhcg/9/ZjBCcokCFWYh
8dHL5wUyQQANAAAAAAAAAMgEATQAAAAAAAAAIBME0AAAAAAAAACATBBAAwAAAAAAAAAyQQANAAAA
AAAAAMgEATQAAAAAAAAAIBME0AAAAAAAAACATBBAAwAAAAAAAAAyQQANAAAAAAAAAMgEATQAAAAA
AAAAIBME0AAAAAAAAACATBBAAwAAAAAAAAAyQQANAAAAAAAAAMgEATQAAAAAAAAAIBME0AAAAAAA
AACATBBAAwAAAAAAAAAyQQANAAAAAAAAAMgEATQAAAAAAAAAIBME0AAAAAAAAACATBBAAwAAAAAA
AAAyQQANAAAAAAAAAMgEATQAAAAAAAAAIBME0AAAAAAAAACATBBAAwAAAAAAAAAyQQANAAAAAAAA
AMgEATQAAAAAAAAAIBME0AAAAAAAAACATBBAAwAAAAAAAAAyQQANAAAAAAAAAMgEATQAAAAAAAAA
IBME0AAAAAAAAACATBBAAwAAAAAAAAAyQQANAAAAAAAAAMgEATQAAAAAAAAAIBME0AAAAAAAAACA
TBBAAwAAAAAAAAAyQQANAAAAAAAAAMgEATQAAAAAAAAAIBME0AAAAAAAAACATBBAAwAAAAAAAAAy
QQANAAAAAAAAAMgEATQAAAAAAAAAIBME0AAAAAAAAACATBBAAwAAAAAAAAAyQQANAAAAAAAAAMgE
ATQAAAAAAAAAIBME0AAAAAAAAACATBBAAwAAAAAAAAAyQQANAAAAAAAAAMgEATQAAAAAAAAAIBME
0AAAAAAAAACATBBAAwAAAAAAAAAyQQANAAAAAAAAAMgEATQAAAAAAAAAIBME0AAAAAAAAACATBBA
AwAAAAAAAAAyQQANAAAAAAAAAMgEATQAAAAAAAAAIBME0AAAAAAAAACATBBAAwAAAAAAAAAyQQAN
AAAAAAAAAMgEATQAAAAAAAAAIBME0AAAAAAAAACATBBAAwAAAAAAAAAyQQANAAAAAAAAAMgEATQA
AAAAAAAAIBME0AAAAAAAAACATBBAAwAAAAAAAAAyQQANAAAAAAAAAMgEATQAAAAAAAAAIBME0AAA
AAAAAACATBBAAwAAAAAAAAAyQQANAAAAAAAAAMgEATQAAAAAAAAAIBME0AAAAAAAAACATBBAAwAA
AAAAAAAyQQANAAAAAAAAAMgEATQAAAAAAAAAIBME0AAAAAAAAACATBBAAwAAAAAAAAAyUTQnvVpN
//73v+t//y//RR97PeVzuee8LgAAAAAAAADAK3E6n/X/rdf6v/7n/9T/+T/+h9b7vSQpN/yv//X8
v717p//2b/+m61brmS8TAAAAAAAAAPCaPXqe/o///t/1f//jH8r3ajXCZwAAAAAAAADAN3Hdaum/
/du/qVerKf/vf/874TMAAAAAAAAA4Ju5brX073//u3L/j+Oc/9LvP/f1AAAAAAAAAADekP93tVLu
eDqdWTgIAAAAAAAAAPiWTuezcufz+fzcFwIAAAAAAAAAeHvyz30BAAAAAAAAAIC3iQAaAAAAAAAA
AJAJAmgAAAAAAAAAQCYIoAEAAAAAAAAAmSCABgAAAAAAAABkggAaAAAAAAAAAJAJAmgAAAAAAAAA
QCYIoAEAAAAAAAAAmSCABgAAAAAAAABkggAaAAAAAAAAAJAJAmgAAAAAAAAAQCYIoAEAAAAAAAAA
mSCABgAAAAAAAABkggAaAAAAAAAAAJAJAmgAAAAAAAAAQCYIoAEAAAAAAAAAmSCABgAAAAAAAABk
ggAaAAAAAAAAAJAJAmgAAAAAAAAAQCYIoAEAAAAAAAAAmSCABgAAAAAAAABkggAaAAAAAAAAAJAJ
AmgAAAAAAAAAQCYIoAEAAAAAAAAAmSCABgAAAAAAAABkggAaAAAAAAAAAJAJAmgAAAAAAAAAQCYI
oAEAAAAAAAAAmSCABgAAAAAAAABkggAaAAAAAAAAAJAJAmgAAAAAAAAAQCYIoAEAAAAAAAAAmSCA
BgAAAAAAAABkggAaAAAAAAAAAJAJAmgAAAAAAAAAQCYIoAEAAAAAAAAAmSCABgAAAAAAAABkggAa
AAAAAAAAAJAJAmgAAAAAAAAAQCYIoAEAAAAAAAAAmSCABgAAAAAAAABkggAaAAAAAAAAAJAJAmgA
AAAAAAAAQCYIoAEAAAAAAAAAmSCABgAAAAAAAABkggAaAAAAAAAAAJAJAmgAAAAAAAAAQCYIoAEA
AAAAAAAAmSCABgAAAAAAAABkggAaAAAAAAAAAJAJAmgAAAAAAAAAQCYIoAEAAAAAAAAAmSCABgAA
AAAAAABkggAaAAAAAAAAAJAJAmgAAAAAAAAAQCYIoAEAAAAAAAAAmSCABgAAAAAAAABkggAaAAAA
AAAAAJAJAmgAAAAAAAAAQCYIoAEAAAAAAAAAmSCABgAAAAAAAABkggAaAAAAAAAAAJAJAmgAAAAA
AAAAQCYIoAEAAAAAAAAAmSCABgAAAAAAAABkggAaAAAAAAAAAJAJAmgAAAAAAAAAQCYIoAEAAAAA
AAAAmSCABgAAAAAAAABkovjcFwAAAAAAAAAA+DLn8/k3DyOXyymfzyuXy9kj/W/fEwE0AAAAAAAA
ALwC5/NZSZL85nE8HiVJ5XLZHqVSScVi0QbS0vcNoQmgAQAAAAAAAOAVMAH04XBQGIaKokiHw8G+
HcexJKnRaNijWq1K0ich9PdCAA0AAAAAAAAAL8B/Vq9xPB613+8VBIF2u532+/3F22EY6nw+q91u
26PVaqnZbKparapYLKpYLKpQKHxSzZEVAmgAAAAAAAAAeGbn81mn00lxHOt4PCqO408qNuI4VhAE
9jDhcxAE8n1f+/1eSZKoWq2qUqmo0+loOByq3++r0+mo1WqpXq+rUqlcBNFZIoAGAAAAAAAAgBfg
eDzaWo0wDC9uzfnnAujdbiff97Xb7XQ4HOwSwna7rbu7O00mE11dXWk0Gul8Ptvp50KhkPljIoAG
AAAAAAAAgIyZKo3T6XRxa85Pp5OiKLLVGiZgTk85m0nnz1VwmPcfDgcdj0edTic1m015nqfNZiPP
8+y/ma9bKBRsL3RWk9AE0AAAAAAAAACQsfP5rCiKbJWGqdhIvy8MQ9vlvNvtLoJnz/O02+203W7l
eZ5831cYhnZCer/f63A4KIoiG25XKhWt12v9+uuvenx81Ha7VRAEiqJIV1dXKpfLKpfL9hqzCKEJ
oAEAAAAAAADgGzJLA9NMr3M6LDa1Gubt/X5vJ5vTt7vdTp7nyfM8ua6r7Xar7XZr6zqiKFIURbY/
2nz9fD4vx3FUq9W02WzspHOlUlGj0VC321WxWLRT0FkggAYAAAAAAACAP+Fz9RpPqzbiOL6o13ja
4WzC5qcVG087nl3XtRPQZoraBM/p8DmtUCgoSRK1221Vq1V1u131+32Nx2OVSqVMFxESQAMAAAAA
AADAn2QWCJpajXTNhpl8/lwAbSacTc3GdruV7/vyfd92PKeXEe73e3t+Op1s8GyC7s8x9R+u62o2
m2mxWOj29lZhGKpcLtulhVRwAAAAAAAAAMALcz6fbQD9tFLD9DQ/XSZowmUTNpt+5/V6re12e7Fk
MEkSJUliw+Z04Jw+fo8JoOfzuZbLpV1KmCSJisXsYmICaAAAAAAAAAD4HaZS47eO4/H4yeJAEzib
KecgCGzQ/HQS2hymYsNMP5ue6HTY/Gcfx/F4vAizv9V9/xYCaAAAAAAAAAD4HafT6WLR3+du04Hy
04DZhM7peg3zvjAM7f2Yqg3ztZIk+SYBcS6XU7FYVK1WU7vdVrPZVKlUkvT5hYnfEgE0AAAAAAAA
AKSkQ9nz+awkSWylxtNajfT7zKTz0wWCZvrZLBD0PO8igE4vLExPJZ9Op0+u52vl83nl83mVSiU1
Gg212201Gg3b/Zw1AmgAAAAAAAAA0D+7nNPVGqfTyXY1e573yQLB9Nu+71+EziZgNv9uPj/d7xzH
cWZTyLlcToVCQZVKRc1mU71eT+PxWMPhUK1WS5VKRcViMbMFhBIBNAAAAAAAAABI+mfVhqnVMOee
52mz2ch1XRsuPw2czZEOqn3fv7ivpzUex+Mx0woMEz43Gg11u11NJhO9f/9et7e3GgwGajQaqlQq
KhQKBNAAAAAAAAAA8C09DX+Px6PiOP6kamOz2chxHK1WKxsumwnop+GzCaBNz7NZ9ve0WsOcZymf
z6tcLqter6vb7Wo8Huv29lZXV1fqdruq1+sqlUqZVnEQQAMAAAAAAAD4oZiqjafH4XC4CI9N0Lxa
rTSfz+U4jrbbrX1/+tZ0QqcrN9L9zlmHzZ9TLBbVarU0GAw0Go00GAzU6/XUarVUq9VUKpVUKBSy
vYZM7x0AAAAAAAAAXhizWDCKIh0OB1uNsdvtbNXGdru1k9CO42g6nWq5XGq73V50OJv7iONYSZIo
jmN7/pzhsySVSiW1Wi0Nh0MNh0N1Op2L2o3vgQAaAAAAAAAAwJtlwt/0rZl2NjUaZlrZdV0tl0ut
12u5rmsnmU0AvVgsbAAdhqEOh4OSJFGSJDZoTn+d5wqejVKppHa7rdFopNFopF6vp2azaZcPZlm9
YRBAAwAAAAAAAHizTqeTjsejnUg2U8qmasPzPFuj4bqurdrYbDYKgkBBEGiz2Wi1Wmmz2djwOYoi
JUli6zteknw+r1wup2q1ql6vp8lkouvra/V6ve+yeDCNABoAAAAAAADAm2SqNg6Hg63aMJPPpmpj
s9nYOo3NZmMnnVerle2BTvdBR1F00Rv93FPOT+VyOeVyORUKBdXrdY1GI717907v3r3TcDhUq9VS
tVqlggMAAAAAAAAAfs/TuounFRin08kuB0wfvu9ruVxqtVrJcRy7ONB1Xc1mM1vDYYLnMAxt1cbp
dLr4mi9NLpdTuVxWuVy2Cwgnk4lGo5E6nY7q9bpKpZINqrNGAA0AAAAAAADgVTqfz4rjWMfj0d6a
WgwTGJt6DdP1HASBPM/TdDrVfD7XYrGwIbXv+9psNtput/J9305Om+DZbIgoZQAAIABJREFUhM8v
mel97nQ6urm50Xg8Vq/Xu5h8zufz3+16CKABAAAAAAAAvDpmwjmOYxsUp48oiuxkc3rZYBAE2m63
ur+/1+Pjo6bTqcIwvDjM56erNl6DXC6nUqmkTqej6+tr3dzcqN/vf/fFg2kE0AAAAAAAAABenM/V
azx9O4qii4DZLA1MB87pHuf0ssH7+3s9PDxoNpvZ0DmO4xdZq/E1isWinX6+u7vTYDBQs9lUtVol
gAYAAAAAAAAAI12r8bnjcDh8NoAOgkC+72u328nzPHmeJ9/3L+o4HMfRZrOx/c6voV7jSxSLRTUa
DfX7fQ0GA3U6HSagAQAAAAAAACDtdDrZkNlMKJvDvG0C5acB9G63sz3OptPZdd2LhYSmbiOKItvv
/Jqnn3O5nPL5vEqlkprNpgaDgUajkbrdrhqNhqrVqvL5/Hftf5YIoAEAAAAAAAC8EOl6jSRJbIfz
bre7qNIwoXP67acBtJl6dl3XTkGb0DmO44ulgq85eJb+2f1cLpfVarXU6XTU6/XU7XZt/UapVLIf
+z0RQAMAAAAAAAB4MY7Ho6Io0uFw0Ha7tdPL5twEy+mgebfbXVRspKecgyC4CJ5NrcdbUiwW1Wq1
1Gq1NJlMbPVGvV5XuVxWoVD47sGzvbZn+aoAAAAAAAAAoMvp43TtRhAE2m632mw2Wq1WWq/XWq/X
dqI5CAJ5nmerNkwAvd/vdTgcFEWR4jhWkiS2Rzo99fyWFAoFNRoNDYdDjcdj9Xo9NRqNZ+t9TiOA
BgAAAAAAAPBdmJ7l8/lsz9P9y8fj0U4xe56n5XKp1WqlxWIhx3G0XC61Xq8vajdMvYaZdD4cDjZ0
fmuTzr+lWCyq2Wyq1+tpOBxeVG8QQAMAAAAAAAD4IZxOJ1uDkSSJoihSkiT2fXEc2x5nE0A7jqP5
fK7lcqnFYqHNZnOxRNCEzk8nnt/ipPNTuVxOuVxOxWJR1WpVzWZT7XZbrVbrYgL6ey8eTCOABgAA
AAAAAPBdnE4nRVH0SXhsAmVToWECaDP5PJvNtFgsNJ/P5bruRZ/z6XSy087pJYavfbHgl8rlcioU
CqpUKjaAbjQaqtfrTEADAAAAAAAAeBvSdRpPD/NvZimgWRRozk2dhjn3fV/b7VaO42i1WtnqjdVq
Jc/z7KTzjxIy/5Zisahyuaxms6lut6vBYKDhcKher2crOEqlEhPQAAAAAAAAAF638/lsp5KjKLKV
GObtOI4vQuf0ue/72u12dpngdru1Cwi3261c17UfH8fxD9Pt/Hvy+byq1aoajYb6/b7G47Gur681
mUzU7/fVbrdVq9VUKpWYgAYAAAAAAADwejydPDYLBKMosnUaQRBc1GuEYWinnJ8G0Z7nyfd9eZ5n
A2dzbj7G1GyYqo0fXT6ft9PPZvngeDzWaDS6mIA2PdHPhQAaAAAAAAAAwBd7WrVhFv5FUXQxybzb
7T4Jmne7nT3M2/v93n68OUzwbELsOI6f+2G/OPl8XvV6Xf1+X8PhUIPBQL1eT+12W/V6XaVSSYVC
4bkvkwAaAAAAAAAAwJc7n89KksTWapi6jSAI5LqunV5OB9Bm8tlUbJigOR1Om4WE5jD3T93Gp/L5
vIrFoprNpkajka6vrzUcDi9qN15C+CwRQAMAAAAAAAD4Ssfj0dZrmPDY8zytViutViu5rnsx5WzC
Zs/zbDhtAun9fm+nnJMksRPVZtKauo1LplKjVCqp2WxqMBhoPB7b2o1KpaJi8eXEvi/nSgAAAAAA
AAC8SCYMPh6PiuNYu93O9jZvt1v5vq/NZiPHcbRcLrXZbC4mnNO9z+nQ2kw9m0nn0+n03A/1RTPB
c7lcVqvVUq/X09XVlSaTiZ2ArtfrKpfLTEADAAAAAAAAeD1M7UYYhtput9psNtpsNlqv13JdV6vV
SsvlUovFQpvNRr7v2/DZhM2mViNJkouDxYJfJpfLqVwuq9FoqNPpqN/vazQaaTQaqdvtqtVqqVar
qVAoKJ/PP/flSiKABgAAAAAAAJCSDoLN+fF4VBRFdmGg67pyHEeO42ixWGi9Xmu5XNpjvV7bAHq/
31/0OZ/PZ3uYr0H4/GXy+bwqlYqazaZdPmgWEHY6HTUaDVUqFVvT8RIQQAMAAAAAAACwTNWGqcQw
U8qmdiM97bxcLjWbzezbZira8zxbs5GeeiZo/nMKhYJarZYmk4k+fPigyWSiXq9ng+disfhiJp8N
AmgAAAAAAAAAllkwGEWRoijS4XBQGIZyXVebzUar1cpOPpsA2kxDm4WDv7VUEH9OoVBQv9/Xx48f
9a//+q+6u7vTYDB4cb3PaQTQAAAAAAAAwA/k9yowzuezDofDxbJAszzQcRytVistFouLAHo+n2u9
Xmu9XtvAOo5jKja+oVwuZ+s3ut2ubm5u9PHjRw2HQ3W7XdVqNRWLxRdTu5FGAA0AAAAAAAD8IEyl
xvF4vFgAmL4Nw1C73c6G0EEQaLfbabFYaLFYaDababPZyHEcW7nh+75837f3cTqdnvuhvhm5XE6V
SkX1el3D4VCTyUTX19e6ublRp9NRp9NhAhoAAAAAAADA8zufz0qSRIfDwVZrmKllcxsEgT1MAO37
vubzuWazmWazma3j8H3/Yskg087fXi6XU7VaVbfb1Xg81ng81nA4VL/fV7PZVLPZtBPQL63/WSKA
BgAAAAAAAN60dBWGCZ9NqGyC5t1udzHtnA6hPxdAm4WEYRjqeDw+8yN82/L5vGq1mobDoW5ubnR9
fa3xeKx+v69qtWqnn19i/YZEAA0AAAAAAAC8aSZ4Ph6PCsNQnufJ8zy5rivXdeX7vl0eaAJoz/Ps
+8yxXq/txx8OByVJwrRzhtK9z+12W+PxWLe3txqPx+p2u6pWqyqXyy9y6jmNABoAAAAAAAB4w87n
s+I4VhRF2u12cl1X6/Vaq9VKq9VKrutqu93aKejtdmtDat/3bRhtqjZM+Hw8Hul6zlA+n1exWLQB
9PX1tX766SddX1+r1+upVqupUCgon8+/2OlniQAaAAAAAAAAeHNMF7MJn03thuu6Wq1WWi6Xdqng
arW6CKBN8Gwmoz3P036/txPPJnRm+jlbhULBLh9st9saDoe2eqPRaKhSqTz3JX4RAmgAAAAAAADg
DUqSxIbPruvK8zw5jqPpdKrZbKbpdKr5fK7lcqntdqv9fq8wDLXf7+2SwvSiQqadv59cLqdSqaR6
va5Op6Nut6tOp6NWq6VqtapSqfSip57TCKABAAAAAACAN+Z0Oul4POpwOGi322m73cp1XTmOo/l8
rsfHRz08PGg6ndoA2gTOSZJcVGzQ9fw8isWinX5utVqq1+u297lQKDz35X0xAmgAAAAAAADglTmd
TrZi43PnSZJov98rCAJtt1stFgstl0tNp1Pd39/r/v5ej4+Pms/nchxHu91OcRwrjmPC5meWy+VU
KBRUr9fV6/V0dXWl4XCobrerRqPxKhYPphFAAwAAAAAAAK/M6XSygbGp2kiSRFEU2VsTQG82Gz0+
Pmo2m9lbEzxvt1uFYag4jnU8Hgmfn5lZPFgqldTpdHR9fa2PHz/q7u5OvV5P9XqdCWgAAAAAAAAA
2Toej4qiSGEY2uNwONge5zAMFQSBDaD/8Y9/6OHhQQ8PD3IcR47jyPM8RVFE+PyC5HI5FYtFVSoV
dbtd3dzc6MOHD7q5ubHLB0ulEhPQAAAAAAAAAP48U6lxOp3s+fF41H6/l+/72u12Nmje7/f27d1u
p91uJ8/ztF6vdX9/byefPc+zk8/mPvH8TPhcq9XUarU0GAw0mUx0d3en8XisXq+nRqOhSqWiYvH1
xLqv50oBAAAAAACAH8z5fLZTyuY2jmO7VNB13YsA2vM8BUEgz/O02Wy0Wq20Xq+1Xq+13W7tssE4
jnU6nZ774eGJcrmsdrut4XCoq6srjcdjjUYj9ft9tdtt2wFNBQcAAAAAAACAP8xMJZuqDVOtYW7X
67UNl9NT0L7vy/d9bbdbOY6j+XyuzWaj/X6vKIoURZGOxyOTzy9QPp+/CKBHo5EGg4F6vZ46nY4a
jYaq1aqKxSIVHAAAAAAAAAD+mHTlxuFwsHUaJlze7XZaLpdaLpdyHOeiisP3fXu7Xq9t13OSJPQ8
v1C5XE75fF6lUkmNRkPD4VB3d3e6ubnRaDS6CJ9fW/+zRAANAAAAAAAAvCin08nWbex2O202G1u5
sdls5LquFouFlsulFouFPM+z1Rv7/V6Hw+FiCSHh88tmwud6va5er6e7uzv95S9/0fv37zUajWzv
c6FQUC6Xe+7L/WoE0AAAAAAAAMALcj6flSSJwjCU7/t2keBqtdJyudRms7ELBU0A7bqudrudDoeD
DZyTJLlYXoiXyVRvVKtVdbtdXV9f6+PHj7q7u1O/31e9XlepVHqV4bNEAA0AAAAAAAA8OxMUH49H
HQ4HW7fhOI5ms5mWy6Xm87nm87lWq5UWi4VdLmgqOsIwtMsFCZxfj1KppG63q9FopJubG00mE1u9
YcLn17R08CkCaAAAAAAAAOCZnc9nxXGsKIoUBIFc17VVG4+Pj5pOp5rNZppOp3YK2nQ/m7qOJEkI
nl+hSqWiwWCgu7s73d3daTAYqNlsqlqtvtrajTQCaAAAAAAAACBD6VDYnD99n6nc2O/3F5Ub8/lc
Dw8Pur+/13Q6tQG07/uKokhRFNmJZ3Pg9cjlcqpWqzaAvr29tQF0uVxWsfj649vX/wgAAAAAAACA
F87Ua5jj6dtm4eB+v5fruloul1oulzZ8fnh40GKx0Gq1kud52u/39nMJnV+fXC6nUqmkYrGodrut
wWCgq6srjcdjdbvdV794MI0AGgAAAAAAAMjQ+Xy23c5RFOlwONhzc4RhaAPozWZj+54fHh70+Pio
2WymzWajIAgUhqFdMEj4/DoVCgVVq1XV63UNBgONx2NdX1/r6upKvV5PjUbDVnC8dgTQAAAAAAAA
QAbSdRtxHCsMQwVBoCAItN/vbZhszs0ywXQAbbqfHceR7/sXE9R4vQqFgmq1mlqtlnq9nobDoUaj
kfr9vlqtll0+mMvlmIAGAAAAAAAA8Kmn9Rrb7Va+78t1XXmeZ6s0giCQ7/vabDZyXVebzUbr9Vqb
zUar1Uqu69plg/Q8v36mfqPdbmsymejm5kbD4VCdTkfNZtNWb+Tz+ee+1G+CABoAAAAAAAD4xkzt
RhRF2u/3FwHzarXSZrOxlRpBEGi73WqxWMhxHK3XaxtMB0Ggw+GgOI4Jn98AM9FcLpfV6XR0dXVl
azdM+FwsFl/91HMaATQAAAAAAADwjZiQ+Hw+K0kSGz67rivHceQ4jubzuVarlRzH0X6/t9PR0+lU
8/lcm81Gx+PR9jzjbcjlcsrn8yoWi6pWq+r1erq+vtbNzY0Gg4Gazaaq1SoBNAAAAAAAAIBPnc9n
nU4nJUmiJEnk+748z5Pruloul5pOp1osFprNZloul3Icx3ZA+75vJ5/peX6b8vn8xeLB0Wikq6sr
W7/RaDTsBPRbqd+QCKABAAAAAACAb+Z0OimKIh0OB3mep/V6rdVqpdlspoeHB02nUz08PGi5XGq5
XOpwOCgMw4vbJEmo2niDCoWCGo2GOp2OxuOxxuOxJpOJxuPxRQVHoVBgAhoAAAAAAAD4kaWrNszk
8/l81uFwkO/7CoJAjuNouVxqsVhoOp3q119/1ePjo2azmRzH0Wq1UhzHNnQ290H4/DYVi0U1Gg31
+32NRiONRiMNh0N1u11bv1EulyWJABoAAAAAAAD4kZ3PZ8VxrCRJ7G0URQqCQK7rarvdaj6fazab
aTqd2gnoxWKh9Xotz/MUBIGt66Bu4+1KLx5st9u2emMwGNjqjXK5/OYmnw0CaAAAAAAAAOArmIln
M70chqE9PM/TarXSer3W4+OjPUz382q10m63UxRFiqJIp9OJ8PmNM8sHS6WSms2mer2e7X2u1+uq
VCoqlUpvMnyWCKABAAAAAACA3/S5mg0TPu92O3sEQaAgCLRerzWfz+U4ju7v7zWdTvX4+Gi7oD3P
UxzHVG38IHK5nIrFoiqVilqtlvr9vsbjsa6urtTv99VqtVStVt/c4sE0AmgAAAAAAADgN5zPZ1uT
EcexPfb7vbbbrbbbrXzftyH0arXSw8ODrd9wHEfr9Vq+7ysMQx2PR8LnH0g+n7eLB6+uruxhJqBN
93OxWGQCGgAAAAAAAPjRmAA6XbMRhqF837dVG9vtVkEQaLfbablc6pdfftHj46Mcx7HhdBRFSpLE
BtD4MRQKBdXrdfX7fU0mE00mExtA93o9G0Dn83kCaAAAAAAAAOBHkK7cSJJE+/3eBslmeeBms9Fy
ubQTzkEQyPd9OY5jJ6C3260Oh4PtesaPw/Q+l8tldTodTSYT3d7e2vC52+2q0WjY/ue3jAAaAAAA
AAAASDmfz4rj2IbP2+1WruvKdV2t12t5nifHcTSfz7VYLLRareT7vnzfl+d52mw28n1fh8NBSZIw
8fyDMb3PxWJRzWZTg8FANzc3evfuna6urtTpdFSr1VQul99s73MaATQAAAAAAAB+aE8DYrNkMAxD
7XY7bbdbu0RwuVxqvV5ruVxqNpvZhYOe58n3fe33e9sTfTwe7eJC/DhMAF2tVtVsNi/qN36UxYNp
BNAAAAAAAAD4YZ1Op0+OOI612+202+3kuq4Nnk3ovFqttFgsLio4zBLCOI4JnH9w+XxezWZT3W5X
Nzc39ri6uroIoEulEgE0AAAAAAAA8FaZBYNxHNslgVEUKQxDua6r7Xar1Wolx3G0WCy0WCw0nU7l
OI5dMGg6oQ+HAwsGIUkqFovq9/v68OGDfv75Z338+FE3NzcaDAbqdDpqNBo2gH6riwfTCKABAAAA
AADwwzqdToqiSPv9XmEY2tqN1Wql9XptJ53n87nm87mm06kWi4U2m42iKLI9z1RtwCgWi+r1enr/
/r3+9re/XdRvtNtt1Wo1VSoV5fN5AmgAAAAAAADgLTmfzzqfzzoejzoej9rtdnaSebfbyfM8eZ6n
xWJhJ5+Xy6V923Ecua4r3/ftfRA8Q5LK5bLK5bLtfH737p0+fPigwWCgwWCgVqtllw8Wiz9OLPvj
PFIAAAAAAABA0vF4tNPLnudps9los9nYZYObzUbz+dxOPq/XazmOo81moyAIFIahkiSxYTaQz+dV
rVbV6XR0dXWl6+trTSYTXV1dqd1u2/D5R+l9TiOABgAAAAAAwJtngmIz/Xw4HBQEgbbbrTabjZbL
pa3cWK1Wms1mchxH8/ncLiIMguCiboPwGYYJoM30szmGw6EajYbq9bqq1apyudwPUbuRRgANAAAA
AACAN88Ez0mSKAxDeZ4n3/dtyJyeeF4ul3biebPZyPd9u2iQ0BlpuVxOhUJBlUpFrVZL4/FYNzc3
urq6Uq/XU6vVUrlctpPPP1r4LBFAAwAAAAAA4Adgpp6jKLqo3ZjNZnp4eNDDw4Pm87keHx/lOI62
2632+72CIFAURbZyA0grFAoqlUp2+vn29lYfPnzQzc2N+v2+arWaCoWCCoXCDxk+SwTQAAAAAAAA
eGPSdRvm1kw+B0Egz/Nsr/NsNtPj46Pu7+/tueM4CsNQcRxfVG4AaWb6uVwuq9FoqNPpaDwe6/r6
WsPhUK1WS5VK5Yes3UgjgAYAAAAAAMCbcTqdlCSJjsejPZIk0X6/13a7tYsG5/O5HMfRr7/+ql9/
/VX39/dar9darVbyfV9xHOt0Oul0Oj33Q8ILVi6X1Wq1NBgMNBgM1O/31e121Wg0VKlUVCgUnvsS
nx0BNAAAAAAAAN4ME0AfDgdbuRFFkQ2ezcJB0/V8f3+vh4cHPT4+arfbXSwaJHzG78nlcqpUKmq3
2zZ8brfbqtfrtvMZBNAAAAAAAAB45dJVG8fjUWEY2v5mc6zXay0WCy2XSy2XS81mMzmOo4eHB81m
My2XS8VxrOPxSN0G/lOmfqNararb7Wo8HmswGNgAmunnfyKABgAAAAAAwKtmgufj8aj9fi/f9+V5
nj1837cLBk31xmq10maz0Wq10m63s1PPwH/GLB6sVCrqdrsajUa6vr7WaDRSp9NRrVZjAjqFABoA
AAAAAACvmlkyeDgctNvttNls5Lqu1uu1rd14fHzUr7/+qoeHB63Xa3mep91up/1+r8PhYCefmX7G
70lPPjebTQ0GA11fX+vu7k6TycT2P5fLZSag/xcCaAAAAAAAALw6Jiw24XMYhgqCwHY9r1YrW7mx
Wq10f3+vX3/9VY+Pj3Jd13ZEH49HnU4ngmd8kVwup3K5rHa7rX6/r8lkoslkouvraw2HQ1vBQQD9
TwTQAAAAAAAAeJWSJLGTz9vtVtvtVqvVSg8PD1osFppOp5rNZprP57Z6Y71ea7/f288leMbXyOfz
ajabur291U8//aSff/5Z79+/19XVlXq9njqdjhqNBh3QKQTQAAAAAAAAeHVOp5OOx6MOh4OCIJDn
eXJdV47jaLFY6OHhwR7T6VTr9VpBECgMQ8VxTN0Gvloul1M+n1ej0dDNzY3++te/6l/+5V90fX2t
wWCgVqulZrOpWq2mYrFIAP2/EEADAAAAAADgRTufz7YmI127EQSBdrudttutlsulnXr+5ZdfbPj8
+Pio2Wwm3/ep2sAfls/nVS6XVa/XNRwO9e7dOzv9PBgM1O/3VavVVKvVVKlUWECYQgANAAAAAACA
F8uEzUmSKI5jHY9HxXH8Se3GbDbTdDq1wfN8PtdyudR2u1UURYTP+FOq1ar6/b4Gg4F++ukn2/nc
7XbVarVs8FwoFJTL5Z77cl8UAmgAAAAAAAC8aKZqIwxDexsEgdbrtdbrtebzuV0yaMLn1Wplw+co
igif8adUq1U7+fz+/Xvd3NxoNBqp1+up2WyqXq+rUCgw+fwZBNAAAAAAAAB4EcyU8ul0sufH41H7
/V6+72u322m/3ysIAvm+b6ec05PPs9lMq9VKnucpDENJInzGH5bP523v83g81ocPH/TTTz/ZpYNm
+rlcLhM+/wYCaAAAAAAAALwIp9NJcRzbI4oixXGs7XYr13Xluq4NoLfbrQ2cHx8ftVqttFwu5bqu
giCwiwaBP8r0PpdKJfV6PV1fX+v9+/d69+6dRqOR2u22qtWqisUitRu/gwAaAAAAAAAAz85MO0dR
pP1+rzAMFYah9vu91uu1VquV1uu1giBQEARyXVe//vqr7u/vNZ1O5fu+fN9XGIZKkkSn0+m5HxJe
ORNA12o1dTodjcdj3dzc6OrqSt1uV41Gw04+E0D/NgJoAAAAAAAAPJt07cbhcNBut7N1GyZUXi6X
Wi6XchxHu91Ou93OTkBPp1MtFgtFUaTD4aDj8fjcDwlvQC6XU6lUUrPZVK/X09XVlcbjsUajkfr9
vg2fi0Xi1f8M3yEAAAAAAAA8m/P5bKs2fN/XZrOxlRubzUau62o+n2uxWGg+n9tg2vM8+7GHw0FJ
klC5gW+qXC7bxYMfPnzQaDRSs9lUpVKhduMrEEADAAAAAADgWZjJ5ziOFYahfN/Xdru1dRvL5VLr
9VqPj4+azWaazWY2fN7tdjocDja8Pp/PBND4ZnK5nMrlsvr9vt69e2d7n00AXSgUCKC/EAE0AAAA
AAAAvqvT6aTT6aTj8ajD4XBRtWGmnc254ziaz+daLpdarVYKgsCGz8fjkeAZ31Q+n1elUlG1WtVo
NNJkMtHd3Z2ur6/V7/fVarVUrVZVKpWUz+ef+3JfBQJoAAAAAAAAfFfn81lxHCuKIu12O1ulMZ/P
ba+zmXh2HEfr9Vqe58n3fUVRpCiKCJ+RiVKppHa7rW63q9vbW11fX2s8HmswGKjdbqvRaKharVLB
8RUIoAF8E+kf+L91/iP42h8+6e/P08/9vfvihxwAAACA1+JzzxGTJNHhcFAQBLbLeb1eaz6f6/Hx
Uff39zaEdhxHnufZug0zPf30voFvoVQqqdPpaDwe6+bmRuPxWMPhUL1eT+12W/V6XZVKRblcjufm
X4gAGsA3czwe7UuoPnf+ln4xMD9onh5fK/09yefznz3SXy+fz/MDDgAAAMCrcT6fL54fpms3PM+z
4bPjOHIcRw8PD/ZYLpdyHEeu62q/3ytJEh2Px+d+SHijzHPwWq2mXq+nyWSi6+trjUYjdTod1Wo1
lctlFYtFqje+EgE0gG/CLI2Iosj+VTp9xHH85n5RKBQKyufz9jYdGH+p9MvFCoWCyuWySqWSisWi
vTX3WygU7EEIDQAAAOA1MFUbcRxfPFc0tRubzUar1UqLxUKO4+j+/t5WcLiuK9/3FYahkiR5U0NN
eFlyuZx9Ht5sNjUajS4WD7bbbdv7zPPxr0cADeCbOJ/PSpJEYRhqv98rCALt93t7HobhswfQv9UN
9jXVF2npQLhYLNpz87W+9pqKxaKq1apddlAqlexfV58e5ut8jax+SKbv97fOAQAAAPxYzPOc0+lk
nyumnydut1stl0ut12stFgsbQD8+Pmo6nWo+nysIAsVxrCRJ3tyravGy5PN5lctl1Wo1tdttDYdD
OwHd7/fVbDZVqVQYCPuDCKABfBOn00lRFCkMQ3mep+12K9/37UuqfN9XkiTf/bpMwJv+q3v6Osxf
Oc0Us6m5+BLp6WcTPn+uIuP3fjg9nYCuVCoql8uqVqsXt5VKRaVSyf57qVT6qu9DusLjj3raV52e
+k5PgT/9XtCLBQAAAPxYTO3G8XhUFEX2OWH6eeJqtdJ8PpfjODZ8Xq1WduGgWTZoFg0CWTDPVyuV
iobDocbjsd6/f6+PHz/q7u5O4/FY3W5XrVZLtVpNpVKJ+o0/gAAawDeRnoDe7XZyXVeu69pFEtvt
VlEUfffrMn8lPx6PCoJAu91Oh8NB5/PZhqiVSkWVSuWTIPo/kw5X02Fr+jz9ccbTX57M2ya8LRaL
dgq6VqvZW3OYUPprpIPhP+Lp0pB8Pm+nsUul0sVRLpdVLpepCwGZNmxmAAAgAElEQVQAAAB+UOY5
mFkyuN1u5bqu1uu1rd1YLpeaTqdaLBZaLpfabDZyXVee52m/3yuOY6aekbl07/PV1ZV+/vln/fWv
f9XHjx81mUzU7/fVarXUaDRUrVZ5jvsHEUAD+CbMLxhxHGu/38vzPDmOo+VyqeVyqdVqpcPh8N2v
y2xHTpLELrcIgsAG0MViUbVaTfV6/WKZwNO/aH7pLz3pAPppEP2ln2/++mqC50ajcXGYEPprpGtC
crncJ4/nS67RfI4JoM00dnpSOx2Smw7rYrF4Ecb/1mP+3L/zgx0AAAB4PdK1G1EUab/fy/f9T3qe
HcfRfD7X4+OjFouFVquVnY6Oosg+jwOylMvl7C6mZrOpyWSin3/+WX/72990fX2t4XCobrerer1u
p595jvrHEEAD+CZMX1K9XlelUlEcxzaEns1mWi6XCsPwu16TqbcwW5b3+712u93FdRQKBdtFZl5K
87kJ6K8JoJ8e5v1fKpfL2UnidAidvq1UKl98f9KnE9DmetKP90ses/memkA7Pa1tfmiboNxUh5hQ
/+nXMI/TBNVPqzt4WRMAAADweqRrN+I41m63s0NApuN5Op3aISUTRq/Xa3mepzAM3+TyerxchUJB
jUZDrVZL19fXmkwmurq6ssFzs9m0wTOTz38OATSAbyKfz9up3O12q+PxKNd1NZvN7Abj/X7/3a8r
3QGdJMlFB7QJRIMgyKSz+I+Ez0a63qJSqaher6tardqA/2sD6N+qC0kvNfy9mpCn70t3QJdKJbs8
sd1uq91u234sE5ab+09/jWKxaP+SXKvV7DR1+nr4AQ8AAAC8HkmS2Mnn7Xar9Xp9sVjw/v5ei8XC
dj/7vm+X1rNoEN9boVBQq9XS1dWVfvrpJ93e3moymWg0GqnX61G78Q0RQAP4JkwQmcvlLl6akiSJ
giCQ67ryff9i6d73kq6OSN8afyYo/hJ/5H7TC/3MJLGZNDbVF3/0WtJBtAm50zUZ0m9/rz53X2YK
2gTQnU5H7XZb9XrdBufpJYVGuVxWu91Ws9lUs9lUtVq1j89MRj+dgn76R4I/OmUOAAAA4NtIv/I0
Xcnouq6t2phOp3p4eLAB9GKxkOu6OhwOdkjoOZ4r4seU3gfV7XY1mUz07t07XV9fazQafTL9zHPN
P48AGsA3YYLIfD5vu5N831cYhnJdV4vFQrvdzr4ki18sfl86JI7j2E4RpHuVv8V9mxD6z9SOFAoF
Gxg3Gg1bw5EOlM1SQhN053I5lctlG1a3223bxZ3ukE4vTSwWiyqXyxffA3OYsB4AAADA95PeBWT2
7my3W1u78fj4qMfHR/3Hf/yHPTcLCYMgsFPP9D3jezFVkNVqVb1eT5PJRO/fv9df/vIX3d7eajAY
qNlsXtRJ4s8jgAbwzZhQs9FoaDKZ6Hw+K4oiW8Ph+74k8bKqL5Be3mEmAeI41uFw+OySxK/1uSni
PxpAp/ulK5WKrd0wlRpmgtv0Wqf/2tzpdGwIbbqj0yF0Omg3923+zfROn8/nT8JqAAAAAN9HevLZ
9325rqvVamWXDN7f3+vh4UGPj4+az+cKw1CHw4HKDTwLMwzVbDbV6/V0dXWlu7s7vXv3TuPx2A5H
PX2VMP4cAmgA30Q6wKzVahqPx6pUKjocDvrll1/0j3/8Q7vdTr7v26US/JX796VfgvbSF3Gk6zie
Tiib4NkE0elNw6YvOh1Am8O83Mncf71eV6vVUqvVUr1ety+JSvdHP11y+FvX+bn6jt/6eAAAAACX
+3XMcTwedTgc5Pu+drudHMfRcrnUfD7X/f29fvnlF93f3+v+/l7z+Vyr1epiyAb43vL5vOr1uvr9
viaTiW5vb3V3d6fb21v1+307/cxzwW+LABrAN2emWxuNhnq9nq6vr/Xx40edTifN53Odz2fb9UUd
x9vwNCg/nU72pXimQsQE0umwerfbab1e26lpM+VsKjxMdYfZTmympVutlq36MIsZzRJM6bJmJB0y
m7qQ9PJFM8FtJstZfggAAAB86nQ6KUmSi+XuURTZnT/b7Vbz+VyLxUKz2cxOP0+nU202G4VhSPiM
Z2OeH5bLZXW7Xb17904fP37U7e2ter2erYGkciMbBNAAvjnzP3VJ6vV6urm5keu6iuNYp9NJYRja
JRW85OrtMP9N0wtI0oHu5xYIpoNg0xFdLpdtDUe6uqPVaqnX6130Rj9dYPg0bDbhsvl6pVLJVniY
Tq+nU9tPg2sAAADgR2d+x4+iSIfDQWEYKgxD7fd7bbdbrVYrrddrTadTW71hqhgdx1EQBDocDoTP
eDZPA+iffvpJf/3rX+3ks3kFLgF0Ngiggf+fvXttThtdswa8OAqEkMQZDD476dq9v838wf6PUzVV
U7tmqjs2ZwFCSIiDgPfDfu+nBXG6kz7Exl5XFZV0Okk7e8dYWrqfddNfLplMqk2xpmni4uJCXajI
RmRZRhhF0Ut/uPQXim/ABn6/wuK0AkNC6fhEtCw4LBaLmE6nKnguFouqrkMCaAmOZblifEmhXGzE
O6bj1SDSWy1hdHwi+rnwnJPSRERERPTWxQeH1us1lssllsslfN9XtRvS9zyZTDAcDtUEtNRxzOdz
RFHE8JlejPQ+67oO27ZV7/PV1RUajQZs2z46gUt/PQbQRPS3OF1ImE6nsV6vsVgs4LquOq61Wq1e
+kOlv9HvXWCe/vtEIqEuTDebDcIwVJPRQRDAdV0VNktgLN/XNO2zSWp5yZR1fCGi1H1ks1kUCgXV
LR0Pv+XXyq+Ph9MyWU1ERERE9FbJycZ41Ybc07mui/l8jvF4jH6/j/F4DMdxMJvN4LoufN9HGIbY
7Xbc/0MvKpFIwDAM1Go1XFxc4Pr6Gu12G/V6HZVKRQ03yQQ07/P+egygiehvk0qlkMvlUK1Woes6
FosFBoMB+v0+giCA53k83kJHZJHJ4XBAFEVHk8e+7x/VdUjFhkwtSzgslR3xYFr+fSaTOQqoZRLa
NE1YlgXLslS3tCw4lCD6dEr6tyagecFCRERERG+BBNCr1Urdw7muC8dxMJ1O1dRzfMmgTEZvNhtV
w0j0UqSesVAooF6v4+rqCu12G7VaDaVSSYXPcqKWGcXfgwE0Ef3l4uFbJpOBYRjI5/NotVq4vr6G
67rY7XYIggC+76sn4jyORcCvIfTXik89x4NmCYzjAXS84zmTyaiQ2rIs2LYN27ZhGAZM04Su6yqI
lsloXdePpq/T6V+/jMpU9OlCQwCs6yAiIiKisxHf7bLZbBAEgVoe7jgOHMdRVRvy6vf7cBwHi8VC
9UOzcoNempxizefzqFQquLi4wM3NjQqg5f5PFhDS34cBNBH97eQJYqlUwsPDA1KpFDRNg+/7qg9M
tigTfav40kPZzL3ZbNQxwfjUdHyiOh5YFwoFmKapajgMwzj6tlAoHPVO67quQmiRTqdVYC3htATR
p4E0EREREdFrJdfU2+0WQRBgPp/D8zw4joN+v4/RaIRer4fhcIjRaATXdTGbzVT4vN1uGT7Ti0sk
EkfDRp1OR70ajQYsy4Ku61w8+J0wgCaiv5WEfclkEqVSCel0GqZpYrfb4ZdffsHj4yOCIFAXOUTf
Kj49v9vtjv7OAfhsgSDw699LCaZzuZwKluMTz4ZhqODZNE3Ytq2WIEp9h/y3c7mcmqKWUFz6oxk8
ExEREdG5OBwOR7Ubi8VCTT8Ph0P0ej08PT2pMFq6njebjarTY/hML00CaFk6eHFxgXa7rbqfGUB/
XwygiehvFQ/e5FhLLpeD67r45z//ic1mg//93/9VT89lwzIvWOhbyN+Xb/17I+F0NptFEARHXc+a
pkHXdTUBLSF0sVhUAbSmaSrMzufzqkfMNE21RTneUR3vr35uKptBNRERERG9BBmg2O12avLZ933M
ZjNVt9Hv9/H4+Ihut6uWDk6nU6xWK9Yq0qshp0+z2SxM00Sj0cDV1RU6nQ6azSYqlQpM00Q+n1f3
aPT3YwBNRN+NTJxms1m0Wi3853/+J0qlEsrlMv7rv/5LLarYbDachqbvYr/fI5lMYrvdAoCq75Dq
DgmQZWGhdEDHlxNK/7Su66jVaqhUKuppuvxc6Y3O5XJHLwmnn+uNJiIiIiL6XmTqebvdYrlcYj6f
Yz6fYzweo9frYTAYoNvtqsnnyWQC3/c59UyvjlR+6rqOcrmMi4sLXF1d4eLiAuVyWdUpMnj+vhhA
E9F3IxOemqahVqshl8uh0WgAAObzOZ6enrBcLtXTd25Lpu9BJjX2+/3RJLLUeMikcnzBoQTH0vUs
yzYdx0G5XFbLLGR6+nSS2jCMo8oPqepIpVJHAfRpGP2lcJqhNRERERF9rXhQLN+XQYwwDNWunul0
qiafe70eut2uCqMXi4UKrBk+02uSSqWQz+dhmiYqlQqazSba7TYajQZs24au62qQiPdR3w8DaCL6
buTNPZlMquMu2WwWd3d3GI1GmM/naqGF67rYbDY8xkXfxW9dNJ/2RcvEs3wrAXQ+n1fbwWWZYT6f
VwsM4zUehmHAtm0Ui0UUi8WjMDteySFT0TIh/VxlBy+aiIiIiOhrxYd9pDZDajcWi4UKnyeTiVo6
KOHzYDDAdDrFYrFAGIbq9yJ6DeLViBI8X15e4uLiAo1G46h6QwJo+n4YQBPRi0gmk0in08jn8+h0
OviP//gPGIaB//7v/0YikcBms1HHwHa73Ut/uPSOxRccxrvxTgPi5XKJIAjgOA40TVPT0oVCQYXO
EjgbhoFyuYxSqQTbtlVNRzabPfo9JZiOv6SyQ8JqgBPQRERERPT1ZNo5/grDEK7rHk0+SwAdr92Q
2kROPdNrEj+9apomOp0O7u/vcXNzg8vLSzQaDZRKJTUoJPdUvI/6fhhAE9GLkC8Q2WwWjUZDbafd
7/cYDoeYTCaIokgFfry4oZckF9iHw0GFzwCOvpUpaQmQZVJZAuh49UahUEC1WkWlUkG1WlXT0pqm
HU1Xx/uipVNauqfjE9OHw+GL1R28qCIiIiIi4Nfp5yiKsF6vEYahevm+D8dxMJvNMB6P1WswGKDX
62E0GsHzPERRhCiKOPlMr0oikVCnU4vFIlqtFu7u7nB1dYVms4lyuQzTNNV9V/xUKX0fDKCJ6Ls7
De0KhYL6YuE4DhzHwX6/x+PjI8bjMWazGXa7nZpAJXop8vfvS38PZZkh8Ovf8/V6jfV6jSAIVJis
aRocx4FlWbAsC/l8/mgKWiafZYmhVHnEvy/LMzKZzFF/dHx6+nS5IS+wiIiIiN6fePAcRRF834fv
+/A8D0EQwPM8zOdzDIdDOI6D0WiE6XSK6XSKyWSCyWSCxWKB1WrFyWd6dRKJBLLZLCzLQrFYxNXV
lXq1221Uq1W1JF6WD/K+6PtjAE1ELy6d/vdbUbFYRLvdxj//+U+kUilks1kcDgcsl0u13IJ1HHQu
4gtdwjDEdrtFEATqYct0OoWmaUdTzhI4y4/H/70E0NIjbVmW+rF4NUcqlVK/Ty6XU59f7DgjIiIi
er92ux02mw1WqxUWi4Wq2vA8D7PZDJPJBP1+H6PRCMPhUIXSi8Xi6H6M4TO9JjJkk8vlVO/zzc0N
Op2O6n2W+yaGzy+LATQRvaj4crdkMolWqwUA0DQNq9UKnudhOp1iuVyqZRm86KFzEkXRb9Z2SBWN
hM1yLEyCZU3ToGma+nHZ5mzbNizLgmEYR/UdmUxG9U1HUfRZXYdMQ8c/FsGLMSIiIqK3Q+6bZPp5
tVohCIKjJYPT6RSO42A8HqPb7WI4HGI0GiEIAgRBgPV6zfswepXkXiqdTkPXddRqNVxdXeHm5gbt
dlsF0FJlmE6neb/zghhAE9GLky8CqVQKhUIBlUoFq9UKnU5HHfeSI2AyBc0LIDonvzctIhUz2+0W
2+0WYRgeBcqZTEYF0YVCAdPpFKZpwjTNz+o4stksDMNQvdPxaWr5eblc7ujBjywzJCIiIqK3Q5Zn
y/XlYrGA53mqZkMqN6TveTQaYTabqbqNzWaDKIoAfLmCjuilpFIp6LoOXddRr9fRbDZV8Fwul1Es
FpHL5bhw8JVgAE1Er0YikUA+n0cikcB+v8f19TV838dqtYKmaSqkW6/X6ggY0Vuw3++x2WzUDcJp
OCxLCVOplAqh4694f3Q2m0WxWFQvXdfVzyuXy7BtG7Ztq0A7k8mwH5qIiIjoDZJ7J6ndmM1mmE6n
GAwG6Pf7eHp6guM4agn8fD5HEARYLpfY7XZqKTzRa5ROp9Xp0E6ng6urK1xfX6PdbqNSqcAwDDV4
w3udl8cAmoheDVkekE6nsd/v0Wq1EAQBwjDE4XBQPbqJRAKHw0EtfONFEZ07meiXqo4v1XXIdufT
Wg6p4JAA2jAM9SoUCqqSo9lsIgxDRFF0NDkt4Xa8okOmouMXa7xwIyIiInrd5OSd3C9J7YZUG47H
YwyHQ/R6PfR6PRVAz2Yzdb/Fvmd6zeSeJJvNwjRN1Ot1XFxcoNlsotlsolqtwjRN5PN5Dtu8Igyg
iejViHfi5vN5NJtNAP9+spnNZtViwuFwiOl0iiAI2EdGb4b8Hf69v8uyvXy9XquqDqnpkMqO+EJD
WWBYLBYxHo9Rr9fRaDTUMsNCoaCC62w2q+o6stmsmr7+rd5oIiIiIno9pO85iiL4vq+WCTqOg8Fg
gOFwiMfHR/R6PXS7Xcznc7iuiyAIsN1uVd0h0Wslp0UNw0C9Xsfl5SWurq7QbDZRLpdhGIZaOMiq
wdeDATQRvUqZTAalUkktYTscDipslgUa6/UaURTxAoneFfkckGORm83maHo5mUyqMFpC5Xh3tOM4
mEwmsCwLpVJJTQfIAkTLslR1RyaTUf/deAhNRERERK+P3DOdTj7PZjMVQPf7ffT7fQwGA4xGI4Rh
iOVyqcJnDvbQayYDMnJ/U6lU0Gq1cHFxoWo35FQ1711eFwbQRPQqpdNp1VVrGIa6GNrv92ryc7vd
Yrlc4nA4qOUYRG+dVHUA+OLf+/hpAgmj8/k8XNdVS2dKpRJKpRIsy4JhGNB1XXWoVSoVFUzLNLT0
UMerOU7rQk4v8njRR0RERPT3O63dkFBZrv3G4zH6/T663a56jUYjOI6DKIpU+Ez02qXTaei6jmKx
iHq9jlarhU6nowJoWTzIAPr1YQBNRK9eJpNBpVLBzc2NeqKfSCSgaRpGoxEmk4mq4eATe6LjOg9Z
HpNIJDCfz7Hb7RCGIabTqeqIlj5o0zRRrVZRrVaPJqFlQlrqPtLptOqNlm9lCjuVSr3wn56IiIjo
fZETchI+e56HxWKB8XiMwWCgXv1+H6PRCK7rYrlcqqoO3kPRaycnPaWqs91u4/b2Fre3t2g0Gupk
Z6FQUDtuGEC/LgygiejVy2azqFar0HUduVwO+/1efQHa7/fwfR/r9RoAFxISCTkxEK+v2e128H0f
0+lU9UbL8bV8Pg/LslCr1VCtVlEul2HbNkzTVEsM5edJrYf0TUvVh0xI82KPiIiI6Ps5HA7YbDZY
r9fwfR+u68J1XYxGIzX5PBgM0Ov1MBqNMJ/PsVqt1LJBVhrSa5ZIJNTgS6FQwMXFBf7xj3/g4eHh
s+5nCaB5T/L6MIAmolcvnU6rLyaJRELVbsgRs+VyiUQioXqheXyM6N/ipwLipwfir1QqBV3XoWka
isUiXNfFZDKBbduwLAumacI0TTURXSgU1JJD6Y3O5/Pq95ALPnnJdPRpXQcRERER/XFynbff77HZ
bBCGIYIgUNdyk8nkqHZjNBphNBphNpupOkPeN9FrJ/crcmqz1Wrh6uoK9/f3uL+/R61WQ7lcPqoP
5PTz68QAmojOgvTOGoaBdrutJjfT6TQymQx+/vln1WO2Xq9Zx0F0Il7LESc3HpvNBtvtFuv1Gq7r
qmnnXC4HwzBg2/ZnAXQ+n1c/Jl3ShmEgk8moqejngmkiIiIi+nNk6jmKItX37HkeHMdRVRuPj494
enpCr9fDbDaD53lq8pnhM712stMmn8+rrufb21s1+Vyv11EqlY4WqMvgC70+DKCJ6KxomqbqODKZ
zNGxse12C8/zsN1uVfUAEf02OUkgHYCr1Qrz+Vz1PMuij3gntKZpaurZNE0Ui0VUKhWUSiXYtg1N
05DL5VAoFBBFEYrF4lFHdLwnmheIRERERN9G7n/k2i0IAnieh9lsBsdxMBwO0e/30ev1MBgMMBqN
4Ps+VqsVNpuNWvBO9Jolk0l1L9JoNPDw8IB//OMfaLVaaDabRwMyrN14/RhAE9FZSafTqpM2lUph
vV4jmUxit9uppRuz2QzL5RLr9ZpBNNHvOBwOagImiqLP/r0s/JTwWTqfNU1TG6jjAXS5XD4Kp8vl
sloKIpPRssgwvrwwPhnNC0ciIiKiz/1W7YbjOGr6udfrodvtot/vYzweYzabYbVaYbfb8f6IzkIy
mVS7amq1Gi4vL3F3d4eHhweUy2VUKhWYpqnuT9JpxpuvHf8fIqKzlEgkkMvl0Gg0kEql1MVYMplU
Szam0ymXExL9SYfDAVEUIQxD7HY7rFYrNRmdzWYxm82Qz+fhOA6KxaLqXysUCiqYtiwLtm1D13Xo
uo5CoaB63XO5nFpoyHoOIiIioi+L126EYQjP8zCfz1XwLJPPEj47jgPf949OiPK+iM5BKpWCbduq
8/n29hYXFxfq3sIwDOTzeWQyGQ6vnAkG0ER0lhKJBPL5PBqNBkqlkpqC3u/3SCaTWK1W6mKL/WZE
f44Ez5vNRnWxxbdRy9E4qd2QAFomoG3bhm3baqFhuVxGtVpVxz/l92IATURERPRlMhjwpdqNXq+n
XsPhEPP5XF3DcfKZzoXcG1iWhcvLS9zf3+Pq6gqtVgvlclntneGOmfPCAJqIzlY6nYZhGACA1WqF
1WoFAKoberfbwXEchGGIMAz5xJ/oD5KbnVOJREIF0r7vq8WDsrywUCjAcRwYhqE6pIvFIqrVKlqt
1tHikGKxqI7PyTS0LBGRwDs+3cBJByIiInoPpHJDdt4sl0sEQYDZbIbxeAzHcdDr9fD09KROgkrt
xnK5ZO0GnY1EIqEq+wzDQL1eR6fTwfX19dH0c/wEJZ0PBtBE9CYYhoFOp6MCsN1uh0wmg19++QXD
4VAt2wBYx0H0V5HPpd1uh0QioZbhSB+7TObkcjnk83kVTJfLZbTbbTQaDXUhaZqmCqllokEuLKUr
WpYXMnwmIiKi9ySKItX5PJ/PMZ/PMZlM0O/30e/38fT0hMfHR/T7fUwmE/i+j/V6rU6b8f6HzoHU
bFqWhVqthlarhVarhUajgXK5DMuyoOs60uk0p57PEANoInoT5AtRsVhEKpVSE89RFGG9XmM+n6up
aFZyEP115IYmiiIkEgl1gySTy7JsUBYPptNp2LYN13UxmUxQrVZh27a60KxWqyiXyygUCkdLD2Uy
+rmJaAbSRERE9BbJ9HO8dmM+n6vp58FgcLRwcDAYwPM8bDabo95nonOQTCah6zrK5TJarRaazSbq
9bq6XzAMA7lc7rOTkXQeGEAT0ZsQX4rWbDbheR4AqNB5vV5jsVggCAKsVitejBH9xeLTNfGHPPGa
DnnJ52AYhpjNZjBNE8ViEaPRCNVq9WgqulgsIp/PI5vNqjBaAmmZfpCqDvnvEREREZ2z52o3fN+H
67pwHAfj8VgFz1K7MZlMsFgssFwu1a8lOgcytKJpGmzbRr1eR7vdRrPZRKVSgWma0HUd2WxWnYik
88MAmojelEQigWKxiOvra+i6rr6YAVCLOaQiAGAdB9HfTT7H5KGPBM+O42C5XMJxHORyOeRyObWk
0LIsVCoV1Go1lEolddFZKBRgGAaKxaKakM5mswDABSRERET0psipsvV6Dc/zVPjc6/VU7YaE0I7j
qNoNDtrQOZHe53w+D8MwUKvV0Ol0cHNzg1arhVKpxPD5jWAATURvihzbabVasCwLu90O2+0Wq9VK
LUoLggD7/V51ohHR3ys+HZ1IJLBarbDdbuF5nppkTqVSyOfz0HVdXXxeXFyoENowDJimiVKphEql
giiKsN/voeu6mrBOpVKqnkP+W0RERETnJF67sV6vEQQBFosFZrMZJpPJZ7Ubw+EQs9lMDdlw8pnO
SSKRQDqdRj6fh2VZqFaraDab6HQ6qNVqME0T+Xwe6XSa1/ZnjgE0Eb0p8gRVXhcXF6qPNpfLYb/f
I5VKqeUc0hVNRN/H4XD4rItdppeXyyUWiwXm8zl834fv+xiPx7AsC4VC4SiALpVKajo6vrRQ07Sj
3uh4ZzQRERHRayXBswzQyLWQ67qq77nf7+OXX35Bt9tFr9fDdDqF53msGKSzk0wmkclkkM1mUSqV
VOfz/f09rq+v0Wq11J6YQqEATdPUyWY6T/x/j4jerGQyCcuycHV1hVwuh3Q6jSiK1KTk4XDAarUC
wCoOopckkzoytSMB9Wq1guM4qm5DpqBt24Zt26hUKur7xWIRhmHAsizYtg3TNJHL5VQ/NANoIiIi
eu1kd81qtVIP5R3HUZUbT09PeHx8xGAwwGg0wnK5xHq9PjptRnQO0uk0crkcDMNAvV7H7e0trq+v
cXt7i3a7jUqlgmKxeLQPhnV7540BNBG9WclkUnXH2rYNANhsNjgcDthsNgjDEJ7nqbCLF21EL0em
dmTqJwxDzOdzJJNJ5HI5aJp21AMtR/RKpZLajC3f3263aopITkPE6zniYTSDaSIiInpJ8X0ZURRh
tVohCALM53NMJhOMRiP0ej18+vQJT09P6Ha7GI/HmM1mvI+hsyPX3tlsFoZhqOnn29tbPDw8oNPp
oFqtolwuQ9d16LqOXC7HE41vAANoInqzEomEmn7UdR3VahU3NzeIogjL5RJhGCIIAoRhiOVyqRYT
EtHLkJsn+Xa32yGRSOBwOCCKIrWMRz53l8slptMpJpMJLMuCZVmo1WpwXRf1eh2WZakFh3IBKx1y
XFpIREREr0G8diMMQzX5PB6P1RJ1WTw4Go3gui6Wy6Xah9D5AOkAACAASURBVMHwmc6FnEROpVKw
LAutVgutVgs3Nzdot9toNBool8swTVPVbmQyGYbPbwQDaCJ686QXulwuqy7o9XqN9XqN5XKJyWSi
wi1ewBG9LhI+y3T0ZrNRXdGu60LTNOTzeTUZXalUcHFxgXq9rpYXFgoFVKtVNBoNVKtV5HI5ZDIZ
VnMQERHRizut3ZBlg71eD09PT/j06ZOq4HAcB77vs/OZzlIymUQ2m4WmaahWq7i9vcX9/T0uLy9x
eXmprt+LxSJ0XVdhNb0NDKCJ6M2TJWTFYlEFT9PpFPP5HK7rAoDqT5MLOV7MEb0e8XoOWSoqkxCp
VEptzs7lcnAcR/UlygVssViE7/vY7/dIJpMwDONoUWF8GloCaQbTRERE9FeKn/SKv2Qoxvd9dQ0j
vc/dbhefPn3CeDzGeDyG67pqZwbvV+hcyNBHJpOBYRgwDAPNZhNXV1e4v7/HxcUFarWamn7O5/PQ
NE39Ol6Xvw0MoInoTYt/sUqn00ilUrBtG9fX19jtdkin0ygUCuoI23K5xGazwW63e8GPmohOnT4Y
in+OJpNJdWx1s9lgs9lgPp+r6Wdd1+E4DqbTKRzHgWVZammhvHRdV8cC4xe7vOAlIiKiv4J0PO92
O3X6Mooi+L6vajem0ymGwyHG4zF++eUXPD4+4unpCYvFAovFgvcpdHYkeM5kMrAsCxcXF2g0Gnh4
eMDd3R06nQ5qtZpaIi4LBzn5/PYwgCaid0OCJE3T0Gq1kMvlkM/nsdvtMJ1OsVgsVAcbL+yIzsfh
cFDTQHJzt1gsoGmaek2nU8xmM4zHY1QqFZTLZdi2jUajgVqtpiapATw7EU1ERET0Z+z3e2y3W1UF
KK/5fI7ZbKYelA+HQ4xGIzw+PqLX62E0GqkH7Pv9/qX/GETfJJlMIpPJIJfLoVQq4fLyEvf397i9
vVULB23bRrFYZPj8xjGAJqJ3IX6sXtM01Go1VKtVmKaJxWKB8XiM5XKJZDKJw+Gggixe5BG9flLP
Ee+IlhBZTj5MJhNMJhMMBgNUKhX1HhAEAbbb7VEnnUxpSCj9XC0Hg2kiIiL6FofD4bNlysvlUlVu
jMdjjEYjDAYDjEYjtXRwMpm89IdO9M3kWllqN0zTRLPZxO3tLf7xj3/g6upKDYXIiUVN0xg+v2Gp
n3766aeX/iCIiL43OVovR+Dkqawcvz8cDkgkEgyhic7QaTgc/3yWGz856rpcLhEEAXzfh+u68DxP
VfHI8sP9fn9Ux8FqDiIiIvpW2+1Whc6+78PzPMzncxU293o9DAYDDIdDOI4D13XVNQnROZE9Ldls
FpZlodPp4Pr6+rPaDanFkz1Nci9ObxMnoInoXZIvbIVCAdfX1ygWi6jVasjn80ilUjgcDnAcB9vt
VoVQRHQepC86/jDJ931sNht4nodMJoNsNotcLqcW/LTbbZRKJVQqFTUhXS6Xsd/vkcvlAPy60JQX
xkRERPStpIIjDEO1cHA2m2EwGODp6QlPT0/qxJY8JGf4TOdIep81TUOpVMLV1RUeHh5we3uLdruN
ZrOJcrms9rAwfH4fGEAT0bsTn2LMZrNq6UE+n8dyuUQURQD+vbRQuqBlSQiDaKLzEV9cKNPP8c//
TCaDIAjgeR5msxnK5TKq1Sqq1Spc10W9Xofv+0fLDKWeQ6o9vlTRQURERO+TXH/s9/uj7y+XSywW
C7iui8lkAsdxMJlM1PRzr9eD67pwXRdBEKh7EqJzIacENU2DaZowTRPtdhs3Nze4v7/H9fU1qtUq
SqWS6nyO127wWvptYwBNRO9aIpFAOp1GMplEqVTCw8MDMpkMTNNEsVhEOp1Gr9fDYrGA7/u8ECQ6
U/EwWuz3e3ieh8PhgOVyifF4jG63q5YTVqtVdTzQsiyYpqnCaMMwUCwWYRgGMpkML5iJiIgIwK/L
kaMowna7Vd93XRf9fl91PI/HYziOg16vh36/D8dxEAQBVqsVdrsdB1/orMhwRzqdRrFYRKfTQafT
wc3NDR4eHnB5eYl6va6uqfP5PDKZDE8XviMMoIno3ZNj9bquo9PpoFgsolAoYLfbYblcYr1eY7fb
IQxDBtBEb8jhcEAYhtjtdgiCANlsFplMBrquq2WFMqUh9Rzlcll9H4Da1C3vIwCnN4iIiN4zqdpY
r9dYrVZYrVZYr9dqGbKE0MPhEJPJRHU+z+dztYOCO2jo3Mhgl6ZpsCwLrVYLHz58wP39vep8tm1b
1W5ks1mGz+8MA2gietfiR+dl+YFt28hkMvB9H6vVSi0gk+P7u90Ou92OF4ZEZ04mlLbbrfoxmd5w
XReO42A4HKJUKsG2bRVIVyoVNJtNhGGIzWYD0zRVeJ1Op1U9B6s5iIiI3od41Yb0PMuywSAIsFwu
MRqN0Ov10O121RS04ziYzWZqCbLU/xGdCxnCyGazME0TlmXh4uICt7e3qvdZwmdZOKhpGtJpxpHv
Df8fJyKKSSaTSKVSKBaLuLm5QTqdRj6fRzabBQCMx2P4vo8wDLHdbp891k9E50tuHsMwBPDvjfVB
EGA6nWI8HqNUKsGyLLWpvtlsolqtqtoeeem6zgtrIiKid+JwOKjKjTAM4XkeFosF5vM55vM5PM/D
eDxGv99XwfN0OoXrumpRMu8p6BylUilkMhkUi0W0220VPt/e3qLVaqFcLsM0TRQKBTXwxeGM94l3
RkREMYlE4iiArtVq0DQN6/Uavu+rZSLb7VZNQfNikeht2e12WK1W2G63WC6Xatmgpmmq97lSqWA4
HKLRaODi4gKNRgP1eh3ValX9XG7zJiIiej+iKMJ6vcZyuYTneXBdF9PpFNPpFLPZDMPhUAXQk8kE
k8kE8/lcdT7zdCWdm3jthmmauLi4wMePH/Hx40c0m000m02Uy2U1nCG1G1JbR+8LA2giov8vflw+
m82q3tf1eq062XRdV188XddVnW68YCR6O2SKSW4kRTqdxmKxQC6XU9NMssF+NBqh0Wig2WwiCALU
63UYhoFsNqt6olnNQURE9HbIqan9fo8oilTlxnw+x3g8xmQyUYsG5fvj8VhNPi8WCyyXS+6YobMj
tRuZTAaWZaFcLqPVah3VbsjeFAmfWbtB/H+fiOgZ8WCoVCrh48eP0HUdjUYDpVIJhmGg2+3CcRx1
0cg6DqK3bb/fqyOyElJ7nofpdIputwvbttFoNHB9fY1Wq6X67mzbRqFQUEcP0+k0w2ciIqI3QGo3
VquVmnqeTCbo9/sYDocYDAZwHEdVbsgDbFl0ziEWOjcy9ZzJZFAoFHBxcYGbmxvc3Nzg/v4e7XZb
1dPJwsF0Os2pZ2IATUT0JRIQmaaJm5sbVCoVWJal/v1ut1P9sNvtFlEUMYAmesNkwkk+98MwRDqd
xmQygaZp0HUd9Xods9kMo9EInU4HjUYDrVYLpVJJTYsAv/bNCwbSRERE50Omn6Mowmq1QhAE8DwP
s9lMLTHu9/vo9XpqGtp1XQRBoHbJyPQ00TmRhd35fB6maaLZbOLh4QEPDw/odDqo1WoolUrQdR2F
QgGapiGZTPJalxhAExE9J/4FMpvNIpPJQNd17Pd7+L6v/n0ymVQ/5vs+VqsVe6GJ3jC5UZQQGgCW
y6WaBJHuaM/z4HkeJpMJZrMZ6vU6fN9HpVKBYRjI5XJH1RzxqRBeoBMREb1Ocgpqt9up2o0gCDCf
z1Ul12AwQL/fx2AwwHA4VD3Qvu9jvV5js9kweKazI7uS0um0qt1oNBpq+vny8hL1eh22bcMwDGia
hmw2y9oNUlI//fTTTy/9QRARnRPZ8ivBtHwx3m63vKAkeqfiN6Tb7VZ1QE4mEziOg8Vigc1mg81m
o05MCJmGZjc0ERHR6xdFETabDVarFebzOebzORzHwWAwQK/XQ7fbRa/Xw3A4hOM48DxPhc9RFPFe
gc6O3O9ms1kUCgV0Oh3c39/jxx9/xN3dHa6urlRVpXQ+ZzIZpFIpVm+QwkcRRERfQb7oSvBcLpfV
F9XD4YBUKgXf97FYLNSFJaegid4H+Xzf7XbY7XZYrVaYTCYYDofqeOJkMkEYhlgulwjDUC033O/3
ahs4Q2giIqLXTao3NpvN0dJBWTIo088SPs9mM/W1f7vdcmcMna1UKgVN02AYBur1Om5vb/Hjjz+i
Vquh0WigXC7DNE3ouo5cLodEIsHrWTrCAJqI6HfEv3BmMhmk02lks1m0223sdjv1xXi/3yOdTsNx
HPi+jyAIeIFJ9E7I53oURWq6ebVaqXqe/X6P3W4H13UxGAxQrVZRr9dRrVZRrVZh27baEB4/shjv
iSYiIqKXF0UR1us1lsvlUfgsvc+yeHA+n8P3fWw2G04+01mSIaxMJgPLstBoNFCv1/Hhwwfc39/j
6uoKtm2jXC6jWCwin8+rijmiUwygiYi+kXwhtiwLV1dX6gvt4XBAJpNBNptFv99HGIZqSoKI3p/4
ciLHcbDdbuE4Dh4fH2GaJiqVCi4uLtBut9FoNFQQbVmW2hrOC3giIqLXQ048SQAdXzzoOI5aOCjh
83q9xm634/0AnSWp3ZBF2/f397i5ucHd3R06nQ4qlQqKxSIMw1D3xKzcoC9hAE1E9JXik9CpVAqm
aaJQKMC2baRSKURRhEQigSiKEIYh5vO5mobkRSfR+yPVHPv9Xi0m7Pf7yOfzyOVyKJVKuLq6wng8
xtXVlQqiN5sNdrvd0bLT0+3hPNJIRET0/chJJ/maLqecPM/DdDpV4bPjOGrh4Gq1wmazOfr1ROdA
rjMzmQx0XVfTz/f39/j48SMuLy9RrVZRLpeh67qq3WD4TL+FATQR0R8gU9DS2VqpVHB9fY39fq8m
HXa7HRaLBTzPw2q1Yi800TskXY8yDS1LCMMwRBRFSCaT6qGV67oYjUao1+uo1WqoVCoolUowDAOF
QkEdaTwNo4mIiOjvJVVam80GYRjC8zy4rovpdKoWDruuC9/3sVwuVe0Gr/3p3MTvcy3LQr1eR7PZ
xO3tLS4vL9FsNlGpVGBZFgqFAjRNQyaT4fUp/S4G0EREf1IqlYJt27i9vYWu60gkEmpBYa/Xw+Fw
OJqE5oUo0fslR3cPhwN838fhcEAQBBiPxyiVSrBtG5VKRXXsdToddbFvGAanS4iIiL6zeO2GhM9S
uzEajTAcDjEcDjGbzbBYLLBarbDdbnkCks6S1G5omoZ6vY6Hhwfc39/j8vIS19fXaDQaKJVKKBaL
qi6OlXH0NRhAExH9SYlEQgVD+Xwem81GTUkkk0ksl0us12t1MSrhExG9T9IFKZNUi8VCLTDSdR2l
UgnNZhP1eh1BEGC/36t6H+nYk0mTeBjNqRMiIqK/znO1G0EQqABaJp8nk4nqfZbpZw6d0LlJJBJq
kKpQKKBQKKDRaOD6+hofP35Eq9VCvV5HuVyGaZrI5/PQNE39Ol6H0u9hAE1E9CfFjykVi0W0Wi0A
QDqdVl+UNU07ujDd7/e8MCV6x6SaY7vdHr3k6G4YhqpD0vM8jEYjNJtNNBqNowv/fD6PZDKp6oCI
iIjoryH1WVEUwfd9LBYLuK6L8XiM4XCIwWCA4XCI0WiE6XSKMAwZPtNZSiQSSKfTyGQysCxLhc0f
PnzA/f09Op0OarUabNtW16BSDUf0tRhAExH9hdLpNMrlMrLZLHK5HBKJBPb7vQqI5EKWx/KICPh1
ukqO9kZRpCajpUtyNpuh1+uh3W6rreMSRKdSKWQyGU6fEBER/YVkf8Nms8F6vYbv+5jP50cLB0ej
ESaTCWazGTzPw3a7Ze8znaVkMolMJoN8Pq+WZN/d3X0WPheLRYbP9IcxgCYi+gul02nYtg3btmFZ
lroATSQSqj9ut9shDEOEYYjtdqsmIYno/ZJTEXLE1/d9JBIJTCYTDAYD2LaNy8tLBEGAIAhUpU8i
kUAul0Mul1M3A6dBNENpIiKir3Nau7FerxEEAebzORzHUX3Pg8EAg8FATT8vFosX/siJvp1cI0rt
hmmaaDabuLu7wz//+U9cXV2hWq2iVCqhUChA13Vomsbwmf4QBtBERH8TmYa+vr4GAFXRUS6X4TiO
ulhdrVbquB4REQB1ciKKIoRhqI5GplIpzOdzjMdjtFotXFxcoFQqoVwuw7IsdWOQzWZVRzQDaCIi
oq8Tr91YLpfwPA+LxQKj0Qj9fh+9Xg/dbhe9Xg+j0Qie52G9Xr/0h030zaRGMp1Ow7IsXFxcoNVq
4fr6GldXV2rq2TCMo+CZ15X0RzGAJiL6m2SzWVQqFeRyOZimiUKhgGq1inK5jF9++QWapqlwSJaS
EREJmb46HA7YbDZYrVbwPA+//PILPn36hFarhXa7jXa7jevrazSbTZTLZRSLRXVTkclkXvqPQURE
dDakdkNOI7mui9lshsFggMfHR3z69Am9Xg+Pj48Yj8fwfR+bzealP2yibyYLBzVNQ6lUws3NDR4e
HnBzc4N2u63q3iSAzmQyDKDpT2EATUT0N0kmkygWiygUCmpRWPzoUiaTQTqdRjqdxm63AwAG0UR0
RN4TpJrD8zyk02nM53PMZjNMp1O4roswDOH7PhqNBkqlEkqlklpSKBMrqVQKyWTypf9IREREr4rU
4cly4DAMEQQBXNeF4zhwHAe9Xg9PT094fHzEcDiE4zhwXVc9KCY6F1LVpmkaisUiTNNEu91WAfTl
5aUampLO53jtBgNo+qNSP/30008v/UEQEb1F8sVdppxTqRQ0TUM+n4eu6zBNE7lcTl3sysZsbs4m
olNyY7zf749C6TAM1RFhWYQky5CCIFD1PvIexM4+IiKiY3LSaLPZqL7n2WyG0WiEp6cnPD094eef
f8anT5/w9PSE2WyGxWKB9XrNwRE6KzL1nM1mYVkWOp0O7u/v8cMPP+DDhw+4urpCs9lEqVSCaZrI
5/PIZDJHC6+J/ihOQBMRfQfpdBqmaULTNOi6jmKxiHq9Dl3Xsdls4Ps+oihSoRIvZonot6zXa8zn
c4RhqLopLctCo9FAvV7HxcUF2u02wjBUJyzS6bSq5OANBBEREdTD3SiKsFqtVAA9nU4xHo9V5/Pj
46PqfQ7DEJvNhgMjdHZkp4imaTBNExcXF/j48SPu7+/R6XQ+632WnSJEfwUG0ERE34FUbeTzeRQK
BRSLRVSrVaRSKSyXS2w2G6TT/35LlolFhtBE9Bw5NbHdbhEEATzPQyqVQj6fh+M4GA6HmEwmcF0X
vu8jCAIsl0uEYQjbttWSwnQ6zUWFRET0LsVPFm02G1W7MZvN4DgORqORCp4fHx/R7XYxGo0wm83U
g12icxGv3TBN86h248OHD7i9vUW1WoVt20e1G3J/SvRX4N8mIqLvSCo5NE0DADQaDfz444/QdR22
bSORSGC1WmG322G73fICl4h+1+FwwG63w3q9hud56iTFcrnEdDpFr9dDq9VCpVJRE9LVahWWZakw
mtUcRET0nkjtRhRFCMMQnufB8zw19dzv9/H09IRut4vBYIDZbIbVasWpZzo78cXUEjxfXFzg5uYG
[...]
qmLPkGqKulXp71PQO6gCV0RuZ1I2cSEMAABwOkrLpljCoeG4V72RgDrCJTo6UKb+6PRe2HraB9AA
AAAAAAAAgJnJnu8CAAAAAAAAAACnJgJoAAAAAAAAAIAlCKABAAAAAAAAAJYggAYAAAAAAAAAWIIA
GgAAAAAAAABgCQJoAAAAAAAAAIAlCKABAAAAAAAAAJYggAYAAAAAAAAAWIIAGgAAAAAAAABgCQJo
AAAAAAAAAIAlCKABAAAAAAAAAJYggAYAAAAAAAAAWIIAGgAAAAAAAABgCQJoAAAAAAAAAIAlCKAB
AAAAAAAAAJYggAYAAAAAAAAAWIIAGgAAAAAAAABgCQJoAAAAAAAAAIAlCKABAAAAAAAAAJYggAYA
AAAAAAAAWIIAGgAAAAAAAABgCQJoAAAAAAAAAIAlCKABAAAAAAAAAJYggAYAAAAAAAAAWIIAGgAA
AAAAAABgCQJoAAAAAAAAAIAlCKABAAAAAAAAAJYggAYAAAAAAAAAWIIAGgAAAAAAAABgCQJoAAAA
AAAAAIAlCKABAAAAAAAAAJZw5rsAAAAAzAyrk436dPRRrba1ye9IyJbvgnDKS0sKJ53akq7Sv3iu
1BZHQ75LAnKKn7vINX7uArCCrfxzn0vnuwgAAABMb1+JPKDb7JsJP5A3aUk/TK3Rh73r810KkBP8
3EW+8XMXQLbQggMAAAAZfSXygN5MCII8s0l6s32zvhJ5IN+lAJbj5y6mA37uAsgWAmgAAACYWp1s
1G32zfkuA3jJbfbNWp1szHcZgGX4uYvphp+7AKaKABoAAACmPh19lBl4mFZsOva+BE5V/NzFdMPP
XQBTRQANAAAAU6ttbfkuARiF9yVOZby/MR3xvgQwFQTQAAAAMOV3JPJdAjAK70ucynh/YzrifQlg
KgigAQAAYIrbwDEd8b7EqYz3N6Yj3pcApoIAGgAAAAAAAABgCQJoAAAAAAAAAIAlCKABAAAAAAAA
AJYggAYAAAAAAAAAWIIAGgAAAAAAAABgCQJoAAAAAAAAAIAlCKABAAAAAAAAAJYggAYAAAAAAAAA
WIIAGgAAAAAAAABgCQJoAAAAAAAAAIAlCKABAAAAAAAAAJYggAYAAAAAAAAAWIIAGgAAAAAAAABg
CQJoAAAAAAAAAIAlCKABAAAAAAAAAJYggAYAAAAAAAAAWIIAGgAAAAAAAABgCQJoAAAAAAAAAIAl
CKABAAAAAAAAAJYggAYAAAAAAAAAWIIAGgAAAAAAAABgCQJoAAAAAAAAAIAlCKABAAAAAAAAAJYg
gAYAAAAAAAAAWIIAGgAAAAAAAABgCQJoAAAAAAAAAIAlCKABAAAAAAAAAJYggAYAAAAAAAAAWIIA
GgAAAAAAAABgCQJoAAAAAAAAAIAlCKABAAAAAAAAAJYggAYAAAAAAAAAWIIAGgAAAAAAAABgCQJo
AAAAAAAAAIAlCKABAAAAAAAAAJYggAYAAAAAAAAAWIIAGgAAAAAAAABgCQJoAAAAAAAAAIAlCKAB
AAAAAAAAAJYggAYAAAAAAAAAWIIAGgAAAAAAAABgCQJoAAAAAAAAAIAlCKABAAAAAAAAAJYggAYA
AAAAAAAAWIIAGgAAAAAAAABgCQJoAAAAAAAAAIAlCKABAAAAAAAAAJYggAYAAAAAAAAAWIIAGgAA
AAAAAABgCQJoAAAAAAAAAIAlnPkuAAAAAAAAIGtcBVLFEik4V/KVSi6f5PQdG4sNSbFBKTokRQek
oVapfXt+6wWAUxwBNAAAAHDc9T+Vyhdmd5+ppJSMSomoFA9LQ+3SYKvUe0A68mep91B2jwcApxNX
gbT4GqnhlVLlUql0gRSolmwTuOE7Piz1N0n9jVLfYaltq7T7IWmg2bq6AeA0QgANAAAAHFexRKpa
lbvjpdPHZt8dfUE6+HvpxQekgZbcHR8AZiJXgbT6Vmnp9VLd2ZK7cOr7K1907M9xV3xD6nxRavqr
dOB30ov3T+0YAHAaI4AGAAAA8sVmkwI10qIaadHV0mX/Jh14XHrhe9KeX+W7OgCYXoobpFd8RFr+
RqmgzNpj2Z1SaOWxP2e8Teo7Iu28T3ruW9y5AgATxCKEAAAAwHTh9EqLrpFuekh6y9PSvMvzXREA
5J+3WLryP6R3b5fOerf14bORklnS+R+W7tgl3fDz3B8fAGYwAmgAAABgOmo4X3rTb6TX/VDyBfNd
DQDkx4o3Su/cIp39HslTlO9qJKdHmntJvqsAgBmFABoAAACYrmz2Y31O37bxWCANAKcLh0t67X9K
6++RSmbnuxoAwBQQQAMAAADTXel86eZHpCWvz3clAGC9wpD05ieOtduwEVsAwEzHT3IAAABgJvCW
SNffIy27Id+VAIB1ihukWx+XGl6R70oAAFlCAA0AAADMFE6vdO33WJwQwKnJXyHd8qgUWpnvSgAA
WeTMdwEAAADAjPXj10hNz5iPuwuPzVwuniUF50ihFVL1Gql6reRwT+6YnoB03f9K3z1P6m+c3D4A
YLpxuKQbfi5VLsvePmNh6f+3d+fRdpXl/cC/NzeBQEjCPAYEAygoEJVJRWSQSUBBBicEwaq1xY4W
rVq1iv21Squi4lALSlGU0QkEwyQCMlkmRQQiECIhhCmQkOHe5P7+2LXVQszd55737nPO/XzWylLD
fs5+XOvhzc337P2+C+cmCx9Olj6dDC5JhlZUBwlOmJSsuV6y5vrJWhvb6gOgIAE0AAC0asVgFWqs
zNKnk6fnJvN/9Ye/P2WzZJc/S2YcV/33uqZsVoXQ33hN/VqATrT/KclWe4/sM1YMJg/dnMyamdx3
VTL7p8nygVXXrbFOstluybTdqi8JN925tbUZgOckgAYAgNH21G+Tyz+UXPupZN9PJju/OxlX80fz
5++b7PpnyY2nlekRYLRM3z/Z5T2t1w88k9xxdnLD55OHb6tfv/iJ5N5Lql+/s8Urk+0OT7Y5KFl/
u6Svr/X+AMY475gAAEBTlixILjoxufC4KkCpa88PV0/uAXSzAz5dbcHRilkzk6/ulnzvT1oLn1dm
9rXJpe9LvvCi5D9emdxyRvLMo+37fIAxxBPQAADQtNu/lQwNJW/4z2Rc//DrJm+S7P5XyZUfLdcb
QEm7/Glrhw4ODSXX/Ety2d+3v6f/68GfVb9Wn5zs9t5k24PL3xOgh3gCGgAAOsEdZyc3fal+3UuO
b/3JQYCm7Xpia3VXf3J0wufft/Tp5Op/Sr72ytG9L0CXE0ADAECnuPRv6r9CPnXzZPsjy/QDUNL0
/ZINX1S/7t5Lkiv+of39AFCEABoAADrF8oHkZ5+pX7f9Ee3vBaC0nd5Wv+bph5LvvbP9vQBQjAAa
AAA6ya3fSOb/ql7N5i8v0wtASVu0sJXF9Z9LnprT/l4AKEYADQAAneZXF9a7fvKmyUY7lOkFoIQN
tkvW3qpezYIHk+tPLdMPAMUIoAEAoNPcd0X9muft2f4+AEp53quSvr56Nb/4djK4pEw/ABQjgAYA
gE7zm8uTxU/Uq1mn5pOEAE1ad+v6Nff8qP19AFCcABoAADrRgtn1rp+yeZk+AEqYukW96xfNT+67
skwvABQ1vukGAACA57DkyXrXrz65TB8AJaw+pd71Cx5oz31f8TfJuAkj/5yBRckNXxj55wCMAQJo
AADoREsX1Lt+whpl+gAoYcKa9a6vuy3Ryuz7yWT8xJF/zsJ5AmiAYbIFBwAAdKLlA/WuH+fZEqCL
jOuvd327AmgARp0AGgAAOlHd19MHFpfpA6CEumtWvy/ZALqVABoAADrRxKn1rh8UQANdZGBRvevX
WLdMHwAUJ4AGAIBOtPaW9a5fNL9MHwAlPD233vVTNi/TBwDFCaABAKDTbPKSZNKG9WqefKBMLwAl
PD6r3vXrbFX/izkAOoIAGgAAOs3WB9aveezX7e8DoJS5/1Xv+r5xyY5vKdMLAEUJoAEAoNO86Kh6
1y9flsyaWaYXgBLuuzJ55tF6NS9+U5leACjKMbIAANBJtto72XhGvZpH70oWP1GmH4BSfntTss1B
w79+ox2Snd+d3PyV1u95zaeS/gnP/v2+/mSPk1r/XABWSgANAACdZJ+PJ3199WpmXVamF4CS7jy/
XgCdJHv/Y3LvpcmT97d2zys/+ty/P2kDATRAIbbgAACATrHbe5Mt9qhXMzSU3H5WmX4ASrrtzGTh
w/Vq1tooOfqcZPXJZXoCoO0E0AAA0Ak2npHs9ZH6dbOvSebe0v5+AEpbPpDc8vX6dZvtkhzzoyqM
BqDjCaABAKBpG++UvPG8ZM3169def2r7+wEYLdf8c/L03Pp1W7wyeddNyXaHt78nANpKAA0AAE2a
cWxy7I+TdafXr73/quTO89rfE8BoWbIgufrk1mqnbp4cfW5y+DeqAwoB6EgOIQQAgCZsfUDyyvcl
W+1b/9DBJBlYnFz6vvb3BTDabjwt2ea1ybYH168d1199kbfjW5L7rkhu/2Zyz4+SRfOHV7/lXsn2
RyTbvrb+vQEYFgE0AACMhkkbJFvtXR0y+PzXJBtsN7LPu/qTyUM/b09vAE37wZ8mx1+ZrLt1a/Xj
xifT969+rRhMHrsnmf/LZNGjydIFyZInq99fbXIyedNkva2TDV/c2tZHANQigAYAgFYd/MVkcMnK
//m48cn41ZOJ6yRrrNvak87P5c7zqwAaoFc8NSc5903J2y4ZeSg8bnz1Jd9Iv+gDoC0E0AAA0Kr1
XzD697zviuSCY0f/vgClPfTz5Jw3Jkd/x5PJAD3EIYQAANAtfnN5cvZhycAzTXcCUMZ9VyTfel3y
1G+b7gSANhFAAwBApxsaSm7+avKN1yRLn266G4CyHvxZcsarkweva7qTlfv195vuAKBrCKABAKCT
PfXb5LtvT37w7qY7ARg9j89Kztgruf5zyeDSprv5X8sWJpd9MPn+u5ruBKBr2AMaAAA60dKnktu/
mVz50WTR/Ka7ARh9yweSH/1V8stzkwNOSabt3lwvQ0PJb2Yml74vmXdHc30AdCEBNAAAdJIn70/u
+l5y7SnJU3Oa7gagebOvTf795ckOb05e8bfJpi8bvXsPLk1m/Ti57t+S+68avfsC9BABNAAANGlo
RfLoXcmcG6vg+a7vNt0RQGe64+zq19YHJDPenmxzYDJx7fbfZ8VgMu/25K7vJ7eckSyY3f57AIwh
AmgAAChlaEX1CvnyZcnAM8nix5PFjyUL5yWP3V29xj37WuEGQB33Xlr9Gj8xeeHrkun7J5vunKy7
dbLapPqft3xZ8sRvkkd+mTxwdfKr71qXAdpIAA0AAL/zpRlNdwDAcA0uSX5xTvUrSfonJJvtlmyw
XTJlWjJ5k2S1tZLxqyf9qydDy5OBxdUXgoseSRY8mDx+b/LgdcnSp5v9/wLQwwTQAAAAQPdbPpDM
vqb6BUDHGNd0AwAAAAAA9CYBNAAAAAAARQigAQAAAAAoQgANAAAAAEARAmgAAAAAAIoQQAMAAAAA
UIQAGgAAAACAIgTQAAAAAAAUIYAGAAAAAKAIATQAAAAAAEUIoAEAAAAAKEIADQAAAABAEQJoAAAA
AACKEEADAAAAAFCEABoAAAAAgCIE0AAAAAAAFCGABgAAAACgCAE0AAAAAABFCKABAAAAAChCAA0A
AAAAQBECaAAAAAAAihBAAwAAAABQhAAaAAAAAIAiBNAAAAAAABQhgAYAAAAAoAgBNAAAAAAARQig
AQAAAAAoQgANAAAAAEARAmgAAAAAAIoQQAMAAAAAUIQAGgAAAACAIgTQAAAAAAAUIYAGAAAAAKAI
ATQAAAAAAEUIoAEAAAAAKEIADQAAAABAEQJoAAAAAACKEEADAAAAAFCEABoAAAAAgCIE0AAAAAAA
FCGABgAAAACgCAE0AAAAAABFCKABAFipoaYbgOdgLull5ptOZC6BkRBAAwCwUssGm+4Ans1c0svM
N53IXAIjIYAGAGClFg003QE8m7mkl5lvOpG5BEZCAA0AwEo9ucRrt3SWoVRzCb3Kukunse4CIyWA
BgBgpQZXJI8saroL+F+PLKrmEnqVdZdOY90FRmp80w0AANDZFvz3U08bTkr6mm2FMWwoVQiywFN4
jAHWXTqBdRdoFwE0AACrtGBJsmhZsvbEZNKEZLXxQhHKG0p18NWiger1b0/gMZZYd2mCdRcoQQAN
AMCwDK5IHn0mebTpRgDGCOsuAL3AHtAAAAAAABQhgAYAAAAAoAgBNAAAKzXY1990C/As5pJeZr7p
ROYSGAkBNAAAKzV7/PpNtwDPYi7pZeabTmQugZEQQAMAsFLXrbZt0y3As5hLepn5phOZS2AkBNAA
AKzUBZN289otHWWwrz8XTNqt6TagGOsunca6C4yUABoAgJWa1792TplyaNNtwP84Zcqhmde/dtNt
QDHWXTqNdRcYqf4199nnY003AQBA57p7wqaZ3z8luy+7J+My1HQ7jFGDff351NTX5wdr7tx0K1Cc
dZdOYN0F2qVv/ZNP9qcZAACrtNHyJ/OGRTfkFcvuzhaDj2b80PKmW6LHDfb1Z/b49XPdatvmgkm7
eQKPMce6y2iz7gIlCKABAAAAACjCHtAAAAAAABQhgAYAAAAAoAgBNAAAAAAARQigAQAAAAAoQgAN
AAAAAEARAmgAAAAAAIoY33QDNG/G8tn56NKLM6Pv4UzqH0xf0w3R84aSLFo+PrcObZx/XP21ubV/
i6ZbglFl3WW0tWvdNbuMNrNLtzK7dCuzS7eSM3S2vvVPPnmo6SZozqeXnJ/jxt3iDwMaM5TkGyte
kr+beETTrcCosO7StFbXXbNL08wu3crs0q3MLt1KztB5+tfcZ5+PNd0Ezfj0kvPzdn8o0LC+JDP6
Hs6GA09k5vjtm24HirLu0glaWXfNLp3A7NKtzC7dyuzSreQMncce0GPUjOWzc9y4W5puA/7HceNu
yYzls5tuA4qx7tJphrvuml06jdmlW5ldupXZpVvJGTqHAHqM+ujSi30jSUfpSzWX0Kusu3Sa4a67
ZpdOY3bpVmaXbmV26VZyhs4hgB6jZvQ93HQL8Czmkl5mvulEw5lLs0snMrt0K7NLtzK7dCtz2RkE
0GPUpP7BpluAZzGX9DLzTScazlyaXTqR2aVbmV26ldmlW5nLziCAHqO8FkMnMpf0MvNNJxrOXJpd
OpHZpVuZXbqV2aVbmcvOIIAGAAAAAKAIATQAAAAAAEUIoAEAAAAAKEIADQAAAABAEQJoAAAAAACK
EEADAAAAAFCEABoAAAAAgCIE0AAAAAAAFCGABgAAAACgCAE0AAAAAABFCKABAAAAAChCAA0AAAAA
QBECaAAAAAAAihBAAwAAAABQhAAaAAAAAIAiBNAAAAAAABQhgAYAAAAAoAgBNAAAAAAARQigAQAA
AAAoQgANAAAAAEARAmgAAAAAAIoQQAMAAAAAUIQAGgAAAACAIgTQAAAAAAAUIYAGAAAAAKAIATQA
AAAAAEUIoAEAAAAAKEIADQAAAABAEQJoAAAAAACKEEADAAAAAFCEABoAAAAAgCIE0AAAAAAAFCGA
BgAAAACgCAE0AAAAAABFCKABAAAAAChCAA0AAAAAQBECaAAAAAAAihBAAwAAAABQhAAaAAAAAIAi
BNAAAAAAABQhgAYAAAAAoAgBNAAAAAAARQigAQAAAAAoQgANAAAAAEARAmgAAAAAAIoQQAMAAAAA
UIQAGgAAAACAIgTQAAAAAAAUIYAGAAAAAKAIATQAAAAAAEWMb7oB6Dobz0jWf0EycWoyYVIyYc1k
+bJk2cJk2dPJkw8kD9+aLH266U4BAAAAoFECaPhjNp6RbHNgMm23ZMMdkinTkvGrr7puxfJk0bzk
0buS396U3Hdlcu+l5fsFaMr2Ryav+kDS11e/dvmy5Ad/mjx8W3t7mjg1OerbyaQN69cODSWXfzi5
95L29kR3OP7KZPUpTXcxfDd/Jbn5q013wWiz7tILDvxMsuWew7t29nXJxe8t289WeycHnDL86+fe
knzvT8r1Q/d53quSgz7b/s9dMZgMLE4WP5Y8OTuZ+/MqY1g0v/33ggIE0PB/rb1l8tITkhccmmy0
U2s/1I/rTyZvWv3aap9kj/cnCx5M7vlRctuZyexr2983QJPuPC/Z4Y1VINKKI76ZnP6qZPET7evp
9f+RbH1ga7W3nikEGcs22ilZY52muxieR+9Kbjur6S5ognWXXrDe1skmLx3etZu8NFn8eHLlR8v1
M3Ht4feTJAPPlOuF7lR3hkZicGny4LXJbf+Z3PL10bkntMge0PA7G++UvOHM5MRfJq/+h+rp51bC
55WZunmy87uSE35aPVn1wsPa99kAneCC45KHbm6tdsMXJYd/o329vPofku2PaK12zvXJD97dvl6g
lOUDycV/IQAZy6y7jDV7fqj6OxVQvZ291T7JYWckJ96ZvOiopjuClRJAw1obJa/7avLOG5Kd3lbt
6VxSX1+y5V7Jmy9Mjr+q2t4DoBcMPJOc+6bqjY9WvODQZL9/GXkfLzwsefWHW6td8GBy3luSwSUj
7wNKu/kryayZTXdBk6y7jDXj+pMDP5tse0jTnUBn2WC75KjvJIednoyf2HQ38CwCaMa2Gccm77kt
edk7h7e3c7tt+erk+J9U3Od+WQAAHTNJREFUe58B9ILHZyUXHFsdzNqKV/xt9WVgqzbYvvpSsX+1
+rXLFiUXvj154r7W7w+jZf6vkpnvb7oLOoF1l7FmwhrJ4Wckm+7cdCfQWfr6kpccn7zl++UfrIOa
BNCMTeMnVj8oH3ZG9QR0o72snrz8r5J3XJOsO73ZXgDa4f6rkh/9VXUga13j+pPXfj6Ztnv92tUn
J0d+M5m0Qf3aoaHkx3+X3HdF/VoYbcuXVQdx2XqD37HuMtasuX5y9DnV+T3AH5q+X3Lol5vuAv6A
AJqxZ/XJ1TeCL3tn0tdB/wps8crkuMuSjXZouhOAkfuv/0iu+9fWaidOTY74z2TyJvXqXve1av/+
Vtx0WnLTl1qrhdF281eS31zedBd0GusuY806WyVvPK+aX+AP7XhMsuufNd0F/I8OSt9gFKw+OTnm
R9U3gp1o7S2TYy5u/Qd5gE4y8/3JXd9trXbdrZMjvjn86/f8YPLio1u7131XJBed2FotjLb5dyYz
P9B0F3Qq6y5jzaYvS448u+kuoPP09SX7nNz8G9/w3wTQjC1HfLN60riTTZmWHPXt+k+gAHSiC45N
5t7SWu1WeycHf3HV173gdcmrP9LaPR6/Nzn/mNZqYbQtX5Zc/Be23uCPs+4y1mxzUPK6f2+6C+g8
a6yT7OFLazrD+KYbgFFz4Geqk75HamgoWfBA8sxjyZInk6ULqg3+J66drD61eop5whoju8f6L6jC
8q/vM/J+AZq09Onk3Dclx1+ZTN60fv0u70nm/zK58bTn/ufrv6Da07+Vg2SXLEjOf1vy9Nz6tfS2
f51W7YtbQv9qyTuurWa3rpu+bOsNVs26y1j0sj9JnnowuerjTXcC9cy5Pjlz/z/8vQlrVtnCWhtV
50RttGOyxR7VwZt9ffU+f8ZxyeUf8uU1jRNAMza88LBktxG85rd8WXLvJclvrkju/mF12vjKTJya
bPPa6gmS7Q6vDshoxVZ7J/t8PLmixadLADrFY3cnF749efN365/I3deX7PepZP5dzz6oasKa1Zd1
rbxauGIwufjE6od++L9K/iXt4C+0Fj7Pv7PaXgGGw7rLWPTqf0ie+m21Hzp0k6VPP/t/L5xXreUP
/PR/f3/rA5PXfy2ZstnwP3uNdapc4vYaWyxBAbbgoPdNnJq89tRkXAvftyxfltxxdvLVXZNvvT65
/nN/PHxOqic77jg7+f67klO3Ta7+ZLJofmu9v/Lvks1f3lotQCeZNTO59G+ToRX1a1eblBz+9eqw
od/3+q9Vez+24rp/TW47q7VaaNXWByQve1f9uuXLkovemwwuaX9P9C7rLmPNuPHV3/u2OajpTqCM
ey9JzntL9XNBHVsfWKYfqEEATe/b5xPJ1M3r1y2cl5xzdLXAP3xba/de/ERy+YeTr70imXND/frx
E5P9/rm1ewN0mpu+nFx/amu1UzdPjvxWtS4myR4nJTu8ubXP+vX3HeLG6Ft9chWM9E+oX3vjac9+
EhWGw7rLWDNhzeQNZ7b+RQl0ugeuTmZfW69m/W3L9AI1CKDpbettm7z0T+rXzb0l+Y89kru+154+
Hr83Of1Vya1n1q993p7Jjm9tTx8ATbvkr5O7L2qtdtruyaFfqbY52rvFPR4f+UX1WjqMtv1PqX4u
qeuRXyaX/X37+2HssO4y1qy5fnLUd5KpWzTdCZRR96DZNdYr0wfUIICmt73yffUPBHz018m3Dq1C
43ZaPpBceFzyy3Pr1+7+l+3tBaBJF7wtmXd7a7Uzjv3vJ/JaOPzqmUert1oWP9HavaFV2x6SvPSE
+nWDS5OLbb1BG1h3GWvWnZ688bzq7RPoNYsfr3f9xKll+oAaBND0rjXWSV50dL2aZQurkPip35bp
KUm+947qaaY6NtvFXmZA71j8RHLum6utjlrRyg/Ry5dVe/PPu6O1e0KrJk5NDvpsa2dR3HRact+V
7e+Jsce6y1i02S7VlyfQa+quyb7IpgMIoOldOx1bf2G+8Yut7dVcx9Knk0vfl6xYXq9up7eV6Qeg
CfPvTL57fDKweHTud9XHk19dODr3gt93wL9VT+LV9cgvkss+2P5+GLusu4xF2x6SHPrlpruA9tp4
p3rXL5pfpg+oQQBN79rusHrXL5qfXP3JMr38X/deUv8woa0PaO3gIoBOdc+PkpknJUNDZe9z+7dG
b32H3/fCw5IZx9WvG1yaXGTrDQqw7tLtnppTv2bndyd7fqj9vUATNn1Z8rxX16tp9/ai0AIBNL1p
/MRk053r1dx5fvV08mi55Yx616+xbvL8/cr0AtCUG75QvX1Sym9vSr7/znKfDyuz5nrJQZ9JxvXX
r73xi8n9V7W/J0isu3S36/61/gFsSbL3x1r7QhA6ycY7JUeeXX9P/tnXlOkHahBA05um75+stla9
mjvPK9PLH7tf3QNZnr9vmV4AmnTxe5N7L23/5z79UHX41cAz7f9sWJUDP5OsvWX9unl3JJd7Uo/C
rLt0q+UDyTlHJQtm16sbNz45+AvVW6XQTTZ8cfKSt1fB8zuuTdbbpl79skXJ7d8s0xvU0MJpKNAF
NplR7/olC5LfXF6ml5VZPpDMuy3Zcq/h12zwwnL9ADTp/LcmJ1ydbLB9ez5vYHFy4fFeOaQZ2x+Z
7PjW+nWDS5OLTrT1BqPDuku3enxWcu6bkrdeVB08P1yrrZW84czkzAOSh28t1x/UsekuyYcWPvv3
+8ZVb3b39Y3s8391YfLMYyP7DGgDT0DTm9apedjPE78p08eqPHZPveunPq9MHwBNe+ax6i+T7Tgk
ZWgouewDyawfj/yzoK5JGyQH/lv1F8e6bvxC8sDV7e8Jnot1l2724M+S77+r+uKujkkbJkefk0yZ
VqYvqGtcf7LapGf/mrDGyMPnZQuTn/5Te/qEERJA05smbVDv+oUPl+ljVeoeorHmemX6AOgE8+5I
vveOkT/9+fN/T64/tT09QV0HnZpM3bx+3bzbk8s/3P5+4I+x7tLN7jyv+uKj7qGa622TvPHcZMKa
ZfqCTnHtKcn8XzXdBSQRQNOr6v4wMbCoTB+rsuw5XrX5Y8avUaYPgE7x6x9UgUirlg8k//W19vUD
dezw5uTFb6xfN7g0uei9tt6gGdZdutnPPptc/7n6ddN2T478Vvv7gU5x76XJVf/YdBfwPwTQ9Ka6
J86vWF6mj3bft+7/L4Buc/AXk812ab2+f0L1F8opm7WvJxiOyZsk+3+6tddlb/i8rTdojnWXbnfJ
X1f73Nb1wtdXBxNCr3no59U+/9BBBND0pronb09o6Mni1SbVu96J4kAv2/XPk13eM/LPWXfr6qTw
/gkj/ywYrtee2loAN+/25PIPtr8fGA7rLr3i/GOSOdfXr9vlz5JXfaD9/UBT7rsyOesgBw/ScQTQ
9KYlC+pdP2nDMn2sylqb1Lt+WUNbhQCUNn2/ZP9Pjfywld953quS13klnFGy09uS7Y6oXze4NLno
xGoLAxht1l16ycAzyXeOSh6/t15dX1+yzyeSnY4p0xeMliULkp98Ivn6Pu05XBbaTABNb3ry/nrX
T92iTB+rss5W9a6ve2ghQDdYd+vk8K+3/zCgGccmr3aoG4VNmdZ6iHfDqckDP21/T7Aq1l160VNz
knPflDzzaL26ceOTQ76UPH/fMn1BSQserLby+vJLkis+0nQ3sFLjm24Ainj0rnrXT9402WiHkR3A
0oqNdqh3/RP3lekDoCkT1kyO+na1Dpew10eTx2cld5xd5vPh4M8na21cv27e7cnlH2p/P7Aq1l16
2UM/Ty48Pjn6nHrbLK62VnLEN5OffLxcb/BcBp5Jnp676uuGViTLlyZLnqyun39ncv/VyX1XlO8R
2kAATW+698fVAX91Du170dGjG0BvuVf9J68furlMLwBNOfzryaYvK/f5v3uqacHsZPa15e7D2PTS
dyQveH39usElyQ//3NYbNMO6S6+7+4fJpX9THbDZV+Ol77U2SvY5uVxf8Fzm3Z78+8ub7gKKswUH
vempOfWfgt6+hb0bR+Ilx9e7fmhF9cMUQK/Y+2PJi44qf5+JU5MjzmpuuyV609pbJq/5p9a23rj+
1GT2Ne3vCVbFustYcdOXk2v+pX7dGuu0vxcABND0sN9cVu/6DbarnmQaDeu/INn+DfVqHr7VFhxA
79jhTcmeo7j9wNpbJkd/p/37nTJ2Hfz51g4xfvi25Ap75NIA6y5jzWUftBUMQIcQQNO7bjmjemq4
jr0+kkzaoEw/v++AU6p9xuq484IyvQCMts12SQ4+rXpNu67FjyezZrZ232m7J4ed3lot/L6d351s
e0j9usElyUUn2nqD0WfdZay68Ljkgaub7gJgzBNA07sevq3+DxtTtyj/Q/Ie76//l9YlTyb/9bUy
/QCMprU2qg75aeUV1+UDyQ/fk5xzVLXGt+LFb0z2tb8jI7Du9NZnyNYbNMG6y1i2fCA55+hk/q+a
7gRgTBNA09uu/df6NdseUh3OUsLO70r2+UT9ulu/kSyc1/5+AEbbkd9K1tumtdqf/lPyi3OSJQuS
896cLHy4tc/Z4wPJjONaq4WDv5CsuX79urm32HqDZlh3GesWzqtC6FbnF4ARE0DT2+7+YXLflfXr
ZhyXHH9Vew9OOeiz1Yng/RPq1S16JPnp/2tfHwBNOeRLyVb7tFZ753nJlR/73/89/1fJd09IBhbX
/6xx/clrP59suVdrvTB27XZisvWB9esGFicXv9fWG4w+6y5UHvlFcsGxybKFTXcCMCYJoOl9Pz6p
tR+Ut3x18o5rqn0eR2KrvZN3/DTZ/S+Tvhb+lbvqHz39DHS/3d7b+nr68K1V6PF/3fOj5LIPJEND
9T9z9cnJEf+ZrLt1az0x9qy3bbL3x1urvf5zyexr29sPrIp1F/7QrJnVPvwrBpvuBGDMEUDT+x66
Obnh863VTt08OfTLyV/cXe3dvO704dVNnJrs+JbkuMuS4y5Pttijtfvfe0ly42mt1QJ0iq0PSPb7
l6Svr37twnnJeW9Jlj793P/8+lOTm7/SWl9TpiVHf6cKRWBVDvlia3vozr0lufIj7e8H/hjrLjy3
W7+RXNXil4kAtKyFY5ChC818f7LFK6tfrVhvm2S/f05e8/+Sx++pDmFZND9Z8kSy+IlktUnJGusm
E9dJNnhhstGOyfiJI+v5ifue+8kTgG6y3rbJYWckE9aoXzu4NPn+O1d9cNAP31Ot08/ft/49Nnlp
8oYzk7MPr1/L2PHyv06e/5r6dQOLk4v+3NYbjC7rLvxxP/lEsvaWyUv9XQtgtAigGTsufHvy9stH
tq9zX1/1Q/1627avr+ey5MnkwuOSp+eWvQ9ASatPTo76djJ5k9bqr/xI8usfDO/a89+anHB1a+vz
Cw9L9v908uO/q19L79tgu2SvFp9gXr6s2oO3tNnXVK+Vg3UXhud776jedp2+X9OdAIwJAmjGjsfv
Tc55Y3LMxa29Qjtali1Mzn9b8sBPm+4EYGQOOyPZ5CWt1d56ZnLNp4Z//cJ5yXlvTY79cWtr/Cv+
pvpzotXXyuldh5yWTFy7tdqJU5ONd2pvP8/l6YfK34PuYN2F4Tv3jdXB8xvt2HQnAD3PHtCMLXOu
T75zZLLokaY7eW5LFiQXHp/c/cOmOwEYmX0+nmx/RGu1c25IftDCwVkP3Zz88E9b2+6gb1xy4L8l
0/evX0vv2uP9yZZ7Nd0FDI91F+pZ/ETynaOSp+Y03QlAzxNAM/bcd0Vy1sHJ47Oa7uQPPT03Ofuw
5M7zmu4EYGR2fEvyqr9vrfap31avdQ8uaa3+F+ckP2nxcKEJayaHf73acgE22iHZ84NNdwHDY92F
1jx2d3Xo5pIFTXcC0NME0IxND92c/PtuyZ3nN91J5f6rktP3rP4ToJtN2y05+IvJuBZ2+Rp4Jvnu
8SP/gvAnJyd3nN1a7eRNqv1TO3mrJkbHIaclq09pugtYNesujMwDP/3vJ/mXNd0JQM8SQDN2PfNY
tR3HhW9PnvhNMz0seTK54iPJGXtXe+ABdLPJmyRHnNXafrlDQ8nM9yezZranl++eUL1S3oqNdkyO
+GZ7+qA77fmhZIs9mu4CVs26C+1xx7eTyz9c/XsBQNsJoOHWbyRfeFFy1T8mCx4cnXsOLK4OevnS
S5KffGJ07glQUv+E5MhvJetu3Vr9z7+a3PCF9vUzuCQ5782tr+vbHJS89vPt64fusclLkld9oOku
YNWsu9Be1346uem0prsA6EkCaEiqH5iv/FjyuenJRScms69p7TCVVVnwYPKzzyZffFFy4XHJk/e3
/x4ATTj4i60f1vbA1cnF721vP0nyxH3JBccmyxa2Vr/rnye7/0V7e6LzHXJastpaTXcBq2bdhfa7
6MTk1z9ouguAniOAht+3fCC58YvJf7wqOXXb6jWse35UHc7SioFnkrn/ldz8leQ/D0r+bYvkkr+u
fjgH6BW7/2Xy0j9prfbJ+5Pz3lrmS7+k2lv/kr9OhlbUr+3rS/b7l+QFh7a/LzrT3h9Lpu3edBew
atZdKOf8tya/vanpLgB6St/6J59sk6MxaP6yDzfdQvdZb9vqtdx1pydTpiWrTU4mrJGMn5isGKy2
1RhcnCx8OFkwO3n01+WepO5hG6x2ctMtQBHWXTrVqtZds0unMrt0K7NLtzK7dCs5Q/NaOCoZxqjH
7q5+AQAAAADDYgsOAAAAAACKEEADAAAAAFCEABoAAAAAgCIE0AAAAAAAFCGABgAAAACgCAE0AAAA
AABFCKABAAAAAChCAA0AAAAAQBECaAAAAAAAihBAAwAAAABQhAAaAAAAAIAiBNAAAAAAABQhgAYA
AAAAoAgBNAAAAAAARQigAQAAAAAoQgANAAAAAEARAmgAAAAAAIoQQAMAAAAAUIQAGgAAAACAIgTQ
AAAAAAAUIYAGAAAAAKAIATQAAAAAAEUIoAEAAAAAKEIADQAAAABAEQJoAAAAAACKEEADAAAAAFCE
ABoAAAAAgCIE0AAAAAAAFCGABgAAAACgCAE0AAAAAABFCKABAAAAAChCAA0AAAAAQBECaAAAAAAA
ihBAAwAAAABQhAAaAAAAAIAiBNAAAAAAABQhgAYAAAAAoAgBNAAAAAAARQigAQAAAAAoQgANAAAA
AEARAmgAAAAAAIoQQAMAAAAAUIQAeowaaroBeA7mkl5mvulEw5lLs0snMrt0K7NLtzK7dCtz2RkE
0GPUssGmO4BnM5f0MvNNJxrOXJpdOpHZpVuZXbqV2aVbmcvOIIAeoxYNNN0BPJu5pJeZbzrRcObS
7NKJzC7dyuzSrcwu3cpcdgYB9Bj15BKvIdBZhlLNJfQq6y6dZrjrrtml05hdupXZpVuZXbqVnKFz
CKDHqMEVySOLmu4C/tcji6q5hF5l3aXTDHfdNbt0GrNLtzK7dCuzS7eSM3SO8U03QHMW/Pe3QBtO
SvqabYUxbCjVHwoLfCvJGGDdpRO0su6aXTqB2aVbmV26ldmlW8kZOo8AeoxbsCRZtCxZe2IyaUKy
2nh/SFDeUKqDABYNVK/D+EaSscS6SxPase6aXZpgdulWZpduZXbpVnKGziaAJoMrkkefSR5tuhGA
McK6S7cyu3Qrs0u3Mrt0K7ML/D57QAMAAAAAUIQAGgAAAACAIgTQY9RgX3/TLcCzmEt6mfmmEw1n
Ls0uncjs0q3MLt3K7NKtzGVnEECPUbPHr990C/As5pJeZr7pRMOZS7NLJzK7dCuzS7cyu3Qrc9kZ
BNBj1HWrbdt0C/As5pJeZr7pRMOZS7NLJzK7dCuzS7cyu3Qrc9kZBNBj1AWTdvMaAh1lsK8/F0za
rek2oBjrLp1muOuu2aXTmF26ldmlW5ldupWcoXMIoMeoef1r55QphzbdBvyPU6Ycmnn9azfdBhRj
3aXTDHfdNbt0GrNLtzK7dCuzS7eSM3SO/jX32edjTTdBM+6esGnm90/J7svuybgMNd0OY9RgX38+
NfX1+cGaOzfdChRn3aUTtLLuml06gdmlW5ldupXZpVvJGTpP3/onn2xFGOM2Wv5k3rDohrxi2d3Z
YvDRjB9a3nRL9LjBvv7MHr9+rltt21wwaTffSDLmWHcZbe1ad80uo83s0q3MLt3K7NKt5AydTQAN
AAAAAEAR9oAGAAAAAKAIATQAAAAAAEUIoAEAAAAAKEIADQAAAABAEQJoAAAAAACKEEADAAAAAFCE
ABoAAAAAgCIE0AAAAAAAFCGABgAAAACgCAE0AAAAAABFCKABAAAAAChCAA0AAAAAQBECaAAAAAAA
ihBAAwAAAABQhAAaAAAAAIAiBNAAAAAAABQhgAYAAAAAoAgBNAAAAAAARQigAQAAAAAoQgANAAAA
AEARAmgAAAAAAIoQQAMAAAAAUIQAGgAAAACAIgTQAAAAAAAUIYAGAAAAAKAIATQAAAAAAEUIoAEA
AAAAKEIADQAAAABAEQJoAAAAAACKEEADAAAAAFCEABoAAAAAgCIE0AAAAAAAFCGABgAAAACgCAE0
AAAAAABFCKABAAAAAChCAA0AAAAAQBECaAAAAAAAihBAAwAAAABQhAAaAAAAAIAiBNAAAAAAABQh
gAYAAAAAoAgBNAAAAAAARfQlGWq6CQAAAAAAeo8noAEAAAAAKEIADQAAAABAEQJoAAAAAACKEEAD
AAAAAFCEABoAAAAAgCIE0AAAAAAAFCGABgAAAACgCAE0AAAAAABFCKABAAAAAChCAA0AAAAAQBEC
aAAAAAAAihBAAwAAAABQhAAaAAAAAIAiBNAAAAAAABQhgAYAAAAAoAgBNAAAAAAARQigAQAAAAAo
QgANAAAAAEARAmgAAAAAAIoQQAMAAAAAUIQAGgAAAACAIgTQAAAAAAAUIYAGAAAAAKAIATQAAAAA
AEUIoAEAAAAAKEIADQAAAABAEQJoAAAAAACKEEADAAAAAFCEABoAAAAAgCIE0AAAAAAAFCGABgAA
AACgCAE0AAAAAABFCKABAAAAAChCAA0AAAAAQBHjm24AAOgd06ZNywknnJD99tsv06dPz4QJE5pu
CYBhGBgYyKxZszJz5sycfvrpmTNnTtMtAQA9oi/JUNNNAADd75hjjsmnPvUpoTNAlxsYGMhJJ52U
s846q+lWAIAe0J/kY003AQB0t2OOOSaf+cxn0t/f33QrAIxQf39/DjzwwMydOze333570+0AAF3O
E9AAwIhMmzYtN954oyefAXrMwMBAdt11V9txAAAj4hBCAGBETjjhBOEzQA+aMGFCTjjhhKbbAAC6
nAAaABiR/fbbr+kWACjEGg8AjJQtOACAEXnooYc8AQ3QowYGBrLppps23QYA0MU8AQ0AAAAAQBEC
aABgRGbNmtV0CwAUYo0HAEZKAA0AjMjMmTObbgGAQqzxAMBI2QMaABiRadOm5cYbb7QPNECPGRgY
yK677po5c+Y03QoA0MU8AQ0AjMicOXNy0kknNd0GAG120kknCZ8BgBHrT/KxppsAALrb7bffnrlz
52bfffdNf39/0+0AMAIDAwN53/vel7POOqvpVgCAHmALDgCgbaZNm5YTTjgh++23X6ZPn25bDoAu
MTAwkFmzZmXmzJk5/fTTPfkMALSNABoAAAAAgCLsAQ0AAAAAQBECaAAAAAAAihBAAwAAAABQhAAa
AAAAAIAiBNAAAAAAABQhgAYAAAAAoAgBNAAAAAAARQigAQAAAAAoQgANAAAAAEARAmgAAAAAAIoQ
QAMAAAAAUIQAGgAAAACAIgTQAAAAAAAUIYAGAAAAAKAIATQAAAAAAEUIoAEAAAAAKEIADQAAAABA
EQJoAAAAAACKEEADAAAAAFCEABoAAAAAgCIE0AAAAAAAFCGABgAAAACgCAE0AAAAAABFCKABAAAA
AChCAA0AAAAAQBECaAAAAAAAihBAAwAAAABQhAAaAAAAAIAiBNAAAAAAABQhgAYAAAAAoAgBNAAA
AAAARQigAQAAAAAoQgANAAAAAEARAmgAAAAAAIr4/5wah20OU9uuAAAAAElFTkSuQmCC
" width="800px"&gt;</msg>
<status status="PASS" starttime="20230811 16:27:11.560" endtime="20230811 16:27:12.303"/>
</kw>
<kw name="Close Application" library="AppiumLibrary">
<doc>Closes the current application and also close webdriver session.</doc>
<status status="PASS" starttime="20230811 16:27:12.303" endtime="20230811 16:27:13.487"/>
</kw>
<status status="PASS" starttime="20230811 16:27:11.560" endtime="20230811 16:27:13.488"/>
</kw>
<status status="FAIL" starttime="20230811 16:26:39.355" endtime="20230811 16:27:13.488">ValueError: Element locator '//android.widget.Button[@text='U']' did not match any elements.</status>
</test>
<doc>Go to the 'Pokedex' app and test the radio buttons
In the Pokedex app
the user validates the functioning of coins</doc>
<status status="FAIL" starttime="20230811 16:26:38.979" endtime="20230811 16:27:13.488"/>
</suite>
<statistics>
<total>
<stat pass="0" fail="1" skip="0">All Tests</stat>
</total>
<tag>
</tag>
<suite>
<stat pass="0" fail="1" skip="0" id="s1" name="Test Coins">Test Coins</stat>
</suite>
</statistics>
<errors>
</errors>
</robot>
